2025-04-09 12:36:26,501 - ============================== args ==============================
2025-04-09 12:36:26,501 - dataset: FakeTT
2025-04-09 12:36:26,501 - model: KDSGAT-FNVD
2025-04-09 12:36:26,501 - mode: both
2025-04-09 12:36:26,501 - ============================== End args ==============================
2025-04-09 12:36:26,501 - ============================== config ==============================
2025-04-09 12:36:26,501 - FakeSV_dataset_dir: ./data/FakeSV/
2025-04-09 12:36:26,501 - FakeTT_dataset_dir: ./data/FakeTT/
2025-04-09 12:36:26,501 - SGAT_edge_feats: 768
2025-04-09 12:36:26,501 - SGAT_n_layers: 2
2025-04-09 12:36:26,501 - SGAT_node_feats: 768
2025-04-09 12:36:26,502 - SGAT_num_heads: 2
2025-04-09 12:36:26,502 - SGAT_out_feats: 128
2025-04-09 12:36:26,502 - att_dropout: 0.1
2025-04-09 12:36:26,502 - att_num_heads: 2
2025-04-09 12:36:26,502 - audio_dim: 1024
2025-04-09 12:36:26,502 - audio_fea_path: audio_fea/
2025-04-09 12:36:26,502 - author_intro_max_length: 50
2025-04-09 12:36:26,502 - batch_size: 32
2025-04-09 12:36:26,502 - bert_dir: ./bert-base-multilingual-uncased/
2025-04-09 12:36:26,502 - classifier_hidden_dim: 512
2025-04-09 12:36:26,502 - data_json_path: data.json
2025-04-09 12:36:26,502 - decayRate: 0.96
2025-04-09 12:36:26,502 - device: cuda
2025-04-09 12:36:26,502 - epoch: 20
2025-04-09 12:36:26,502 - f_dropout: 0.1
2025-04-09 12:36:26,502 - fea_dim: 128
2025-04-09 12:36:26,502 - img_dim: 768
2025-04-09 12:36:26,502 - keyframes_fea_path: keyframes_fea/
2025-04-09 12:36:26,502 - keyframes_max_num: 10
2025-04-09 12:36:26,502 - lr: 5e-05
2025-04-09 12:36:26,502 - model_saved_path: ./best_model/
2025-04-09 12:36:26,502 - num_classes: 2
2025-04-09 12:36:26,502 - patience: 3
2025-04-09 12:36:26,502 - scene_graph_path: scene_graph/
2025-04-09 12:36:26,502 - seed: random
2025-04-09 12:36:26,502 - test_dataset: data_split/vid_time3_test.txt
2025-04-09 12:36:26,502 - text_dim: 768
2025-04-09 12:36:26,502 - text_fea_path: text_fea/
2025-04-09 12:36:26,502 - text_max_length: 200
2025-04-09 12:36:26,502 - train_dataset: data_split/vid_time3_train.txt
2025-04-09 12:36:26,502 - user_fea_path: user_fea/
2025-04-09 12:36:26,502 - val_dataset: data_split/vid_time3_val.txt
2025-04-09 12:36:26,502 - ============================== End config ==============================
2025-04-09 12:36:28,135 - total number of parameters:169476610
2025-04-09 12:36:28,138 - -----------Epoch:0-----------
2025-04-09 12:36:28,854 - epoch: 0, step: 0, loss: 0.6762, acc: 0.5891
2025-04-09 12:36:33,104 - epoch: 0, step: 10, loss: 0.5795, acc: 0.5833
2025-04-09 12:36:37,143 - epoch: 0, step: 20, loss: 0.5703, acc: 0.7024
2025-04-09 12:36:41,398 - epoch: 0, step: 30, loss: 0.4159, acc: 0.7302
2025-04-09 12:36:45,561 - epoch: 0, step: 40, loss: 0.3960, acc: 0.7659
2025-04-09 12:36:46,621 - train_loss:0.52109 train_acc:0.675
2025-04-09 12:36:48,782 - val_loss:0.52779 val_acc:0.728 

2025-04-09 12:36:50,147 - save model,acc:0.728
2025-04-09 12:36:50,147 - -----------Epoch:1-----------
2025-04-09 12:36:50,764 - epoch: 1, step: 0, loss: 0.3777, acc: 0.8125
2025-04-09 12:36:55,002 - epoch: 1, step: 10, loss: 0.3978, acc: 0.8125
2025-04-09 12:36:59,015 - epoch: 1, step: 20, loss: 0.4511, acc: 0.8045
2025-04-09 12:37:03,221 - epoch: 1, step: 30, loss: 0.2579, acc: 0.8542
2025-04-09 12:37:07,204 - epoch: 1, step: 40, loss: 0.2091, acc: 0.8773
2025-04-09 12:37:08,426 - train_loss:0.31196 train_acc:0.856
2025-04-09 12:37:10,573 - val_loss:0.43085 val_acc:0.817 

2025-04-09 12:37:11,942 - save model,acc:0.817
2025-04-09 12:37:11,942 - -----------Epoch:2-----------
2025-04-09 12:37:12,356 - epoch: 2, step: 0, loss: 0.2179, acc: 0.9000
2025-04-09 12:37:16,525 - epoch: 2, step: 10, loss: 0.1433, acc: 0.9000
2025-04-09 12:37:20,546 - epoch: 2, step: 20, loss: 0.1408, acc: 0.9231
2025-04-09 12:37:24,859 - epoch: 2, step: 30, loss: 0.1782, acc: 0.8886
2025-04-09 12:37:28,835 - epoch: 2, step: 40, loss: 0.2120, acc: 0.8671
2025-04-09 12:37:30,014 - train_loss:0.19641 train_acc:0.914
2025-04-09 12:37:32,321 - val_loss:0.49101 val_acc:0.789 

2025-04-09 12:37:32,321 - -----------Epoch:3-----------
2025-04-09 12:37:32,719 - epoch: 3, step: 0, loss: 0.1664, acc: 0.9444
2025-04-09 12:37:36,868 - epoch: 3, step: 10, loss: 0.0508, acc: 1.0000
2025-04-09 12:37:40,893 - epoch: 3, step: 20, loss: 0.1125, acc: 0.9762
2025-04-09 12:37:45,115 - epoch: 3, step: 30, loss: 0.0938, acc: 0.9500
2025-04-09 12:37:49,234 - epoch: 3, step: 40, loss: 0.1578, acc: 0.9565
2025-04-09 12:37:50,299 - train_loss:0.13811 train_acc:0.947
2025-04-09 12:37:52,621 - val_loss:0.49762 val_acc:0.810 

2025-04-09 12:37:52,622 - -----------Epoch:4-----------
2025-04-09 12:37:53,018 - epoch: 4, step: 0, loss: 0.1056, acc: 1.0000
2025-04-09 12:37:57,152 - epoch: 4, step: 10, loss: 0.2307, acc: 0.9500
2025-04-09 12:38:01,143 - epoch: 4, step: 20, loss: 0.1485, acc: 0.9808
2025-04-09 12:38:05,313 - epoch: 4, step: 30, loss: 0.0247, acc: 1.0000
2025-04-09 12:38:09,459 - epoch: 4, step: 40, loss: 0.0790, acc: 0.9773
2025-04-09 12:38:10,527 - train_loss:0.10477 train_acc:0.961
2025-04-09 12:38:12,825 - val_loss:0.54749 val_acc:0.785 

2025-04-09 12:38:15,708 - --------------------- test results-------------------------------
2025-04-09 12:38:15,708 - acc:0.82179296  prec:[0.91812867 0.6640625 ]  rec:[0.785      0.85858583]  f1:[0.84636116 0.7488987 ]
2025-04-09 12:38:15,708 - confusion: 
[[157  43]
 [ 14  85]]
2025-04-09 12:38:15,766 - the running time is: 107.6 s
