2025-04-09 06:47:09,218 - ============================== args ==============================
2025-04-09 06:47:09,218 - dataset: FakeTT
2025-04-09 06:47:09,218 - model: KDSGAT-FNVD
2025-04-09 06:47:09,218 - mode: both
2025-04-09 06:47:09,218 - ============================== End args ==============================
2025-04-09 06:47:09,218 - ============================== config ==============================
2025-04-09 06:47:09,219 - FakeSV_dataset_dir: ./data/FakeSV/
2025-04-09 06:47:09,219 - FakeTT_dataset_dir: ./data/FakeTT/
2025-04-09 06:47:09,219 - SGAT_edge_feats: 768
2025-04-09 06:47:09,219 - SGAT_n_layers: 2
2025-04-09 06:47:09,219 - SGAT_node_feats: 768
2025-04-09 06:47:09,219 - SGAT_num_heads: 2
2025-04-09 06:47:09,219 - SGAT_out_feats: 128
2025-04-09 06:47:09,219 - att_dropout: 0.1
2025-04-09 06:47:09,219 - att_num_heads: 2
2025-04-09 06:47:09,219 - audio_dim: 1024
2025-04-09 06:47:09,219 - audio_fea_path: audio_fea/
2025-04-09 06:47:09,219 - author_intro_max_length: 50
2025-04-09 06:47:09,219 - batch_size: 32
2025-04-09 06:47:09,219 - bert_dir: ./bert-base-multilingual-uncased/
2025-04-09 06:47:09,219 - classifier_hidden_dim: 512
2025-04-09 06:47:09,219 - data_json_path: data.json
2025-04-09 06:47:09,219 - decayRate: 0.96
2025-04-09 06:47:09,219 - device: cuda
2025-04-09 06:47:09,219 - epoch: 20
2025-04-09 06:47:09,219 - f_dropout: 0.1
2025-04-09 06:47:09,219 - fea_dim: 128
2025-04-09 06:47:09,219 - img_dim: 768
2025-04-09 06:47:09,219 - keyframes_fea_path: keyframes_fea/
2025-04-09 06:47:09,219 - keyframes_max_num: 10
2025-04-09 06:47:09,219 - lr: 5e-05
2025-04-09 06:47:09,219 - model_saved_path: ./best_model/
2025-04-09 06:47:09,219 - num_classes: 2
2025-04-09 06:47:09,219 - patience: 3
2025-04-09 06:47:09,219 - scene_graph_path: scene_graph/
2025-04-09 06:47:09,219 - seed: random
2025-04-09 06:47:09,219 - test_dataset: data_split/vid_time3_test.txt
2025-04-09 06:47:09,219 - text_dim: 768
2025-04-09 06:47:09,219 - text_fea_path: text_fea/
2025-04-09 06:47:09,220 - text_max_length: 200
2025-04-09 06:47:09,220 - train_dataset: data_split/vid_time3_train.txt
2025-04-09 06:47:09,220 - user_fea_path: user_fea/
2025-04-09 06:47:09,220 - val_dataset: data_split/vid_time3_val.txt
2025-04-09 06:47:09,220 - ============================== End config ==============================
2025-04-09 06:47:10,411 - total number of parameters:169476610
2025-04-09 06:47:10,414 - -----------Epoch:0-----------
2025-04-09 06:47:11,043 - epoch: 0, step: 0, loss: 0.7253, acc: 0.4375
2025-04-09 06:47:15,226 - epoch: 0, step: 10, loss: 0.6502, acc: 0.5000
2025-04-09 06:47:19,308 - epoch: 0, step: 20, loss: 0.6177, acc: 0.5500
2025-04-09 06:47:23,457 - epoch: 0, step: 30, loss: 0.6813, acc: 0.5364
2025-04-09 06:47:27,446 - epoch: 0, step: 40, loss: 0.4949, acc: 0.7318
2025-04-09 06:47:28,660 - train_loss:0.61518 train_acc:0.552
2025-04-09 06:47:30,967 - val_loss:0.52396 val_acc:0.751 

2025-04-09 06:47:32,077 - save model,acc:0.751
2025-04-09 06:47:32,077 - -----------Epoch:1-----------
2025-04-09 06:47:32,486 - epoch: 1, step: 0, loss: 0.3055, acc: 0.7773
2025-04-09 06:47:36,678 - epoch: 1, step: 10, loss: 0.5967, acc: 0.6039
2025-04-09 06:47:40,774 - epoch: 1, step: 20, loss: 0.3755, acc: 0.7771
2025-04-09 06:47:44,908 - epoch: 1, step: 30, loss: 0.5535, acc: 0.7672
2025-04-09 06:47:48,919 - epoch: 1, step: 40, loss: 0.2359, acc: 0.9273
2025-04-09 06:47:50,139 - train_loss:0.43283 train_acc:0.779
2025-04-09 06:47:52,317 - val_loss:0.51061 val_acc:0.773 

2025-04-09 06:47:53,420 - save model,acc:0.773
2025-04-09 06:47:53,420 - -----------Epoch:2-----------
2025-04-09 06:47:53,852 - epoch: 2, step: 0, loss: 0.2945, acc: 0.8355
2025-04-09 06:47:58,037 - epoch: 2, step: 10, loss: 0.3004, acc: 0.9200
2025-04-09 06:48:02,066 - epoch: 2, step: 20, loss: 0.2203, acc: 0.9400
2025-04-09 06:48:06,140 - epoch: 2, step: 30, loss: 0.2006, acc: 0.8773
2025-04-09 06:48:10,120 - epoch: 2, step: 40, loss: 0.4536, acc: 0.8417
2025-04-09 06:48:11,388 - train_loss:0.29155 train_acc:0.873
2025-04-09 06:48:13,593 - val_loss:0.45430 val_acc:0.805 

2025-04-09 06:48:14,698 - save model,acc:0.805
2025-04-09 06:48:14,699 - -----------Epoch:3-----------
2025-04-09 06:48:15,117 - epoch: 3, step: 0, loss: 0.3205, acc: 0.8091
2025-04-09 06:48:19,333 - epoch: 3, step: 10, loss: 0.2980, acc: 0.8077
2025-04-09 06:48:23,400 - epoch: 3, step: 20, loss: 0.1770, acc: 0.8853
2025-04-09 06:48:27,512 - epoch: 3, step: 30, loss: 0.2740, acc: 0.9167
2025-04-09 06:48:31,514 - epoch: 3, step: 40, loss: 0.2740, acc: 0.8214
2025-04-09 06:48:32,717 - train_loss:0.22149 train_acc:0.893
2025-04-09 06:48:34,903 - val_loss:0.43694 val_acc:0.781 

2025-04-09 06:48:34,903 - -----------Epoch:4-----------
2025-04-09 06:48:35,296 - epoch: 4, step: 0, loss: 0.1267, acc: 0.9762
2025-04-09 06:48:39,436 - epoch: 4, step: 10, loss: 0.0417, acc: 0.9583
2025-04-09 06:48:43,557 - epoch: 4, step: 20, loss: 0.1208, acc: 0.9600
2025-04-09 06:48:47,662 - epoch: 4, step: 30, loss: 0.2972, acc: 0.8792
2025-04-09 06:48:51,921 - epoch: 4, step: 40, loss: 0.0590, acc: 0.9500
2025-04-09 06:48:52,996 - train_loss:0.14635 train_acc:0.935
2025-04-09 06:48:55,177 - val_loss:0.59742 val_acc:0.809 

2025-04-09 06:48:56,267 - save model,acc:0.809
2025-04-09 06:48:56,267 - -----------Epoch:5-----------
2025-04-09 06:48:56,684 - epoch: 5, step: 0, loss: 0.0640, acc: 1.0000
2025-04-09 06:49:00,882 - epoch: 5, step: 10, loss: 0.1241, acc: 0.9524
2025-04-09 06:49:04,921 - epoch: 5, step: 20, loss: 0.0876, acc: 0.9762
2025-04-09 06:49:09,038 - epoch: 5, step: 30, loss: 0.0536, acc: 0.9375
2025-04-09 06:49:13,148 - epoch: 5, step: 40, loss: 0.0423, acc: 0.9667
2025-04-09 06:49:14,223 - train_loss:0.09630 train_acc:0.969
2025-04-09 06:49:16,403 - val_loss:0.58409 val_acc:0.813 

2025-04-09 06:49:17,505 - save model,acc:0.813
2025-04-09 06:49:17,505 - -----------Epoch:6-----------
2025-04-09 06:49:17,914 - epoch: 6, step: 0, loss: 0.1861, acc: 0.9444
2025-04-09 06:49:22,120 - epoch: 6, step: 10, loss: 0.1475, acc: 0.9474
2025-04-09 06:49:26,238 - epoch: 6, step: 20, loss: 0.0232, acc: 1.0000
2025-04-09 06:49:30,219 - epoch: 6, step: 30, loss: 0.1165, acc: 0.9373
2025-04-09 06:49:34,457 - epoch: 6, step: 40, loss: 0.0279, acc: 1.0000
2025-04-09 06:49:35,538 - train_loss:0.06818 train_acc:0.979
2025-04-09 06:49:37,733 - val_loss:0.68625 val_acc:0.805 

2025-04-09 06:49:37,734 - -----------Epoch:7-----------
2025-04-09 06:49:38,145 - epoch: 7, step: 0, loss: 0.0164, acc: 1.0000
2025-04-09 06:49:42,433 - epoch: 7, step: 10, loss: 0.0542, acc: 0.9792
2025-04-09 06:49:46,580 - epoch: 7, step: 20, loss: 0.0316, acc: 1.0000
2025-04-09 06:49:50,564 - epoch: 7, step: 30, loss: 0.0072, acc: 1.0000
2025-04-09 06:49:54,719 - epoch: 7, step: 40, loss: 0.0109, acc: 1.0000
2025-04-09 06:49:55,772 - train_loss:0.03321 train_acc:0.995
2025-04-09 06:49:57,976 - val_loss:0.87137 val_acc:0.802 

2025-04-09 06:49:57,976 - -----------Epoch:8-----------
2025-04-09 06:49:58,382 - epoch: 8, step: 0, loss: 0.0034, acc: 1.0000
2025-04-09 06:50:02,564 - epoch: 8, step: 10, loss: 0.0067, acc: 1.0000
2025-04-09 06:50:06,819 - epoch: 8, step: 20, loss: 0.0066, acc: 1.0000
2025-04-09 06:50:10,833 - epoch: 8, step: 30, loss: 0.1474, acc: 0.9307
2025-04-09 06:50:15,080 - epoch: 8, step: 40, loss: 0.0073, acc: 1.0000
2025-04-09 06:50:16,147 - train_loss:0.03121 train_acc:0.990
2025-04-09 06:50:18,475 - val_loss:0.74864 val_acc:0.824 

2025-04-09 06:50:19,620 - save model,acc:0.824
2025-04-09 06:50:19,620 - -----------Epoch:9-----------
2025-04-09 06:50:20,049 - epoch: 9, step: 0, loss: 0.0590, acc: 0.9750
2025-04-09 06:50:24,242 - epoch: 9, step: 10, loss: 0.0106, acc: 1.0000
2025-04-09 06:50:28,417 - epoch: 9, step: 20, loss: 0.0110, acc: 1.0000
2025-04-09 06:50:32,548 - epoch: 9, step: 30, loss: 0.0150, acc: 1.0000
2025-04-09 06:50:36,582 - epoch: 9, step: 40, loss: 0.0069, acc: 1.0000
2025-04-09 06:50:37,654 - train_loss:0.02846 train_acc:0.993
2025-04-09 06:50:39,956 - val_loss:0.77871 val_acc:0.802 

2025-04-09 06:50:39,956 - -----------Epoch:10-----------
2025-04-09 06:50:40,353 - epoch: 10, step: 0, loss: 0.0104, acc: 1.0000
2025-04-09 06:50:44,397 - epoch: 10, step: 10, loss: 0.0023, acc: 1.0000
2025-04-09 06:50:48,577 - epoch: 10, step: 20, loss: 0.0264, acc: 1.0000
2025-04-09 06:50:52,739 - epoch: 10, step: 30, loss: 0.0052, acc: 1.0000
2025-04-09 06:50:56,866 - epoch: 10, step: 40, loss: 0.0040, acc: 1.0000
2025-04-09 06:50:57,924 - train_loss:0.02365 train_acc:0.994
2025-04-09 06:51:00,223 - val_loss:0.86149 val_acc:0.789 

2025-04-09 06:51:00,223 - -----------Epoch:11-----------
2025-04-09 06:51:00,619 - epoch: 11, step: 0, loss: 0.0031, acc: 1.0000
2025-04-09 06:51:04,770 - epoch: 11, step: 10, loss: 0.0021, acc: 1.0000
2025-04-09 06:51:08,894 - epoch: 11, step: 20, loss: 0.0098, acc: 1.0000
2025-04-09 06:51:13,043 - epoch: 11, step: 30, loss: 0.0077, acc: 1.0000
2025-04-09 06:51:17,098 - epoch: 11, step: 40, loss: 0.0031, acc: 1.0000
2025-04-09 06:51:18,164 - train_loss:0.01379 train_acc:0.996
2025-04-09 06:51:20,459 - val_loss:0.89061 val_acc:0.809 

2025-04-09 06:51:22,970 - --------------------- test results-------------------------------
2025-04-09 06:51:22,970 - acc:0.82434344  prec:[0.9230769 0.6615385]  rec:[0.78       0.86868685]  f1:[0.8455285 0.7510917]
2025-04-09 06:51:22,970 - confusion: 
[[156  44]
 [ 13  86]]
2025-04-09 06:51:23,026 - the running time is: 252.6 s
