2025-04-09 10:42:05,027 - ============================== args ==============================
2025-04-09 10:42:05,027 - dataset: FakeTT
2025-04-09 10:42:05,027 - model: KDSGAT-FNVD
2025-04-09 10:42:05,027 - mode: both
2025-04-09 10:42:05,027 - ============================== End args ==============================
2025-04-09 10:42:05,027 - ============================== config ==============================
2025-04-09 10:42:05,027 - FakeSV_dataset_dir: ./data/FakeSV/
2025-04-09 10:42:05,027 - FakeTT_dataset_dir: ./data/FakeTT/
2025-04-09 10:42:05,027 - SGAT_edge_feats: 768
2025-04-09 10:42:05,027 - SGAT_n_layers: 2
2025-04-09 10:42:05,027 - SGAT_node_feats: 768
2025-04-09 10:42:05,027 - SGAT_num_heads: 2
2025-04-09 10:42:05,027 - SGAT_out_feats: 128
2025-04-09 10:42:05,027 - att_dropout: 0.1
2025-04-09 10:42:05,027 - att_num_heads: 2
2025-04-09 10:42:05,027 - audio_dim: 1024
2025-04-09 10:42:05,027 - audio_fea_path: audio_fea/
2025-04-09 10:42:05,027 - author_intro_max_length: 50
2025-04-09 10:42:05,027 - batch_size: 32
2025-04-09 10:42:05,027 - bert_dir: ./bert-base-multilingual-uncased/
2025-04-09 10:42:05,027 - classifier_hidden_dim: 512
2025-04-09 10:42:05,027 - data_json_path: data.json
2025-04-09 10:42:05,027 - decayRate: 0.96
2025-04-09 10:42:05,028 - device: cuda
2025-04-09 10:42:05,028 - epoch: 20
2025-04-09 10:42:05,028 - f_dropout: 0.1
2025-04-09 10:42:05,028 - fea_dim: 128
2025-04-09 10:42:05,028 - img_dim: 768
2025-04-09 10:42:05,028 - keyframes_fea_path: keyframes_fea/
2025-04-09 10:42:05,028 - keyframes_max_num: 10
2025-04-09 10:42:05,028 - lr: 5e-05
2025-04-09 10:42:05,028 - model_saved_path: ./best_model/
2025-04-09 10:42:05,028 - num_classes: 2
2025-04-09 10:42:05,028 - patience: 3
2025-04-09 10:42:05,028 - scene_graph_path: scene_graph/
2025-04-09 10:42:05,028 - seed: random
2025-04-09 10:42:05,028 - test_dataset: data_split/vid_time3_test.txt
2025-04-09 10:42:05,028 - text_dim: 768
2025-04-09 10:42:05,028 - text_fea_path: text_fea/
2025-04-09 10:42:05,028 - text_max_length: 200
2025-04-09 10:42:05,028 - train_dataset: data_split/vid_time3_train.txt
2025-04-09 10:42:05,028 - user_fea_path: user_fea/
2025-04-09 10:42:05,028 - val_dataset: data_split/vid_time3_val.txt
2025-04-09 10:42:05,028 - ============================== End config ==============================
2025-04-09 10:42:06,722 - total number of parameters:169476610
2025-04-09 10:42:06,727 - -----------Epoch:0-----------
2025-04-09 10:42:07,495 - epoch: 0, step: 0, loss: 0.8129, acc: 0.5000
2025-04-09 10:42:11,922 - epoch: 0, step: 10, loss: 0.6043, acc: 0.5417
2025-04-09 10:42:16,004 - epoch: 0, step: 20, loss: 0.8244, acc: 0.5966
2025-04-09 10:42:20,361 - epoch: 0, step: 30, loss: 0.5962, acc: 0.6691
2025-04-09 10:42:24,428 - epoch: 0, step: 40, loss: 0.2484, acc: 0.9273
2025-04-09 10:42:25,682 - train_loss:0.54500 train_acc:0.652
2025-04-09 10:42:27,914 - val_loss:0.53074 val_acc:0.742 

2025-04-09 10:42:29,207 - save model,acc:0.742
2025-04-09 10:42:29,207 - -----------Epoch:1-----------
2025-04-09 10:42:29,762 - epoch: 1, step: 0, loss: 0.4297, acc: 0.6917
2025-04-09 10:42:33,941 - epoch: 1, step: 10, loss: 0.4882, acc: 0.8182
2025-04-09 10:42:37,958 - epoch: 1, step: 20, loss: 0.1599, acc: 0.9444
2025-04-09 10:42:42,227 - epoch: 1, step: 30, loss: 0.5329, acc: 0.7118
2025-04-09 10:42:46,308 - epoch: 1, step: 40, loss: 0.4136, acc: 0.7343
2025-04-09 10:42:47,521 - train_loss:0.35493 train_acc:0.819
2025-04-09 10:42:49,739 - val_loss:0.68034 val_acc:0.715 

2025-04-09 10:42:49,739 - -----------Epoch:2-----------
2025-04-09 10:42:50,295 - epoch: 2, step: 0, loss: 0.5291, acc: 0.7500
2025-04-09 10:42:54,512 - epoch: 2, step: 10, loss: 0.1206, acc: 0.9444
2025-04-09 10:42:58,575 - epoch: 2, step: 20, loss: 0.0616, acc: 1.0000
2025-04-09 10:43:02,827 - epoch: 2, step: 30, loss: 0.1565, acc: 0.9167
2025-04-09 10:43:06,915 - epoch: 2, step: 40, loss: 0.2540, acc: 0.9083
2025-04-09 10:43:08,125 - train_loss:0.26335 train_acc:0.889
2025-04-09 10:43:10,374 - val_loss:0.48950 val_acc:0.815 

2025-04-09 10:43:11,682 - save model,acc:0.815
2025-04-09 10:43:11,682 - -----------Epoch:3-----------
2025-04-09 10:43:12,110 - epoch: 3, step: 0, loss: 0.2570, acc: 0.9000
2025-04-09 10:43:16,257 - epoch: 3, step: 10, loss: 0.1232, acc: 0.9773
2025-04-09 10:43:20,269 - epoch: 3, step: 20, loss: 0.1535, acc: 0.9524
2025-04-09 10:43:24,500 - epoch: 3, step: 30, loss: 0.2088, acc: 0.8853
2025-04-09 10:43:28,714 - epoch: 3, step: 40, loss: 0.1027, acc: 0.9444
2025-04-09 10:43:29,790 - train_loss:0.17680 train_acc:0.935
2025-04-09 10:43:32,128 - val_loss:0.57874 val_acc:0.810 

2025-04-09 10:43:32,128 - -----------Epoch:4-----------
2025-04-09 10:43:32,539 - epoch: 4, step: 0, loss: 0.1860, acc: 0.8750
2025-04-09 10:43:36,672 - epoch: 4, step: 10, loss: 0.2006, acc: 0.9565
2025-04-09 10:43:40,682 - epoch: 4, step: 20, loss: 0.1630, acc: 0.9062
2025-04-09 10:43:44,923 - epoch: 4, step: 30, loss: 0.2417, acc: 0.9375
2025-04-09 10:43:49,097 - epoch: 4, step: 40, loss: 0.0531, acc: 1.0000
2025-04-09 10:43:50,173 - train_loss:0.14085 train_acc:0.945
2025-04-09 10:43:52,514 - val_loss:0.54757 val_acc:0.820 

2025-04-09 10:43:53,802 - save model,acc:0.820
2025-04-09 10:43:53,802 - -----------Epoch:5-----------
2025-04-09 10:43:54,211 - epoch: 5, step: 0, loss: 0.0795, acc: 1.0000
2025-04-09 10:43:58,358 - epoch: 5, step: 10, loss: 0.1163, acc: 0.9227
2025-04-09 10:44:02,433 - epoch: 5, step: 20, loss: 0.1458, acc: 0.9524
2025-04-09 10:44:06,588 - epoch: 5, step: 30, loss: 0.0328, acc: 1.0000
2025-04-09 10:44:10,794 - epoch: 5, step: 40, loss: 0.0354, acc: 1.0000
2025-04-09 10:44:12,040 - train_loss:0.10396 train_acc:0.964
2025-04-09 10:44:14,250 - val_loss:0.75666 val_acc:0.803 

2025-04-09 10:44:14,250 - -----------Epoch:6-----------
2025-04-09 10:44:14,654 - epoch: 6, step: 0, loss: 0.1169, acc: 0.9167
2025-04-09 10:44:18,824 - epoch: 6, step: 10, loss: 0.0452, acc: 1.0000
2025-04-09 10:44:22,864 - epoch: 6, step: 20, loss: 0.0343, acc: 1.0000
2025-04-09 10:44:27,062 - epoch: 6, step: 30, loss: 0.0123, acc: 1.0000
2025-04-09 10:44:31,117 - epoch: 6, step: 40, loss: 0.0545, acc: 0.9307
2025-04-09 10:44:32,350 - train_loss:0.07693 train_acc:0.973
2025-04-09 10:44:34,564 - val_loss:0.84605 val_acc:0.790 

2025-04-09 10:44:34,564 - -----------Epoch:7-----------
2025-04-09 10:44:34,965 - epoch: 7, step: 0, loss: 0.0174, acc: 1.0000
2025-04-09 10:44:39,105 - epoch: 7, step: 10, loss: 0.0222, acc: 1.0000
2025-04-09 10:44:43,295 - epoch: 7, step: 20, loss: 0.0187, acc: 1.0000
2025-04-09 10:44:47,470 - epoch: 7, step: 30, loss: 0.0285, acc: 1.0000
2025-04-09 10:44:51,502 - epoch: 7, step: 40, loss: 0.0037, acc: 1.0000
2025-04-09 10:44:52,580 - train_loss:0.05779 train_acc:0.979
2025-04-09 10:44:55,016 - val_loss:0.85929 val_acc:0.800 

2025-04-09 10:44:57,766 - --------------------- test results-------------------------------
2025-04-09 10:44:57,767 - acc:0.7992929  prec:[0.91358024 0.620438  ]  rec:[0.74       0.85858583]  f1:[0.8176796 0.720339 ]
2025-04-09 10:44:57,767 - confusion: 
[[148  52]
 [ 14  85]]
2025-04-09 10:44:57,825 - the running time is: 171.1 s
