2025-04-09 13:52:10,631 - ============================== args ==============================
2025-04-09 13:52:10,631 - dataset: FakeTT
2025-04-09 13:52:10,631 - model: KDSGAT-FNVD
2025-04-09 13:52:10,631 - mode: both
2025-04-09 13:52:10,631 - ============================== End args ==============================
2025-04-09 13:52:10,631 - ============================== config ==============================
2025-04-09 13:52:10,631 - FakeSV_dataset_dir: ./data/FakeSV/
2025-04-09 13:52:10,631 - FakeTT_dataset_dir: ./data/FakeTT/
2025-04-09 13:52:10,631 - SGAT_edge_feats: 768
2025-04-09 13:52:10,632 - SGAT_n_layers: 2
2025-04-09 13:52:10,632 - SGAT_node_feats: 768
2025-04-09 13:52:10,632 - SGAT_num_heads: 2
2025-04-09 13:52:10,632 - SGAT_out_feats: 128
2025-04-09 13:52:10,632 - att_dropout: 0.1
2025-04-09 13:52:10,632 - att_num_heads: 2
2025-04-09 13:52:10,632 - audio_dim: 1024
2025-04-09 13:52:10,632 - audio_fea_path: audio_fea/
2025-04-09 13:52:10,632 - author_intro_max_length: 50
2025-04-09 13:52:10,632 - batch_size: 32
2025-04-09 13:52:10,632 - bert_dir: ./bert-base-multilingual-uncased/
2025-04-09 13:52:10,632 - classifier_hidden_dim: 512
2025-04-09 13:52:10,632 - data_json_path: data.json
2025-04-09 13:52:10,632 - decayRate: 0.96
2025-04-09 13:52:10,632 - device: cuda
2025-04-09 13:52:10,632 - epoch: 20
2025-04-09 13:52:10,632 - f_dropout: 0.1
2025-04-09 13:52:10,632 - fea_dim: 128
2025-04-09 13:52:10,632 - img_dim: 768
2025-04-09 13:52:10,632 - keyframes_fea_path: keyframes_fea/
2025-04-09 13:52:10,632 - keyframes_max_num: 10
2025-04-09 13:52:10,632 - lr: 5e-05
2025-04-09 13:52:10,632 - model_saved_path: ./best_model/
2025-04-09 13:52:10,632 - num_classes: 2
2025-04-09 13:52:10,632 - patience: 3
2025-04-09 13:52:10,632 - scene_graph_path: scene_graph/
2025-04-09 13:52:10,632 - seed: random
2025-04-09 13:52:10,632 - test_dataset: data_split/vid_time3_test.txt
2025-04-09 13:52:10,632 - text_dim: 768
2025-04-09 13:52:10,632 - text_fea_path: text_fea/
2025-04-09 13:52:10,632 - text_max_length: 200
2025-04-09 13:52:10,632 - train_dataset: data_split/vid_time3_train.txt
2025-04-09 13:52:10,632 - user_fea_path: user_fea/
2025-04-09 13:52:10,632 - val_dataset: data_split/vid_time3_val.txt
2025-04-09 13:52:10,633 - ============================== End config ==============================
2025-04-09 13:52:12,292 - total number of parameters:169476610
2025-04-09 13:52:12,298 - -----------Epoch:0-----------
2025-04-09 13:52:13,078 - epoch: 0, step: 0, loss: 0.6361, acc: 0.5216
2025-04-09 13:52:17,551 - epoch: 0, step: 10, loss: 0.6398, acc: 0.5675
2025-04-09 13:52:21,629 - epoch: 0, step: 20, loss: 0.5297, acc: 0.5556
2025-04-09 13:52:25,989 - epoch: 0, step: 30, loss: 0.4500, acc: 0.8333
2025-04-09 13:52:30,292 - epoch: 0, step: 40, loss: 0.5550, acc: 0.6255
2025-04-09 13:52:31,407 - train_loss:0.57240 train_acc:0.628
2025-04-09 13:52:33,680 - val_loss:0.52745 val_acc:0.668 

2025-04-09 13:52:35,004 - save model,acc:0.668
2025-04-09 13:52:35,004 - -----------Epoch:1-----------
2025-04-09 13:52:35,424 - epoch: 1, step: 0, loss: 0.3364, acc: 0.7944
2025-04-09 13:52:39,622 - epoch: 1, step: 10, loss: 0.2344, acc: 0.9083
2025-04-09 13:52:43,726 - epoch: 1, step: 20, loss: 0.3822, acc: 0.8235
2025-04-09 13:52:47,927 - epoch: 1, step: 30, loss: 0.3250, acc: 0.8116
2025-04-09 13:52:52,142 - epoch: 1, step: 40, loss: 0.1271, acc: 0.9762
2025-04-09 13:52:53,222 - train_loss:0.33555 train_acc:0.843
2025-04-09 13:52:55,507 - val_loss:0.58255 val_acc:0.764 

2025-04-09 13:52:56,840 - save model,acc:0.764
2025-04-09 13:52:56,840 - -----------Epoch:2-----------
2025-04-09 13:52:57,257 - epoch: 2, step: 0, loss: 0.3027, acc: 0.8116
2025-04-09 13:53:01,422 - epoch: 2, step: 10, loss: 0.1448, acc: 0.9688
2025-04-09 13:53:05,587 - epoch: 2, step: 20, loss: 0.2426, acc: 0.8500
2025-04-09 13:53:09,634 - epoch: 2, step: 30, loss: 0.3655, acc: 0.8810
2025-04-09 13:53:13,824 - epoch: 2, step: 40, loss: 0.2442, acc: 0.8542
2025-04-09 13:53:15,002 - train_loss:0.22003 train_acc:0.906
2025-04-09 13:53:17,192 - val_loss:0.45327 val_acc:0.825 

2025-04-09 13:53:18,488 - save model,acc:0.825
2025-04-09 13:53:18,489 - -----------Epoch:3-----------
2025-04-09 13:53:18,899 - epoch: 3, step: 0, loss: 0.1827, acc: 0.9583
2025-04-09 13:53:23,067 - epoch: 3, step: 10, loss: 0.0714, acc: 1.0000
2025-04-09 13:53:27,347 - epoch: 3, step: 20, loss: 0.2017, acc: 0.8968
2025-04-09 13:53:31,407 - epoch: 3, step: 30, loss: 0.3963, acc: 0.8182
2025-04-09 13:53:35,679 - epoch: 3, step: 40, loss: 0.2025, acc: 0.9010
2025-04-09 13:53:36,753 - train_loss:0.16607 train_acc:0.931
2025-04-09 13:53:38,987 - val_loss:0.49237 val_acc:0.815 

2025-04-09 13:53:38,987 - -----------Epoch:4-----------
2025-04-09 13:53:39,398 - epoch: 4, step: 0, loss: 0.0984, acc: 0.9800
2025-04-09 13:53:43,576 - epoch: 4, step: 10, loss: 0.1109, acc: 0.9227
2025-04-09 13:53:47,913 - epoch: 4, step: 20, loss: 0.1718, acc: 0.9583
2025-04-09 13:53:51,951 - epoch: 4, step: 30, loss: 0.0794, acc: 1.0000
2025-04-09 13:53:56,120 - epoch: 4, step: 40, loss: 0.0451, acc: 1.0000
2025-04-09 13:53:57,196 - train_loss:0.11222 train_acc:0.963
2025-04-09 13:53:59,518 - val_loss:0.49047 val_acc:0.834 

2025-04-09 13:54:00,835 - save model,acc:0.834
2025-04-09 13:54:00,897 - -----------Epoch:5-----------
2025-04-09 13:54:01,306 - epoch: 5, step: 0, loss: 0.0591, acc: 1.0000
2025-04-09 13:54:05,451 - epoch: 5, step: 10, loss: 0.1640, acc: 0.9273
2025-04-09 13:54:09,621 - epoch: 5, step: 20, loss: 0.1350, acc: 0.9615
2025-04-09 13:54:13,644 - epoch: 5, step: 30, loss: 0.0499, acc: 0.9643
2025-04-09 13:54:17,855 - epoch: 5, step: 40, loss: 0.0289, acc: 1.0000
2025-04-09 13:54:18,927 - train_loss:0.07139 train_acc:0.969
2025-04-09 13:54:21,142 - val_loss:0.63143 val_acc:0.814 

2025-04-09 13:54:21,142 - -----------Epoch:6-----------
2025-04-09 13:54:21,671 - epoch: 6, step: 0, loss: 0.0288, acc: 1.0000
2025-04-09 13:54:25,841 - epoch: 6, step: 10, loss: 0.0182, acc: 1.0000
2025-04-09 13:54:29,995 - epoch: 6, step: 20, loss: 0.0085, acc: 1.0000
2025-04-09 13:54:34,024 - epoch: 6, step: 30, loss: 0.0464, acc: 0.9615
2025-04-09 13:54:38,222 - epoch: 6, step: 40, loss: 0.0566, acc: 0.9792
2025-04-09 13:54:39,318 - train_loss:0.04755 train_acc:0.980
2025-04-09 13:54:41,657 - val_loss:0.67727 val_acc:0.824 

2025-04-09 13:54:41,657 - -----------Epoch:7-----------
2025-04-09 13:54:42,066 - epoch: 7, step: 0, loss: 0.0328, acc: 1.0000
2025-04-09 13:54:46,180 - epoch: 7, step: 10, loss: 0.0065, acc: 1.0000
2025-04-09 13:54:50,359 - epoch: 7, step: 20, loss: 0.0622, acc: 0.9792
2025-04-09 13:54:54,549 - epoch: 7, step: 30, loss: 0.0063, acc: 1.0000
2025-04-09 13:54:58,654 - epoch: 7, step: 40, loss: 0.0068, acc: 1.0000
2025-04-09 13:54:59,744 - train_loss:0.03784 train_acc:0.986
2025-04-09 13:55:02,102 - val_loss:0.78941 val_acc:0.827 

2025-04-09 13:55:04,848 - --------------------- test results-------------------------------
2025-04-09 13:55:04,849 - acc:0.80704546  prec:[0.94       0.60402685]  rec:[0.705      0.90909094]  f1:[0.8057143 0.7258065]
2025-04-09 13:55:04,849 - confusion: 
[[141  59]
 [  9  90]]
2025-04-09 13:55:04,905 - the running time is: 172.6 s
