2025-04-09 13:22:57,162 - ============================== args ==============================
2025-04-09 13:22:57,162 - dataset: FakeTT
2025-04-09 13:22:57,162 - model: KDSGAT-FNVD
2025-04-09 13:22:57,162 - mode: both
2025-04-09 13:22:57,162 - ============================== End args ==============================
2025-04-09 13:22:57,162 - ============================== config ==============================
2025-04-09 13:22:57,162 - FakeSV_dataset_dir: ./data/FakeSV/
2025-04-09 13:22:57,162 - FakeTT_dataset_dir: ./data/FakeTT/
2025-04-09 13:22:57,162 - SGAT_edge_feats: 768
2025-04-09 13:22:57,162 - SGAT_n_layers: 2
2025-04-09 13:22:57,162 - SGAT_node_feats: 768
2025-04-09 13:22:57,162 - SGAT_num_heads: 2
2025-04-09 13:22:57,162 - SGAT_out_feats: 128
2025-04-09 13:22:57,162 - att_dropout: 0.1
2025-04-09 13:22:57,162 - att_num_heads: 2
2025-04-09 13:22:57,162 - audio_dim: 1024
2025-04-09 13:22:57,162 - audio_fea_path: audio_fea/
2025-04-09 13:22:57,162 - author_intro_max_length: 50
2025-04-09 13:22:57,162 - batch_size: 32
2025-04-09 13:22:57,162 - bert_dir: ./bert-base-multilingual-uncased/
2025-04-09 13:22:57,162 - classifier_hidden_dim: 512
2025-04-09 13:22:57,162 - data_json_path: data.json
2025-04-09 13:22:57,162 - decayRate: 0.96
2025-04-09 13:22:57,162 - device: cuda
2025-04-09 13:22:57,162 - epoch: 20
2025-04-09 13:22:57,162 - f_dropout: 0.1
2025-04-09 13:22:57,163 - fea_dim: 128
2025-04-09 13:22:57,163 - img_dim: 768
2025-04-09 13:22:57,163 - keyframes_fea_path: keyframes_fea/
2025-04-09 13:22:57,163 - keyframes_max_num: 10
2025-04-09 13:22:57,163 - lr: 5e-05
2025-04-09 13:22:57,163 - model_saved_path: ./best_model/
2025-04-09 13:22:57,163 - num_classes: 2
2025-04-09 13:22:57,163 - patience: 3
2025-04-09 13:22:57,163 - scene_graph_path: scene_graph/
2025-04-09 13:22:57,163 - seed: random
2025-04-09 13:22:57,163 - test_dataset: data_split/vid_time3_test.txt
2025-04-09 13:22:57,163 - text_dim: 768
2025-04-09 13:22:57,163 - text_fea_path: text_fea/
2025-04-09 13:22:57,163 - text_max_length: 200
2025-04-09 13:22:57,163 - train_dataset: data_split/vid_time3_train.txt
2025-04-09 13:22:57,163 - user_fea_path: user_fea/
2025-04-09 13:22:57,163 - val_dataset: data_split/vid_time3_val.txt
2025-04-09 13:22:57,163 - ============================== End config ==============================
2025-04-09 13:22:58,861 - total number of parameters:169476610
2025-04-09 13:22:58,864 - -----------Epoch:0-----------
2025-04-09 13:22:59,577 - epoch: 0, step: 0, loss: 0.7443, acc: 0.5250
2025-04-09 13:23:03,776 - epoch: 0, step: 10, loss: 0.6643, acc: 0.5000
2025-04-09 13:23:07,858 - epoch: 0, step: 20, loss: 0.5104, acc: 0.6787
2025-04-09 13:23:12,103 - epoch: 0, step: 30, loss: 0.6199, acc: 0.5824
2025-04-09 13:23:16,146 - epoch: 0, step: 40, loss: 0.3470, acc: 0.8593
2025-04-09 13:23:17,395 - train_loss:0.53401 train_acc:0.653
2025-04-09 13:23:19,655 - val_loss:0.59048 val_acc:0.708 

2025-04-09 13:23:21,105 - save model,acc:0.708
2025-04-09 13:23:21,105 - -----------Epoch:1-----------
2025-04-09 13:23:21,519 - epoch: 1, step: 0, loss: 0.4251, acc: 0.7659
2025-04-09 13:23:25,773 - epoch: 1, step: 10, loss: 0.3318, acc: 0.9227
2025-04-09 13:23:29,914 - epoch: 1, step: 20, loss: 0.2914, acc: 0.9373
2025-04-09 13:23:34,144 - epoch: 1, step: 30, loss: 0.4235, acc: 0.7944
2025-04-09 13:23:38,368 - epoch: 1, step: 40, loss: 0.3254, acc: 0.7545
2025-04-09 13:23:39,446 - train_loss:0.33483 train_acc:0.845
2025-04-09 13:23:41,614 - val_loss:0.47053 val_acc:0.760 

2025-04-09 13:23:42,997 - save model,acc:0.760
2025-04-09 13:23:42,997 - -----------Epoch:2-----------
2025-04-09 13:23:43,404 - epoch: 2, step: 0, loss: 0.2434, acc: 0.9348
2025-04-09 13:23:47,551 - epoch: 2, step: 10, loss: 0.2860, acc: 0.9078
2025-04-09 13:23:51,689 - epoch: 2, step: 20, loss: 0.2011, acc: 0.9737
2025-04-09 13:23:55,881 - epoch: 2, step: 30, loss: 0.1550, acc: 0.9231
2025-04-09 13:24:00,042 - epoch: 2, step: 40, loss: 0.2533, acc: 0.9087
2025-04-09 13:24:01,101 - train_loss:0.20555 train_acc:0.922
2025-04-09 13:24:03,281 - val_loss:0.64369 val_acc:0.780 

2025-04-09 13:24:04,733 - save model,acc:0.780
2025-04-09 13:24:04,734 - -----------Epoch:3-----------
2025-04-09 13:24:05,153 - epoch: 3, step: 0, loss: 0.0301, acc: 1.0000
2025-04-09 13:24:09,310 - epoch: 3, step: 10, loss: 0.1377, acc: 0.9444
2025-04-09 13:24:13,483 - epoch: 3, step: 20, loss: 0.3205, acc: 0.9250
2025-04-09 13:24:17,542 - epoch: 3, step: 30, loss: 0.1952, acc: 0.9083
2025-04-09 13:24:21,785 - epoch: 3, step: 40, loss: 0.0557, acc: 0.9792
2025-04-09 13:24:22,872 - train_loss:0.15190 train_acc:0.946
2025-04-09 13:24:25,048 - val_loss:0.55368 val_acc:0.795 

2025-04-09 13:24:26,428 - save model,acc:0.795
2025-04-09 13:24:26,428 - -----------Epoch:4-----------
2025-04-09 13:24:26,848 - epoch: 4, step: 0, loss: 0.0428, acc: 1.0000
2025-04-09 13:24:31,080 - epoch: 4, step: 10, loss: 0.0501, acc: 0.9444
2025-04-09 13:24:35,236 - epoch: 4, step: 20, loss: 0.0664, acc: 1.0000
2025-04-09 13:24:39,304 - epoch: 4, step: 30, loss: 0.1421, acc: 0.9615
2025-04-09 13:24:43,619 - epoch: 4, step: 40, loss: 0.0718, acc: 0.9500
2025-04-09 13:24:44,681 - train_loss:0.10308 train_acc:0.962
2025-04-09 13:24:47,018 - val_loss:0.61447 val_acc:0.804 

2025-04-09 13:24:48,406 - save model,acc:0.804
2025-04-09 13:24:48,406 - -----------Epoch:5-----------
2025-04-09 13:24:48,834 - epoch: 5, step: 0, loss: 0.0198, acc: 1.0000
2025-04-09 13:24:52,939 - epoch: 5, step: 10, loss: 0.0916, acc: 1.0000
2025-04-09 13:24:57,082 - epoch: 5, step: 20, loss: 0.0080, acc: 1.0000
2025-04-09 13:25:01,189 - epoch: 5, step: 30, loss: 0.0542, acc: 0.9615
2025-04-09 13:25:05,387 - epoch: 5, step: 40, loss: 0.1796, acc: 0.9500
2025-04-09 13:25:06,446 - train_loss:0.05891 train_acc:0.979
2025-04-09 13:25:08,755 - val_loss:0.74371 val_acc:0.780 

2025-04-09 13:25:08,755 - -----------Epoch:6-----------
2025-04-09 13:25:09,159 - epoch: 6, step: 0, loss: 0.0808, acc: 0.9545
2025-04-09 13:25:13,311 - epoch: 6, step: 10, loss: 0.0450, acc: 0.9783
2025-04-09 13:25:17,458 - epoch: 6, step: 20, loss: 0.0434, acc: 0.9643
2025-04-09 13:25:21,634 - epoch: 6, step: 30, loss: 0.0506, acc: 0.9762
2025-04-09 13:25:25,809 - epoch: 6, step: 40, loss: 0.0263, acc: 1.0000
2025-04-09 13:25:26,880 - train_loss:0.05325 train_acc:0.980
2025-04-09 13:25:29,183 - val_loss:0.69988 val_acc:0.827 

2025-04-09 13:25:30,560 - save model,acc:0.827
2025-04-09 13:25:30,560 - -----------Epoch:7-----------
2025-04-09 13:25:31,072 - epoch: 7, step: 0, loss: 0.0204, acc: 1.0000
2025-04-09 13:25:35,077 - epoch: 7, step: 10, loss: 0.0109, acc: 1.0000
2025-04-09 13:25:39,201 - epoch: 7, step: 20, loss: 0.0977, acc: 0.9167
2025-04-09 13:25:43,460 - epoch: 7, step: 30, loss: 0.0118, acc: 1.0000
2025-04-09 13:25:47,485 - epoch: 7, step: 40, loss: 0.0022, acc: 1.0000
2025-04-09 13:25:48,575 - train_loss:0.01977 train_acc:0.993
2025-04-09 13:25:50,882 - val_loss:0.93737 val_acc:0.820 

2025-04-09 13:25:50,883 - -----------Epoch:8-----------
2025-04-09 13:25:51,358 - epoch: 8, step: 0, loss: 0.0022, acc: 1.0000
2025-04-09 13:25:55,481 - epoch: 8, step: 10, loss: 0.0175, acc: 1.0000
2025-04-09 13:25:59,480 - epoch: 8, step: 20, loss: 0.0022, acc: 1.0000
2025-04-09 13:26:03,678 - epoch: 8, step: 30, loss: 0.0114, acc: 1.0000
2025-04-09 13:26:07,715 - epoch: 8, step: 40, loss: 0.0180, acc: 1.0000
2025-04-09 13:26:08,775 - train_loss:0.02693 train_acc:0.990
2025-04-09 13:26:11,107 - val_loss:0.72209 val_acc:0.819 

2025-04-09 13:26:11,108 - -----------Epoch:9-----------
2025-04-09 13:26:11,507 - epoch: 9, step: 0, loss: 0.0050, acc: 1.0000
2025-04-09 13:26:15,739 - epoch: 9, step: 10, loss: 0.0061, acc: 1.0000
2025-04-09 13:26:19,725 - epoch: 9, step: 20, loss: 0.0303, acc: 1.0000
2025-04-09 13:26:23,971 - epoch: 9, step: 30, loss: 0.0257, acc: 0.9545
2025-04-09 13:26:28,040 - epoch: 9, step: 40, loss: 0.0021, acc: 1.0000
2025-04-09 13:26:29,241 - train_loss:0.01953 train_acc:0.992
2025-04-09 13:26:31,447 - val_loss:0.96446 val_acc:0.812 

2025-04-09 13:26:34,490 - --------------------- test results-------------------------------
2025-04-09 13:26:34,490 - acc:0.82434344  prec:[0.9230769 0.6615385]  rec:[0.78       0.86868685]  f1:[0.8455285 0.7510917]
2025-04-09 13:26:34,490 - confusion: 
[[156  44]
 [ 13  86]]
2025-04-09 13:26:34,547 - the running time is: 215.7 s
