2025-04-09 13:44:32,209 - ============================== args ==============================
2025-04-09 13:44:32,210 - dataset: FakeTT
2025-04-09 13:44:32,210 - model: KDSGAT-FNVD
2025-04-09 13:44:32,210 - mode: both
2025-04-09 13:44:32,210 - ============================== End args ==============================
2025-04-09 13:44:32,210 - ============================== config ==============================
2025-04-09 13:44:32,210 - FakeSV_dataset_dir: ./data/FakeSV/
2025-04-09 13:44:32,210 - FakeTT_dataset_dir: ./data/FakeTT/
2025-04-09 13:44:32,210 - SGAT_edge_feats: 768
2025-04-09 13:44:32,210 - SGAT_n_layers: 2
2025-04-09 13:44:32,210 - SGAT_node_feats: 768
2025-04-09 13:44:32,210 - SGAT_num_heads: 2
2025-04-09 13:44:32,210 - SGAT_out_feats: 128
2025-04-09 13:44:32,210 - att_dropout: 0.1
2025-04-09 13:44:32,210 - att_num_heads: 2
2025-04-09 13:44:32,210 - audio_dim: 1024
2025-04-09 13:44:32,210 - audio_fea_path: audio_fea/
2025-04-09 13:44:32,210 - author_intro_max_length: 50
2025-04-09 13:44:32,210 - batch_size: 32
2025-04-09 13:44:32,210 - bert_dir: ./bert-base-multilingual-uncased/
2025-04-09 13:44:32,210 - classifier_hidden_dim: 512
2025-04-09 13:44:32,210 - data_json_path: data.json
2025-04-09 13:44:32,210 - decayRate: 0.96
2025-04-09 13:44:32,210 - device: cuda
2025-04-09 13:44:32,210 - epoch: 20
2025-04-09 13:44:32,210 - f_dropout: 0.1
2025-04-09 13:44:32,210 - fea_dim: 128
2025-04-09 13:44:32,210 - img_dim: 768
2025-04-09 13:44:32,211 - keyframes_fea_path: keyframes_fea/
2025-04-09 13:44:32,211 - keyframes_max_num: 10
2025-04-09 13:44:32,211 - lr: 5e-05
2025-04-09 13:44:32,211 - model_saved_path: ./best_model/
2025-04-09 13:44:32,211 - num_classes: 2
2025-04-09 13:44:32,211 - patience: 3
2025-04-09 13:44:32,211 - scene_graph_path: scene_graph/
2025-04-09 13:44:32,211 - seed: random
2025-04-09 13:44:32,211 - test_dataset: data_split/vid_time3_test.txt
2025-04-09 13:44:32,211 - text_dim: 768
2025-04-09 13:44:32,211 - text_fea_path: text_fea/
2025-04-09 13:44:32,211 - text_max_length: 200
2025-04-09 13:44:32,211 - train_dataset: data_split/vid_time3_train.txt
2025-04-09 13:44:32,211 - user_fea_path: user_fea/
2025-04-09 13:44:32,211 - val_dataset: data_split/vid_time3_val.txt
2025-04-09 13:44:32,211 - ============================== End config ==============================
2025-04-09 13:44:33,866 - total number of parameters:169476610
2025-04-09 13:44:33,871 - -----------Epoch:0-----------
2025-04-09 13:44:34,643 - epoch: 0, step: 0, loss: 0.7431, acc: 0.5000
2025-04-09 13:44:38,931 - epoch: 0, step: 10, loss: 0.4926, acc: 0.6875
2025-04-09 13:44:43,095 - epoch: 0, step: 20, loss: 0.5824, acc: 0.5887
2025-04-09 13:44:47,311 - epoch: 0, step: 30, loss: 0.5298, acc: 0.6045
2025-04-09 13:44:51,469 - epoch: 0, step: 40, loss: 0.6209, acc: 0.6833
2025-04-09 13:44:52,844 - train_loss:0.55435 train_acc:0.646
2025-04-09 13:44:55,033 - val_loss:0.62480 val_acc:0.685 

2025-04-09 13:44:56,472 - save model,acc:0.685
2025-04-09 13:44:56,472 - -----------Epoch:1-----------
2025-04-09 13:44:56,949 - epoch: 1, step: 0, loss: 0.5650, acc: 0.7078
2025-04-09 13:45:01,127 - epoch: 1, step: 10, loss: 0.3605, acc: 0.8273
2025-04-09 13:45:05,251 - epoch: 1, step: 20, loss: 0.2850, acc: 0.8160
2025-04-09 13:45:09,420 - epoch: 1, step: 30, loss: 0.2915, acc: 0.9045
2025-04-09 13:45:13,639 - epoch: 1, step: 40, loss: 0.4246, acc: 0.7802
2025-04-09 13:45:14,718 - train_loss:0.36607 train_acc:0.821
2025-04-09 13:45:16,922 - val_loss:0.54412 val_acc:0.727 

2025-04-09 13:45:18,278 - save model,acc:0.727
2025-04-09 13:45:18,278 - -----------Epoch:2-----------
2025-04-09 13:45:18,755 - epoch: 2, step: 0, loss: 0.2162, acc: 0.9500
2025-04-09 13:45:22,942 - epoch: 2, step: 10, loss: 0.2174, acc: 0.8000
2025-04-09 13:45:27,101 - epoch: 2, step: 20, loss: 0.0793, acc: 1.0000
2025-04-09 13:45:31,122 - epoch: 2, step: 30, loss: 0.0973, acc: 1.0000
2025-04-09 13:45:35,319 - epoch: 2, step: 40, loss: 0.2042, acc: 0.9524
2025-04-09 13:45:36,407 - train_loss:0.25732 train_acc:0.893
2025-04-09 13:45:38,606 - val_loss:0.40669 val_acc:0.828 

2025-04-09 13:45:39,968 - save model,acc:0.828
2025-04-09 13:45:39,969 - -----------Epoch:3-----------
2025-04-09 13:45:40,466 - epoch: 3, step: 0, loss: 0.0972, acc: 0.9737
2025-04-09 13:45:44,602 - epoch: 3, step: 10, loss: 0.2232, acc: 0.9333
2025-04-09 13:45:48,763 - epoch: 3, step: 20, loss: 0.2759, acc: 0.8333
2025-04-09 13:45:52,805 - epoch: 3, step: 30, loss: 0.1301, acc: 0.9524
2025-04-09 13:45:56,968 - epoch: 3, step: 40, loss: 0.2943, acc: 0.9286
2025-04-09 13:45:58,043 - train_loss:0.18775 train_acc:0.918
2025-04-09 13:46:00,391 - val_loss:0.46477 val_acc:0.832 

2025-04-09 13:46:01,768 - save model,acc:0.832
2025-04-09 13:46:01,769 - -----------Epoch:4-----------
2025-04-09 13:46:02,248 - epoch: 4, step: 0, loss: 0.1914, acc: 0.9069
2025-04-09 13:46:06,283 - epoch: 4, step: 10, loss: 0.1001, acc: 0.9643
2025-04-09 13:46:10,447 - epoch: 4, step: 20, loss: 0.1043, acc: 0.9667
2025-04-09 13:46:14,534 - epoch: 4, step: 30, loss: 0.1634, acc: 0.9773
2025-04-09 13:46:18,732 - epoch: 4, step: 40, loss: 0.2807, acc: 0.8886
2025-04-09 13:46:19,805 - train_loss:0.11428 train_acc:0.956
2025-04-09 13:46:22,140 - val_loss:0.72504 val_acc:0.754 

2025-04-09 13:46:22,140 - -----------Epoch:5-----------
2025-04-09 13:46:22,544 - epoch: 5, step: 0, loss: 0.3211, acc: 0.8333
2025-04-09 13:46:26,624 - epoch: 5, step: 10, loss: 0.1183, acc: 0.9000
2025-04-09 13:46:30,763 - epoch: 5, step: 20, loss: 0.0999, acc: 0.9643
2025-04-09 13:46:34,869 - epoch: 5, step: 30, loss: 0.0223, acc: 1.0000
2025-04-09 13:46:39,136 - epoch: 5, step: 40, loss: 0.0543, acc: 0.9773
2025-04-09 13:46:40,211 - train_loss:0.08364 train_acc:0.966
2025-04-09 13:46:42,552 - val_loss:0.52688 val_acc:0.860 

2025-04-09 13:46:43,954 - save model,acc:0.860
2025-04-09 13:46:43,954 - -----------Epoch:6-----------
2025-04-09 13:46:44,386 - epoch: 6, step: 0, loss: 0.0164, acc: 1.0000
2025-04-09 13:46:48,524 - epoch: 6, step: 10, loss: 0.0279, acc: 1.0000
2025-04-09 13:46:52,673 - epoch: 6, step: 20, loss: 0.0268, acc: 1.0000
2025-04-09 13:46:56,963 - epoch: 6, step: 30, loss: 0.0312, acc: 1.0000
2025-04-09 13:47:01,009 - epoch: 6, step: 40, loss: 0.1153, acc: 0.9545
2025-04-09 13:47:02,087 - train_loss:0.04777 train_acc:0.981
2025-04-09 13:47:04,420 - val_loss:0.49343 val_acc:0.857 

2025-04-09 13:47:04,420 - -----------Epoch:7-----------
2025-04-09 13:47:04,826 - epoch: 7, step: 0, loss: 0.0354, acc: 0.9722
2025-04-09 13:47:08,863 - epoch: 7, step: 10, loss: 0.0195, acc: 1.0000
2025-04-09 13:47:13,029 - epoch: 7, step: 20, loss: 0.0059, acc: 1.0000
2025-04-09 13:47:17,279 - epoch: 7, step: 30, loss: 0.0712, acc: 0.9737
2025-04-09 13:47:21,336 - epoch: 7, step: 40, loss: 0.0072, acc: 1.0000
2025-04-09 13:47:22,416 - train_loss:0.02258 train_acc:0.992
2025-04-09 13:47:24,764 - val_loss:0.77126 val_acc:0.794 

2025-04-09 13:47:24,765 - -----------Epoch:8-----------
2025-04-09 13:47:25,175 - epoch: 8, step: 0, loss: 0.1406, acc: 0.8750
2025-04-09 13:47:29,355 - epoch: 8, step: 10, loss: 0.0143, acc: 1.0000
2025-04-09 13:47:33,385 - epoch: 8, step: 20, loss: 0.0162, acc: 1.0000
2025-04-09 13:47:37,641 - epoch: 8, step: 30, loss: 0.0019, acc: 1.0000
2025-04-09 13:47:41,684 - epoch: 8, step: 40, loss: 0.0049, acc: 1.0000
2025-04-09 13:47:42,761 - train_loss:0.03111 train_acc:0.991
2025-04-09 13:47:45,094 - val_loss:0.73012 val_acc:0.839 

2025-04-09 13:47:47,902 - --------------------- test results-------------------------------
2025-04-09 13:47:47,903 - acc:0.83204544  prec:[0.94375    0.64748204]  rec:[0.755      0.90909094]  f1:[0.8388889  0.75630254]
2025-04-09 13:47:47,903 - confusion: 
[[151  49]
 [  9  90]]
2025-04-09 13:47:47,959 - the running time is: 194.1 s
