2025-04-09 10:00:35,118 - ============================== args ==============================
2025-04-09 10:00:35,118 - dataset: FakeTT
2025-04-09 10:00:35,118 - model: KDSGAT-FNVD
2025-04-09 10:00:35,118 - mode: both
2025-04-09 10:00:35,118 - ============================== End args ==============================
2025-04-09 10:00:35,118 - ============================== config ==============================
2025-04-09 10:00:35,119 - FakeSV_dataset_dir: ./data/FakeSV/
2025-04-09 10:00:35,119 - FakeTT_dataset_dir: ./data/FakeTT/
2025-04-09 10:00:35,119 - SGAT_edge_feats: 768
2025-04-09 10:00:35,119 - SGAT_n_layers: 2
2025-04-09 10:00:35,119 - SGAT_node_feats: 768
2025-04-09 10:00:35,119 - SGAT_num_heads: 2
2025-04-09 10:00:35,119 - SGAT_out_feats: 128
2025-04-09 10:00:35,119 - att_dropout: 0.1
2025-04-09 10:00:35,119 - att_num_heads: 2
2025-04-09 10:00:35,119 - audio_dim: 1024
2025-04-09 10:00:35,119 - audio_fea_path: audio_fea/
2025-04-09 10:00:35,119 - author_intro_max_length: 50
2025-04-09 10:00:35,119 - batch_size: 32
2025-04-09 10:00:35,119 - bert_dir: ./bert-base-multilingual-uncased/
2025-04-09 10:00:35,119 - classifier_hidden_dim: 512
2025-04-09 10:00:35,119 - data_json_path: data.json
2025-04-09 10:00:35,119 - decayRate: 0.96
2025-04-09 10:00:35,119 - device: cuda
2025-04-09 10:00:35,119 - epoch: 20
2025-04-09 10:00:35,119 - f_dropout: 0.1
2025-04-09 10:00:35,119 - fea_dim: 128
2025-04-09 10:00:35,119 - img_dim: 768
2025-04-09 10:00:35,119 - keyframes_fea_path: keyframes_fea/
2025-04-09 10:00:35,119 - keyframes_max_num: 10
2025-04-09 10:00:35,119 - lr: 5e-05
2025-04-09 10:00:35,119 - model_saved_path: ./best_model/
2025-04-09 10:00:35,119 - num_classes: 2
2025-04-09 10:00:35,119 - patience: 3
2025-04-09 10:00:35,119 - scene_graph_path: scene_graph/
2025-04-09 10:00:35,119 - seed: random
2025-04-09 10:00:35,119 - test_dataset: data_split/vid_time3_test.txt
2025-04-09 10:00:35,119 - text_dim: 768
2025-04-09 10:00:35,119 - text_fea_path: text_fea/
2025-04-09 10:00:35,119 - text_max_length: 200
2025-04-09 10:00:35,120 - train_dataset: data_split/vid_time3_train.txt
2025-04-09 10:00:35,120 - user_fea_path: user_fea/
2025-04-09 10:00:35,120 - val_dataset: data_split/vid_time3_val.txt
2025-04-09 10:00:35,120 - ============================== End config ==============================
2025-04-09 10:00:36,814 - total number of parameters:169476610
2025-04-09 10:00:36,818 - -----------Epoch:0-----------
2025-04-09 10:00:37,578 - epoch: 0, step: 0, loss: 0.7441, acc: 0.5263
2025-04-09 10:00:42,007 - epoch: 0, step: 10, loss: 0.5472, acc: 0.5000
2025-04-09 10:00:46,100 - epoch: 0, step: 20, loss: 0.3950, acc: 0.8077
2025-04-09 10:00:50,457 - epoch: 0, step: 30, loss: 0.4875, acc: 0.7308
2025-04-09 10:00:54,624 - epoch: 0, step: 40, loss: 0.5251, acc: 0.7857
2025-04-09 10:00:55,960 - train_loss:0.51964 train_acc:0.661
2025-04-09 10:00:58,227 - val_loss:0.52029 val_acc:0.785 

2025-04-09 10:00:59,485 - save model,acc:0.785
2025-04-09 10:00:59,486 - -----------Epoch:1-----------
2025-04-09 10:00:59,939 - epoch: 1, step: 0, loss: 0.4400, acc: 0.7500
2025-04-09 10:01:04,342 - epoch: 1, step: 10, loss: 0.3149, acc: 0.9348
2025-04-09 10:01:08,415 - epoch: 1, step: 20, loss: 0.1652, acc: 0.9545
2025-04-09 10:01:12,816 - epoch: 1, step: 30, loss: 0.2186, acc: 0.8333
2025-04-09 10:01:17,035 - epoch: 1, step: 40, loss: 0.2843, acc: 0.8454
2025-04-09 10:01:18,113 - train_loss:0.30989 train_acc:0.860
2025-04-09 10:01:20,352 - val_loss:0.53050 val_acc:0.790 

2025-04-09 10:01:21,605 - save model,acc:0.790
2025-04-09 10:01:21,606 - -----------Epoch:2-----------
2025-04-09 10:01:22,025 - epoch: 2, step: 0, loss: 0.2294, acc: 0.8810
2025-04-09 10:01:26,328 - epoch: 2, step: 10, loss: 0.2460, acc: 0.8667
2025-04-09 10:01:30,582 - epoch: 2, step: 20, loss: 0.0584, acc: 0.9000
2025-04-09 10:01:34,655 - epoch: 2, step: 30, loss: 0.0185, acc: 1.0000
2025-04-09 10:01:38,834 - epoch: 2, step: 40, loss: 0.1813, acc: 0.9643
2025-04-09 10:01:39,910 - train_loss:0.20809 train_acc:0.922
2025-04-09 10:01:42,210 - val_loss:0.48371 val_acc:0.814 

2025-04-09 10:01:43,483 - save model,acc:0.814
2025-04-09 10:01:43,484 - -----------Epoch:3-----------
2025-04-09 10:01:44,041 - epoch: 3, step: 0, loss: 0.1154, acc: 0.9808
2025-04-09 10:01:48,097 - epoch: 3, step: 10, loss: 0.1027, acc: 0.9783
2025-04-09 10:01:52,318 - epoch: 3, step: 20, loss: 0.3088, acc: 0.8532
2025-04-09 10:01:56,312 - epoch: 3, step: 30, loss: 0.2510, acc: 0.9000
2025-04-09 10:02:00,482 - epoch: 3, step: 40, loss: 0.3013, acc: 0.9069
2025-04-09 10:02:01,551 - train_loss:0.17377 train_acc:0.927
2025-04-09 10:02:03,957 - val_loss:0.55982 val_acc:0.808 

2025-04-09 10:02:03,957 - -----------Epoch:4-----------
2025-04-09 10:02:04,358 - epoch: 4, step: 0, loss: 0.1689, acc: 0.9307
2025-04-09 10:02:08,471 - epoch: 4, step: 10, loss: 0.0834, acc: 1.0000
2025-04-09 10:02:12,696 - epoch: 4, step: 20, loss: 0.2182, acc: 0.9010
2025-04-09 10:02:16,851 - epoch: 4, step: 30, loss: 0.2577, acc: 0.8831
2025-04-09 10:02:20,875 - epoch: 4, step: 40, loss: 0.1287, acc: 0.9500
2025-04-09 10:02:21,936 - train_loss:0.11540 train_acc:0.954
2025-04-09 10:02:24,380 - val_loss:0.57517 val_acc:0.797 

2025-04-09 10:02:24,380 - -----------Epoch:5-----------
2025-04-09 10:02:24,787 - epoch: 5, step: 0, loss: 0.0456, acc: 1.0000
2025-04-09 10:02:28,812 - epoch: 5, step: 10, loss: 0.1195, acc: 0.9545
2025-04-09 10:02:33,129 - epoch: 5, step: 20, loss: 0.0088, acc: 1.0000
2025-04-09 10:02:37,312 - epoch: 5, step: 30, loss: 0.0143, acc: 1.0000
2025-04-09 10:02:41,360 - epoch: 5, step: 40, loss: 0.0446, acc: 1.0000
2025-04-09 10:02:42,424 - train_loss:0.06832 train_acc:0.979
2025-04-09 10:02:44,830 - val_loss:0.73039 val_acc:0.772 

2025-04-09 10:02:47,675 - --------------------- test results-------------------------------
2025-04-09 10:02:47,675 - acc:0.822096  prec:[0.9477124 0.6232877]  rec:[0.725     0.9191919]  f1:[0.82152975 0.74285716]
2025-04-09 10:02:47,676 - confusion: 
[[145  55]
 [  8  91]]
2025-04-09 10:02:47,734 - the running time is: 130.9 s
