2025-04-09 12:30:21,830 - ============================== args ==============================
2025-04-09 12:30:21,830 - dataset: FakeTT
2025-04-09 12:30:21,830 - model: KDSGAT-FNVD
2025-04-09 12:30:21,830 - mode: both
2025-04-09 12:30:21,830 - ============================== End args ==============================
2025-04-09 12:30:21,830 - ============================== config ==============================
2025-04-09 12:30:21,830 - FakeSV_dataset_dir: ./data/FakeSV/
2025-04-09 12:30:21,830 - FakeTT_dataset_dir: ./data/FakeTT/
2025-04-09 12:30:21,831 - SGAT_edge_feats: 768
2025-04-09 12:30:21,831 - SGAT_n_layers: 2
2025-04-09 12:30:21,831 - SGAT_node_feats: 768
2025-04-09 12:30:21,831 - SGAT_num_heads: 2
2025-04-09 12:30:21,831 - SGAT_out_feats: 128
2025-04-09 12:30:21,831 - att_dropout: 0.1
2025-04-09 12:30:21,831 - att_num_heads: 2
2025-04-09 12:30:21,831 - audio_dim: 1024
2025-04-09 12:30:21,831 - audio_fea_path: audio_fea/
2025-04-09 12:30:21,831 - author_intro_max_length: 50
2025-04-09 12:30:21,831 - batch_size: 32
2025-04-09 12:30:21,831 - bert_dir: ./bert-base-multilingual-uncased/
2025-04-09 12:30:21,831 - classifier_hidden_dim: 512
2025-04-09 12:30:21,831 - data_json_path: data.json
2025-04-09 12:30:21,831 - decayRate: 0.96
2025-04-09 12:30:21,831 - device: cuda
2025-04-09 12:30:21,831 - epoch: 20
2025-04-09 12:30:21,831 - f_dropout: 0.1
2025-04-09 12:30:21,831 - fea_dim: 128
2025-04-09 12:30:21,831 - img_dim: 768
2025-04-09 12:30:21,831 - keyframes_fea_path: keyframes_fea/
2025-04-09 12:30:21,831 - keyframes_max_num: 10
2025-04-09 12:30:21,831 - lr: 5e-05
2025-04-09 12:30:21,831 - model_saved_path: ./best_model/
2025-04-09 12:30:21,831 - num_classes: 2
2025-04-09 12:30:21,831 - patience: 3
2025-04-09 12:30:21,831 - scene_graph_path: scene_graph/
2025-04-09 12:30:21,831 - seed: random
2025-04-09 12:30:21,831 - test_dataset: data_split/vid_time3_test.txt
2025-04-09 12:30:21,831 - text_dim: 768
2025-04-09 12:30:21,831 - text_fea_path: text_fea/
2025-04-09 12:30:21,831 - text_max_length: 200
2025-04-09 12:30:21,831 - train_dataset: data_split/vid_time3_train.txt
2025-04-09 12:30:21,831 - user_fea_path: user_fea/
2025-04-09 12:30:21,832 - val_dataset: data_split/vid_time3_val.txt
2025-04-09 12:30:21,832 - ============================== End config ==============================
2025-04-09 12:30:23,506 - total number of parameters:169476610
2025-04-09 12:30:23,510 - -----------Epoch:0-----------
2025-04-09 12:30:24,222 - epoch: 0, step: 0, loss: 0.7129, acc: 0.6091
2025-04-09 12:30:28,538 - epoch: 0, step: 10, loss: 0.6121, acc: 0.5769
2025-04-09 12:30:32,678 - epoch: 0, step: 20, loss: 0.5957, acc: 0.5364
2025-04-09 12:30:36,879 - epoch: 0, step: 30, loss: 0.3884, acc: 0.7917
2025-04-09 12:30:40,945 - epoch: 0, step: 40, loss: 0.5738, acc: 0.7446
2025-04-09 12:30:42,339 - train_loss:0.56877 train_acc:0.626
2025-04-09 12:30:44,582 - val_loss:0.50257 val_acc:0.735 

2025-04-09 12:30:45,939 - save model,acc:0.735
2025-04-09 12:30:45,939 - -----------Epoch:1-----------
2025-04-09 12:30:46,361 - epoch: 1, step: 0, loss: 0.3737, acc: 0.7143
2025-04-09 12:30:50,551 - epoch: 1, step: 10, loss: 0.4041, acc: 0.7489
2025-04-09 12:30:54,616 - epoch: 1, step: 20, loss: 0.1999, acc: 0.9273
2025-04-09 12:30:58,782 - epoch: 1, step: 30, loss: 0.1957, acc: 0.9273
2025-04-09 12:31:03,041 - epoch: 1, step: 40, loss: 0.4033, acc: 0.7899
2025-04-09 12:31:04,115 - train_loss:0.33372 train_acc:0.849
2025-04-09 12:31:06,327 - val_loss:0.45249 val_acc:0.800 

2025-04-09 12:31:07,658 - save model,acc:0.800
2025-04-09 12:31:07,658 - -----------Epoch:2-----------
2025-04-09 12:31:08,076 - epoch: 2, step: 0, loss: 0.2440, acc: 0.8968
2025-04-09 12:31:12,340 - epoch: 2, step: 10, loss: 0.1002, acc: 0.9750
2025-04-09 12:31:16,394 - epoch: 2, step: 20, loss: 0.1636, acc: 0.9365
2025-04-09 12:31:20,544 - epoch: 2, step: 30, loss: 0.2937, acc: 0.8451
2025-04-09 12:31:24,883 - epoch: 2, step: 40, loss: 0.1457, acc: 0.8968
2025-04-09 12:31:25,945 - train_loss:0.23388 train_acc:0.900
2025-04-09 12:31:28,153 - val_loss:0.62334 val_acc:0.772 

2025-04-09 12:31:28,153 - -----------Epoch:3-----------
2025-04-09 12:31:28,554 - epoch: 3, step: 0, loss: 0.3705, acc: 0.8036
2025-04-09 12:31:32,811 - epoch: 3, step: 10, loss: 0.1422, acc: 0.9307
2025-04-09 12:31:36,836 - epoch: 3, step: 20, loss: 0.3314, acc: 0.8250
2025-04-09 12:31:40,974 - epoch: 3, step: 30, loss: 0.0484, acc: 1.0000
2025-04-09 12:31:45,247 - epoch: 3, step: 40, loss: 0.3728, acc: 0.8118
2025-04-09 12:31:46,333 - train_loss:0.18410 train_acc:0.915
2025-04-09 12:31:48,596 - val_loss:0.56506 val_acc:0.802 

2025-04-09 12:31:49,983 - save model,acc:0.802
2025-04-09 12:31:49,984 - -----------Epoch:4-----------
2025-04-09 12:31:50,451 - epoch: 4, step: 0, loss: 0.0663, acc: 1.0000
2025-04-09 12:31:54,650 - epoch: 4, step: 10, loss: 0.0705, acc: 0.9545
2025-04-09 12:31:58,803 - epoch: 4, step: 20, loss: 0.0951, acc: 0.9762
2025-04-09 12:32:02,850 - epoch: 4, step: 30, loss: 0.1297, acc: 0.8929
2025-04-09 12:32:07,086 - epoch: 4, step: 40, loss: 0.1178, acc: 0.9615
2025-04-09 12:32:08,179 - train_loss:0.10574 train_acc:0.960
2025-04-09 12:32:10,412 - val_loss:0.56170 val_acc:0.819 

2025-04-09 12:32:11,775 - save model,acc:0.819
2025-04-09 12:32:11,775 - -----------Epoch:5-----------
2025-04-09 12:32:12,183 - epoch: 5, step: 0, loss: 0.0305, acc: 1.0000
2025-04-09 12:32:16,435 - epoch: 5, step: 10, loss: 0.0247, acc: 1.0000
2025-04-09 12:32:20,620 - epoch: 5, step: 20, loss: 0.1309, acc: 0.9524
2025-04-09 12:32:24,820 - epoch: 5, step: 30, loss: 0.0410, acc: 1.0000
2025-04-09 12:32:29,018 - epoch: 5, step: 40, loss: 0.0528, acc: 0.9750
2025-04-09 12:32:30,090 - train_loss:0.07419 train_acc:0.973
2025-04-09 12:32:32,419 - val_loss:0.71867 val_acc:0.795 

2025-04-09 12:32:32,420 - -----------Epoch:6-----------
2025-04-09 12:32:32,817 - epoch: 6, step: 0, loss: 0.0527, acc: 0.9615
2025-04-09 12:32:36,988 - epoch: 6, step: 10, loss: 0.0071, acc: 1.0000
2025-04-09 12:32:41,168 - epoch: 6, step: 20, loss: 0.0415, acc: 0.9722
2025-04-09 12:32:45,305 - epoch: 6, step: 30, loss: 0.0055, acc: 1.0000
2025-04-09 12:32:49,505 - epoch: 6, step: 40, loss: 0.0586, acc: 1.0000
2025-04-09 12:32:50,580 - train_loss:0.03652 train_acc:0.987
2025-04-09 12:32:52,908 - val_loss:0.90143 val_acc:0.800 

2025-04-09 12:32:52,908 - -----------Epoch:7-----------
2025-04-09 12:32:53,315 - epoch: 7, step: 0, loss: 0.0305, acc: 1.0000
2025-04-09 12:32:57,460 - epoch: 7, step: 10, loss: 0.0073, acc: 1.0000
2025-04-09 12:33:01,636 - epoch: 7, step: 20, loss: 0.1027, acc: 0.9583
2025-04-09 12:33:05,899 - epoch: 7, step: 30, loss: 0.0168, acc: 1.0000
2025-04-09 12:33:09,941 - epoch: 7, step: 40, loss: 0.0547, acc: 0.9444
2025-04-09 12:33:11,007 - train_loss:0.04065 train_acc:0.986
2025-04-09 12:33:13,316 - val_loss:0.89254 val_acc:0.810 

2025-04-09 12:33:16,136 - --------------------- test results-------------------------------
2025-04-09 12:33:16,136 - acc:0.8245455  prec:[0.9426752  0.63380283]  rec:[0.74       0.90909094]  f1:[0.82913166 0.746888  ]
2025-04-09 12:33:16,136 - confusion: 
[[148  52]
 [  9  90]]
2025-04-09 12:33:16,192 - the running time is: 172.7 s
