2025-04-09 01:41:40,024 - ============================== args ==============================
2025-04-09 01:41:40,024 - dataset: FakeTT
2025-04-09 01:41:40,024 - model: KDSGAT-FNVD
2025-04-09 01:41:40,024 - mode: both
2025-04-09 01:41:40,024 - ============================== End args ==============================
2025-04-09 01:41:40,024 - ============================== config ==============================
2025-04-09 01:41:40,024 - FakeSV_dataset_dir: ./data/FakeSV/
2025-04-09 01:41:40,024 - FakeTT_dataset_dir: ./data/FakeTT/
2025-04-09 01:41:40,024 - SGAT_edge_feats: 768
2025-04-09 01:41:40,024 - SGAT_n_layers: 2
2025-04-09 01:41:40,025 - SGAT_node_feats: 768
2025-04-09 01:41:40,025 - SGAT_num_heads: 2
2025-04-09 01:41:40,025 - SGAT_out_feats: 128
2025-04-09 01:41:40,025 - att_dropout: 0.1
2025-04-09 01:41:40,025 - att_num_heads: 2
2025-04-09 01:41:40,025 - audio_dim: 1024
2025-04-09 01:41:40,025 - audio_fea_path: audio_fea/
2025-04-09 01:41:40,025 - author_intro_max_length: 50
2025-04-09 01:41:40,025 - batch_size: 32
2025-04-09 01:41:40,025 - bert_dir: ./bert-base-multilingual-uncased/
2025-04-09 01:41:40,025 - classifier_hidden_dim: 512
2025-04-09 01:41:40,025 - data_json_path: data.json
2025-04-09 01:41:40,025 - decayRate: 0.96
2025-04-09 01:41:40,025 - device: cuda
2025-04-09 01:41:40,025 - epoch: 20
2025-04-09 01:41:40,025 - f_dropout: 0.1
2025-04-09 01:41:40,025 - fea_dim: 128
2025-04-09 01:41:40,025 - img_dim: 768
2025-04-09 01:41:40,025 - keyframes_fea_path: keyframes_fea/
2025-04-09 01:41:40,025 - keyframes_max_num: 10
2025-04-09 01:41:40,025 - lr: 5e-05
2025-04-09 01:41:40,025 - model_saved_path: ./best_model/
2025-04-09 01:41:40,025 - num_classes: 2
2025-04-09 01:41:40,025 - patience: 3
2025-04-09 01:41:40,025 - scene_graph_path: scene_graph/
2025-04-09 01:41:40,025 - seed: random
2025-04-09 01:41:40,025 - test_dataset: data_split/vid_time3_test.txt
2025-04-09 01:41:40,025 - text_dim: 768
2025-04-09 01:41:40,025 - text_fea_path: text_fea/
2025-04-09 01:41:40,025 - text_max_length: 200
2025-04-09 01:41:40,025 - train_dataset: data_split/vid_time3_train.txt
2025-04-09 01:41:40,025 - user_fea_path: user_fea/
2025-04-09 01:41:40,025 - val_dataset: data_split/vid_time3_val.txt
2025-04-09 01:41:40,025 - ============================== End config ==============================
2025-04-09 01:41:41,244 - total number of parameters:169476610
2025-04-09 01:41:41,247 - -----------Epoch:0-----------
2025-04-09 01:41:41,881 - epoch: 0, step: 0, loss: 0.7346, acc: 0.4409
2025-04-09 01:41:46,025 - epoch: 0, step: 10, loss: 0.5556, acc: 0.5514
2025-04-09 01:41:50,183 - epoch: 0, step: 20, loss: 0.4130, acc: 0.8583
2025-04-09 01:41:54,390 - epoch: 0, step: 30, loss: 0.5832, acc: 0.6746
2025-04-09 01:41:58,557 - epoch: 0, step: 40, loss: 0.4389, acc: 0.8214
2025-04-09 01:41:59,636 - train_loss:0.51707 train_acc:0.667
2025-04-09 01:42:01,806 - val_loss:0.48967 val_acc:0.765 

2025-04-09 01:42:02,890 - save model,acc:0.765
2025-04-09 01:42:02,954 - -----------Epoch:1-----------
2025-04-09 01:42:03,403 - epoch: 1, step: 0, loss: 0.3131, acc: 0.7773
2025-04-09 01:42:07,554 - epoch: 1, step: 10, loss: 0.2355, acc: 0.9474
2025-04-09 01:42:11,687 - epoch: 1, step: 20, loss: 0.2281, acc: 0.9167
2025-04-09 01:42:15,860 - epoch: 1, step: 30, loss: 0.2346, acc: 0.8545
2025-04-09 01:42:20,019 - epoch: 1, step: 40, loss: 0.2314, acc: 0.8116
2025-04-09 01:42:21,098 - train_loss:0.28567 train_acc:0.865
2025-04-09 01:42:23,279 - val_loss:0.54378 val_acc:0.765 

2025-04-09 01:42:23,279 - -----------Epoch:2-----------
2025-04-09 01:42:23,686 - epoch: 2, step: 0, loss: 0.1105, acc: 0.9737
2025-04-09 01:42:27,805 - epoch: 2, step: 10, loss: 0.2022, acc: 0.9373
2025-04-09 01:42:31,894 - epoch: 2, step: 20, loss: 0.2272, acc: 0.9069
2025-04-09 01:42:36,062 - epoch: 2, step: 30, loss: 0.2810, acc: 0.8773
2025-04-09 01:42:40,231 - epoch: 2, step: 40, loss: 0.1243, acc: 0.9444
2025-04-09 01:42:41,407 - train_loss:0.19535 train_acc:0.921
2025-04-09 01:42:43,568 - val_loss:0.51361 val_acc:0.793 

2025-04-09 01:42:44,648 - save model,acc:0.793
2025-04-09 01:42:44,648 - -----------Epoch:3-----------
2025-04-09 01:42:45,052 - epoch: 3, step: 0, loss: 0.1118, acc: 0.9706
2025-04-09 01:42:49,179 - epoch: 3, step: 10, loss: 0.0304, acc: 1.0000
2025-04-09 01:42:53,331 - epoch: 3, step: 20, loss: 0.1975, acc: 0.9565
2025-04-09 01:42:57,337 - epoch: 3, step: 30, loss: 0.1246, acc: 1.0000
2025-04-09 01:43:01,617 - epoch: 3, step: 40, loss: 0.0644, acc: 0.9815
2025-04-09 01:43:02,676 - train_loss:0.13979 train_acc:0.944
2025-04-09 01:43:04,858 - val_loss:0.51319 val_acc:0.825 

2025-04-09 01:43:05,942 - save model,acc:0.825
2025-04-09 01:43:05,943 - -----------Epoch:4-----------
2025-04-09 01:43:06,391 - epoch: 4, step: 0, loss: 0.0983, acc: 0.9307
2025-04-09 01:43:10,560 - epoch: 4, step: 10, loss: 0.0422, acc: 1.0000
2025-04-09 01:43:14,833 - epoch: 4, step: 20, loss: 0.0460, acc: 0.9783
2025-04-09 01:43:18,887 - epoch: 4, step: 30, loss: 0.2361, acc: 0.9286
2025-04-09 01:43:23,099 - epoch: 4, step: 40, loss: 0.0204, acc: 1.0000
2025-04-09 01:43:24,151 - train_loss:0.06840 train_acc:0.972
2025-04-09 01:43:26,330 - val_loss:0.61380 val_acc:0.838 

2025-04-09 01:43:27,415 - save model,acc:0.838
2025-04-09 01:43:27,415 - -----------Epoch:5-----------
2025-04-09 01:43:27,942 - epoch: 5, step: 0, loss: 0.0115, acc: 1.0000
2025-04-09 01:43:31,939 - epoch: 5, step: 10, loss: 0.0386, acc: 0.9500
2025-04-09 01:43:36,080 - epoch: 5, step: 20, loss: 0.0165, acc: 1.0000
2025-04-09 01:43:40,123 - epoch: 5, step: 30, loss: 0.0054, acc: 1.0000
2025-04-09 01:43:44,400 - epoch: 5, step: 40, loss: 0.0113, acc: 1.0000
2025-04-09 01:43:45,464 - train_loss:0.05170 train_acc:0.984
2025-04-09 01:43:47,632 - val_loss:0.67052 val_acc:0.828 

2025-04-09 01:43:47,632 - -----------Epoch:6-----------
2025-04-09 01:43:48,155 - epoch: 6, step: 0, loss: 0.0064, acc: 1.0000
2025-04-09 01:43:52,276 - epoch: 6, step: 10, loss: 0.1136, acc: 0.9667
2025-04-09 01:43:56,448 - epoch: 6, step: 20, loss: 0.1823, acc: 0.9273
2025-04-09 01:44:00,505 - epoch: 6, step: 30, loss: 0.0425, acc: 1.0000
2025-04-09 01:44:04,756 - epoch: 6, step: 40, loss: 0.0743, acc: 0.9375
2025-04-09 01:44:05,819 - train_loss:0.04414 train_acc:0.983
2025-04-09 01:44:08,119 - val_loss:0.74948 val_acc:0.801 

2025-04-09 01:44:08,119 - -----------Epoch:7-----------
2025-04-09 01:44:08,523 - epoch: 7, step: 0, loss: 0.0029, acc: 1.0000
2025-04-09 01:44:12,663 - epoch: 7, step: 10, loss: 0.0028, acc: 1.0000
2025-04-09 01:44:16,820 - epoch: 7, step: 20, loss: 0.0906, acc: 0.9091
2025-04-09 01:44:20,842 - epoch: 7, step: 30, loss: 0.0068, acc: 1.0000
2025-04-09 01:44:25,046 - epoch: 7, step: 40, loss: 0.0498, acc: 0.9643
2025-04-09 01:44:26,104 - train_loss:0.02615 train_acc:0.989
2025-04-09 01:44:28,426 - val_loss:0.68876 val_acc:0.814 

2025-04-09 01:44:30,934 - --------------------- test results-------------------------------
2025-04-09 01:44:30,934 - acc:0.8268939  prec:[0.92814374 0.65909094]  rec:[0.775     0.8787879]  f1:[0.8446866 0.7532467]
2025-04-09 01:44:30,935 - confusion: 
[[155  45]
 [ 12  87]]
2025-04-09 01:44:30,991 - the running time is: 169.7 s
