2025-04-09 06:51:42,774 - ============================== args ==============================
2025-04-09 06:51:42,774 - dataset: FakeTT
2025-04-09 06:51:42,774 - model: KDSGAT-FNVD
2025-04-09 06:51:42,774 - mode: both
2025-04-09 06:51:42,774 - ============================== End args ==============================
2025-04-09 06:51:42,774 - ============================== config ==============================
2025-04-09 06:51:42,774 - FakeSV_dataset_dir: ./data/FakeSV/
2025-04-09 06:51:42,774 - FakeTT_dataset_dir: ./data/FakeTT/
2025-04-09 06:51:42,774 - SGAT_edge_feats: 768
2025-04-09 06:51:42,774 - SGAT_n_layers: 2
2025-04-09 06:51:42,774 - SGAT_node_feats: 768
2025-04-09 06:51:42,774 - SGAT_num_heads: 2
2025-04-09 06:51:42,774 - SGAT_out_feats: 128
2025-04-09 06:51:42,774 - att_dropout: 0.1
2025-04-09 06:51:42,774 - att_num_heads: 2
2025-04-09 06:51:42,774 - audio_dim: 1024
2025-04-09 06:51:42,774 - audio_fea_path: audio_fea/
2025-04-09 06:51:42,774 - author_intro_max_length: 50
2025-04-09 06:51:42,774 - batch_size: 32
2025-04-09 06:51:42,774 - bert_dir: ./bert-base-multilingual-uncased/
2025-04-09 06:51:42,774 - classifier_hidden_dim: 512
2025-04-09 06:51:42,774 - data_json_path: data.json
2025-04-09 06:51:42,774 - decayRate: 0.96
2025-04-09 06:51:42,774 - device: cuda
2025-04-09 06:51:42,774 - epoch: 20
2025-04-09 06:51:42,774 - f_dropout: 0.1
2025-04-09 06:51:42,775 - fea_dim: 128
2025-04-09 06:51:42,775 - img_dim: 768
2025-04-09 06:51:42,775 - keyframes_fea_path: keyframes_fea/
2025-04-09 06:51:42,775 - keyframes_max_num: 10
2025-04-09 06:51:42,775 - lr: 5e-05
2025-04-09 06:51:42,775 - model_saved_path: ./best_model/
2025-04-09 06:51:42,775 - num_classes: 2
2025-04-09 06:51:42,775 - patience: 3
2025-04-09 06:51:42,775 - scene_graph_path: scene_graph/
2025-04-09 06:51:42,775 - seed: random
2025-04-09 06:51:42,775 - test_dataset: data_split/vid_time3_test.txt
2025-04-09 06:51:42,775 - text_dim: 768
2025-04-09 06:51:42,775 - text_fea_path: text_fea/
2025-04-09 06:51:42,775 - text_max_length: 200
2025-04-09 06:51:42,775 - train_dataset: data_split/vid_time3_train.txt
2025-04-09 06:51:42,775 - user_fea_path: user_fea/
2025-04-09 06:51:42,775 - val_dataset: data_split/vid_time3_val.txt
2025-04-09 06:51:42,775 - ============================== End config ==============================
2025-04-09 06:51:44,034 - total number of parameters:169476610
2025-04-09 06:51:44,037 - -----------Epoch:0-----------
2025-04-09 06:51:44,660 - epoch: 0, step: 0, loss: 0.7219, acc: 0.5688
2025-04-09 06:51:48,898 - epoch: 0, step: 10, loss: 0.6884, acc: 0.5357
2025-04-09 06:51:52,901 - epoch: 0, step: 20, loss: 0.3678, acc: 0.7778
2025-04-09 06:51:57,202 - epoch: 0, step: 30, loss: 0.4301, acc: 0.7429
2025-04-09 06:52:01,378 - epoch: 0, step: 40, loss: 0.3724, acc: 0.8318
2025-04-09 06:52:02,437 - train_loss:0.52702 train_acc:0.676
2025-04-09 06:52:04,639 - val_loss:0.46633 val_acc:0.771 

2025-04-09 06:52:05,757 - save model,acc:0.771
2025-04-09 06:52:05,757 - -----------Epoch:1-----------
2025-04-09 06:52:06,166 - epoch: 1, step: 0, loss: 0.3886, acc: 0.8320
2025-04-09 06:52:10,342 - epoch: 1, step: 10, loss: 0.3166, acc: 0.8583
2025-04-09 06:52:14,517 - epoch: 1, step: 20, loss: 0.4730, acc: 0.7706
2025-04-09 06:52:18,563 - epoch: 1, step: 30, loss: 0.3631, acc: 0.8818
2025-04-09 06:52:22,695 - epoch: 1, step: 40, loss: 0.3293, acc: 0.8045
2025-04-09 06:52:23,759 - train_loss:0.31654 train_acc:0.855
2025-04-09 06:52:26,075 - val_loss:0.42545 val_acc:0.841 

2025-04-09 06:52:27,170 - save model,acc:0.841
2025-04-09 06:52:27,170 - -----------Epoch:2-----------
2025-04-09 06:52:27,583 - epoch: 2, step: 0, loss: 0.1490, acc: 0.9615
2025-04-09 06:52:31,705 - epoch: 2, step: 10, loss: 0.3983, acc: 0.7778
2025-04-09 06:52:35,857 - epoch: 2, step: 20, loss: 0.1978, acc: 0.9000
2025-04-09 06:52:40,004 - epoch: 2, step: 30, loss: 0.1543, acc: 0.9010
2025-04-09 06:52:44,084 - epoch: 2, step: 40, loss: 0.2060, acc: 0.9231
2025-04-09 06:52:45,147 - train_loss:0.23632 train_acc:0.898
2025-04-09 06:52:47,480 - val_loss:0.45215 val_acc:0.829 

2025-04-09 06:52:47,480 - -----------Epoch:3-----------
2025-04-09 06:52:47,884 - epoch: 3, step: 0, loss: 0.1635, acc: 0.9750
2025-04-09 06:52:52,031 - epoch: 3, step: 10, loss: 0.0941, acc: 0.9706
2025-04-09 06:52:56,012 - epoch: 3, step: 20, loss: 0.1638, acc: 0.8929
2025-04-09 06:53:00,203 - epoch: 3, step: 30, loss: 0.1139, acc: 0.9000
2025-04-09 06:53:04,313 - epoch: 3, step: 40, loss: 0.1519, acc: 0.9565
2025-04-09 06:53:05,379 - train_loss:0.14015 train_acc:0.947
2025-04-09 06:53:07,699 - val_loss:0.54683 val_acc:0.839 

2025-04-09 06:53:07,699 - -----------Epoch:4-----------
2025-04-09 06:53:08,099 - epoch: 4, step: 0, loss: 0.0596, acc: 0.9615
2025-04-09 06:53:12,298 - epoch: 4, step: 10, loss: 0.1497, acc: 0.9500
2025-04-09 06:53:16,501 - epoch: 4, step: 20, loss: 0.1849, acc: 0.9333
2025-04-09 06:53:20,576 - epoch: 4, step: 30, loss: 0.2667, acc: 0.8947
2025-04-09 06:53:24,717 - epoch: 4, step: 40, loss: 0.1570, acc: 0.9307
2025-04-09 06:53:25,777 - train_loss:0.11127 train_acc:0.953
2025-04-09 06:53:28,080 - val_loss:0.46626 val_acc:0.845 

2025-04-09 06:53:29,179 - save model,acc:0.845
2025-04-09 06:53:29,179 - -----------Epoch:5-----------
2025-04-09 06:53:29,721 - epoch: 5, step: 0, loss: 0.0443, acc: 1.0000
2025-04-09 06:53:33,726 - epoch: 5, step: 10, loss: 0.0550, acc: 0.9583
2025-04-09 06:53:37,884 - epoch: 5, step: 20, loss: 0.0297, acc: 1.0000
2025-04-09 06:53:41,899 - epoch: 5, step: 30, loss: 0.0438, acc: 1.0000
2025-04-09 06:53:46,015 - epoch: 5, step: 40, loss: 0.0433, acc: 1.0000
2025-04-09 06:53:47,097 - train_loss:0.05737 train_acc:0.982
2025-04-09 06:53:49,624 - val_loss:0.82573 val_acc:0.803 

2025-04-09 06:53:49,624 - -----------Epoch:6-----------
2025-04-09 06:53:50,029 - epoch: 6, step: 0, loss: 0.0929, acc: 0.9375
2025-04-09 06:53:54,108 - epoch: 6, step: 10, loss: 0.0486, acc: 1.0000
2025-04-09 06:53:58,373 - epoch: 6, step: 20, loss: 0.0106, acc: 1.0000
2025-04-09 06:54:02,396 - epoch: 6, step: 30, loss: 0.0062, acc: 1.0000
2025-04-09 06:54:06,518 - epoch: 6, step: 40, loss: 0.0450, acc: 1.0000
2025-04-09 06:54:07,572 - train_loss:0.05538 train_acc:0.982
2025-04-09 06:54:10,032 - val_loss:0.83474 val_acc:0.815 

2025-04-09 06:54:10,032 - -----------Epoch:7-----------
2025-04-09 06:54:10,446 - epoch: 7, step: 0, loss: 0.0140, acc: 1.0000
2025-04-09 06:54:14,490 - epoch: 7, step: 10, loss: 0.0453, acc: 0.9643
2025-04-09 06:54:18,761 - epoch: 7, step: 20, loss: 0.0136, acc: 1.0000
2025-04-09 06:54:22,888 - epoch: 7, step: 30, loss: 0.0067, acc: 1.0000
2025-04-09 06:54:26,874 - epoch: 7, step: 40, loss: 0.0266, acc: 1.0000
2025-04-09 06:54:27,940 - train_loss:0.03341 train_acc:0.990
2025-04-09 06:54:30,389 - val_loss:0.72384 val_acc:0.841 

2025-04-09 06:54:32,911 - --------------------- test results-------------------------------
2025-04-09 06:54:32,912 - acc:0.83924246  prec:[0.9171271 0.7118644]  rec:[0.83      0.8484849]  f1:[0.87139106 0.7741935 ]
2025-04-09 06:54:32,912 - confusion: 
[[166  34]
 [ 15  84]]
2025-04-09 06:54:32,967 - the running time is: 168.9 s
