2025-04-08 08:19:34,348 - ============================== args ==============================
2025-04-08 08:19:34,349 - dataset: FakeSV
2025-04-08 08:19:34,349 - model: KDSGAT-FNVD
2025-04-08 08:19:34,349 - mode: both
2025-04-08 08:19:34,350 - ============================== End args ==============================
2025-04-08 08:19:34,350 - ============================== config ==============================
2025-04-08 08:19:34,350 - FakeSV_dataset_dir: ./data/FakeSV/
2025-04-08 08:19:34,350 - FakeTT_dataset_dir: ./data/FakeTT/
2025-04-08 08:19:34,351 - SGAT_edge_feats: 768
2025-04-08 08:19:34,351 - SGAT_n_layers: 2
2025-04-08 08:19:34,351 - SGAT_node_feats: 768
2025-04-08 08:19:34,351 - SGAT_num_heads: 2
2025-04-08 08:19:34,352 - SGAT_out_feats: 128
2025-04-08 08:19:34,352 - att_dropout: 0.1
2025-04-08 08:19:34,352 - att_num_heads: 2
2025-04-08 08:19:34,352 - audio_dim: 1024
2025-04-08 08:19:34,353 - audio_fea_path: audio_fea/
2025-04-08 08:19:34,353 - author_intro_max_length: 50
2025-04-08 08:19:34,353 - batch_size: 32
2025-04-08 08:19:34,353 - bert_dir: ./bert-base-multilingual-uncased/
2025-04-08 08:19:34,354 - classifier_hidden_dim: 512
2025-04-08 08:19:34,354 - data_json_path: data.json
2025-04-08 08:19:34,354 - decayRate: 0.96
2025-04-08 08:19:34,354 - device: cuda
2025-04-08 08:19:34,355 - epoch: 20
2025-04-08 08:19:34,355 - f_dropout: 0.1
2025-04-08 08:19:34,355 - fea_dim: 128
2025-04-08 08:19:34,356 - img_dim: 768
2025-04-08 08:19:34,356 - keyframes_fea_path: keyframes_fea/
2025-04-08 08:19:34,356 - keyframes_max_num: 10
2025-04-08 08:19:34,356 - lr: 5e-05
2025-04-08 08:19:34,357 - model_saved_path: ./best_model/
2025-04-08 08:19:34,357 - num_classes: 2
2025-04-08 08:19:34,357 - patience: 3
2025-04-08 08:19:34,357 - scene_graph_path: scene_graph/
2025-04-08 08:19:34,358 - seed: random
2025-04-08 08:19:34,358 - test_dataset: data_split/vid_time3_test.txt
2025-04-08 08:19:34,358 - text_dim: 768
2025-04-08 08:19:34,358 - text_fea_path: text_fea/
2025-04-08 08:19:34,359 - text_max_length: 200
2025-04-08 08:19:34,359 - train_dataset: data_split/vid_time3_train.txt
2025-04-08 08:19:34,359 - user_fea_path: user_fea/
2025-04-08 08:19:34,359 - val_dataset: data_split/vid_time3_val.txt
2025-04-08 08:19:34,360 - ============================== End config ==============================
2025-04-08 08:19:35,618 - total number of parameters:169476610
2025-04-08 08:19:35,621 - -----------Epoch:0-----------
2025-04-08 08:19:36,362 - epoch: 0, step: 0, loss: 0.6813, acc: 0.6392
2025-04-08 08:19:41,890 - epoch: 0, step: 10, loss: 0.6165, acc: 0.6014
2025-04-08 08:19:47,371 - epoch: 0, step: 20, loss: 0.6122, acc: 0.7136
2025-04-08 08:19:52,950 - epoch: 0, step: 30, loss: 0.5722, acc: 0.7510
2025-04-08 08:19:58,319 - epoch: 0, step: 40, loss: 0.3902, acc: 0.9211
2025-04-08 08:20:03,839 - epoch: 0, step: 50, loss: 0.7477, acc: 0.6825
2025-04-08 08:20:09,402 - epoch: 0, step: 60, loss: 0.5764, acc: 0.7029
2025-04-08 08:20:14,818 - epoch: 0, step: 70, loss: 0.2872, acc: 0.9008
2025-04-08 08:20:19,490 - train_loss:0.52663 train_acc:0.734
2025-04-08 08:20:24,601 - val_loss:0.43584 val_acc:0.806 

2025-04-08 08:20:25,678 - save model,acc:0.806
2025-04-08 08:20:25,679 - -----------Epoch:1-----------
2025-04-08 08:20:26,237 - epoch: 1, step: 0, loss: 0.3143, acc: 0.8750
2025-04-08 08:20:31,767 - epoch: 1, step: 10, loss: 0.5717, acc: 0.7812
2025-04-08 08:20:37,234 - epoch: 1, step: 20, loss: 0.3704, acc: 0.9087
2025-04-08 08:20:42,755 - epoch: 1, step: 30, loss: 0.4426, acc: 0.8593
2025-04-08 08:20:48,240 - epoch: 1, step: 40, loss: 0.3901, acc: 0.8157
2025-04-08 08:20:53,799 - epoch: 1, step: 50, loss: 0.3517, acc: 0.8745
2025-04-08 08:20:59,408 - epoch: 1, step: 60, loss: 0.4650, acc: 0.8235
2025-04-08 08:21:04,829 - epoch: 1, step: 70, loss: 0.3627, acc: 0.8889
2025-04-08 08:21:09,656 - train_loss:0.37097 train_acc:0.842
2025-04-08 08:21:14,887 - val_loss:0.42542 val_acc:0.830 

2025-04-08 08:21:16,039 - save model,acc:0.830
2025-04-08 08:21:16,039 - -----------Epoch:2-----------
2025-04-08 08:21:16,603 - epoch: 2, step: 0, loss: 0.1292, acc: 1.0000
2025-04-08 08:21:22,135 - epoch: 2, step: 10, loss: 0.2320, acc: 0.9039
2025-04-08 08:21:27,711 - epoch: 2, step: 20, loss: 0.2704, acc: 0.9444
2025-04-08 08:21:33,190 - epoch: 2, step: 30, loss: 0.3066, acc: 0.8833
2025-04-08 08:21:38,606 - epoch: 2, step: 40, loss: 0.1463, acc: 0.9722
2025-04-08 08:21:44,146 - epoch: 2, step: 50, loss: 0.1917, acc: 0.9444
2025-04-08 08:21:49,661 - epoch: 2, step: 60, loss: 0.2272, acc: 0.8947
2025-04-08 08:21:55,262 - epoch: 2, step: 70, loss: 0.2343, acc: 0.9062
2025-04-08 08:22:00,116 - train_loss:0.24234 train_acc:0.906
2025-04-08 08:22:05,130 - val_loss:0.47731 val_acc:0.802 

2025-04-08 08:22:05,131 - -----------Epoch:3-----------
2025-04-08 08:22:05,677 - epoch: 3, step: 0, loss: 0.0336, acc: 1.0000
2025-04-08 08:22:11,203 - epoch: 3, step: 10, loss: 0.1606, acc: 0.9762
2025-04-08 08:22:16,716 - epoch: 3, step: 20, loss: 0.0499, acc: 1.0000
2025-04-08 08:22:22,255 - epoch: 3, step: 30, loss: 0.3901, acc: 0.8684
2025-04-08 08:22:27,805 - epoch: 3, step: 40, loss: 0.3693, acc: 0.8160
2025-04-08 08:22:33,289 - epoch: 3, step: 50, loss: 0.1616, acc: 0.9039
2025-04-08 08:22:38,798 - epoch: 3, step: 60, loss: 0.1164, acc: 0.9773
2025-04-08 08:22:44,379 - epoch: 3, step: 70, loss: 0.1129, acc: 0.9706
2025-04-08 08:22:48,931 - train_loss:0.15313 train_acc:0.944
2025-04-08 08:22:54,069 - val_loss:0.57775 val_acc:0.771 

2025-04-08 08:22:54,069 - -----------Epoch:4-----------
2025-04-08 08:22:54,607 - epoch: 4, step: 0, loss: 0.1397, acc: 0.9667
2025-04-08 08:23:00,220 - epoch: 4, step: 10, loss: 0.0489, acc: 1.0000
2025-04-08 08:23:05,699 - epoch: 4, step: 20, loss: 0.1034, acc: 0.9286
2025-04-08 08:23:11,267 - epoch: 4, step: 30, loss: 0.0186, acc: 1.0000
2025-04-08 08:23:16,806 - epoch: 4, step: 40, loss: 0.0713, acc: 0.9737
2025-04-08 08:23:22,298 - epoch: 4, step: 50, loss: 0.1005, acc: 0.9412
2025-04-08 08:23:27,883 - epoch: 4, step: 60, loss: 0.0096, acc: 1.0000
2025-04-08 08:23:33,272 - epoch: 4, step: 70, loss: 0.2538, acc: 0.9373
2025-04-08 08:23:37,901 - train_loss:0.09527 train_acc:0.967
2025-04-08 08:23:43,163 - val_loss:0.79923 val_acc:0.771 

2025-04-08 08:23:48,653 - --------------------- test results-------------------------------
2025-04-08 08:23:48,653 - acc:0.8528306  prec:[0.8577778  0.85804415]  rec:[0.81092435 0.8947368 ]  f1:[0.8336933 0.8760064]
2025-04-08 08:23:48,653 - confusion: 
[[193  45]
 [ 32 272]]
2025-04-08 08:23:48,709 - the running time is: 253.1 s
