2025-04-08 09:36:10,500 - ============================== args ==============================
2025-04-08 09:36:10,500 - dataset: FakeSV
2025-04-08 09:36:10,500 - model: KDSGAT-FNVD
2025-04-08 09:36:10,500 - mode: both
2025-04-08 09:36:10,500 - ============================== End args ==============================
2025-04-08 09:36:10,500 - ============================== config ==============================
2025-04-08 09:36:10,500 - FakeSV_dataset_dir: ./data/FakeSV/
2025-04-08 09:36:10,500 - FakeTT_dataset_dir: ./data/FakeTT/
2025-04-08 09:36:10,500 - SGAT_edge_feats: 768
2025-04-08 09:36:10,500 - SGAT_n_layers: 2
2025-04-08 09:36:10,500 - SGAT_node_feats: 768
2025-04-08 09:36:10,500 - SGAT_num_heads: 2
2025-04-08 09:36:10,500 - SGAT_out_feats: 128
2025-04-08 09:36:10,500 - att_dropout: 0.1
2025-04-08 09:36:10,500 - att_num_heads: 2
2025-04-08 09:36:10,500 - audio_dim: 1024
2025-04-08 09:36:10,500 - audio_fea_path: audio_fea/
2025-04-08 09:36:10,501 - author_intro_max_length: 50
2025-04-08 09:36:10,501 - batch_size: 32
2025-04-08 09:36:10,501 - bert_dir: ./bert-base-multilingual-uncased/
2025-04-08 09:36:10,501 - classifier_hidden_dim: 512
2025-04-08 09:36:10,501 - data_json_path: data.json
2025-04-08 09:36:10,501 - decayRate: 0.96
2025-04-08 09:36:10,501 - device: cuda
2025-04-08 09:36:10,501 - epoch: 20
2025-04-08 09:36:10,501 - f_dropout: 0.1
2025-04-08 09:36:10,501 - fea_dim: 128
2025-04-08 09:36:10,501 - img_dim: 768
2025-04-08 09:36:10,501 - keyframes_fea_path: keyframes_fea/
2025-04-08 09:36:10,501 - keyframes_max_num: 10
2025-04-08 09:36:10,501 - lr: 5e-05
2025-04-08 09:36:10,501 - model_saved_path: ./best_model/
2025-04-08 09:36:10,501 - num_classes: 2
2025-04-08 09:36:10,501 - patience: 3
2025-04-08 09:36:10,501 - scene_graph_path: scene_graph/
2025-04-08 09:36:10,501 - seed: random
2025-04-08 09:36:10,501 - test_dataset: data_split/vid_time3_test.txt
2025-04-08 09:36:10,501 - text_dim: 768
2025-04-08 09:36:10,501 - text_fea_path: text_fea/
2025-04-08 09:36:10,501 - text_max_length: 200
2025-04-08 09:36:10,501 - train_dataset: data_split/vid_time3_train.txt
2025-04-08 09:36:10,501 - user_fea_path: user_fea/
2025-04-08 09:36:10,501 - val_dataset: data_split/vid_time3_val.txt
2025-04-08 09:36:10,501 - ============================== End config ==============================
2025-04-08 09:36:11,749 - total number of parameters:169476610
2025-04-08 09:36:11,752 - -----------Epoch:0-----------
2025-04-08 09:36:12,508 - epoch: 0, step: 0, loss: 0.7821, acc: 0.5000
2025-04-08 09:36:18,148 - epoch: 0, step: 10, loss: 0.6897, acc: 0.5882
2025-04-08 09:36:23,540 - epoch: 0, step: 20, loss: 0.5174, acc: 0.7250
2025-04-08 09:36:29,130 - epoch: 0, step: 30, loss: 0.4872, acc: 0.7569
2025-04-08 09:36:34,751 - epoch: 0, step: 40, loss: 0.5304, acc: 0.7424
2025-04-08 09:36:40,326 - epoch: 0, step: 50, loss: 0.4957, acc: 0.7302
2025-04-08 09:36:45,864 - epoch: 0, step: 60, loss: 0.3680, acc: 0.8016
2025-04-08 09:36:51,250 - epoch: 0, step: 70, loss: 0.4243, acc: 0.8294
2025-04-08 09:36:55,993 - train_loss:0.52373 train_acc:0.725
2025-04-08 09:37:01,287 - val_loss:0.42179 val_acc:0.793 

2025-04-08 09:37:02,428 - save model,acc:0.793
2025-04-08 09:37:02,428 - -----------Epoch:1-----------
2025-04-08 09:37:02,987 - epoch: 1, step: 0, loss: 0.2388, acc: 0.9231
2025-04-08 09:37:08,408 - epoch: 1, step: 10, loss: 0.4095, acc: 0.8125
2025-04-08 09:37:13,912 - epoch: 1, step: 20, loss: 0.4587, acc: 0.7500
2025-04-08 09:37:19,642 - epoch: 1, step: 30, loss: 0.3525, acc: 0.8118
2025-04-08 09:37:25,061 - epoch: 1, step: 40, loss: 0.4032, acc: 0.8750
2025-04-08 09:37:30,612 - epoch: 1, step: 50, loss: 0.3106, acc: 0.9000
2025-04-08 09:37:36,152 - epoch: 1, step: 60, loss: 0.3432, acc: 0.8745
2025-04-08 09:37:41,648 - epoch: 1, step: 70, loss: 0.4668, acc: 0.8125
2025-04-08 09:37:46,302 - train_loss:0.38571 train_acc:0.839
2025-04-08 09:37:51,581 - val_loss:0.43782 val_acc:0.813 

2025-04-08 09:37:52,741 - save model,acc:0.813
2025-04-08 09:37:52,741 - -----------Epoch:2-----------
2025-04-08 09:37:53,298 - epoch: 2, step: 0, loss: 0.2343, acc: 0.9062
2025-04-08 09:37:58,679 - epoch: 2, step: 10, loss: 0.0750, acc: 1.0000
2025-04-08 09:38:04,290 - epoch: 2, step: 20, loss: 0.1856, acc: 0.9286
2025-04-08 09:38:09,753 - epoch: 2, step: 30, loss: 0.2233, acc: 0.9089
2025-04-08 09:38:15,252 - epoch: 2, step: 40, loss: 0.2520, acc: 0.8542
2025-04-08 09:38:20,790 - epoch: 2, step: 50, loss: 0.1975, acc: 0.9352
2025-04-08 09:38:26,304 - epoch: 2, step: 60, loss: 0.4184, acc: 0.8016
2025-04-08 09:38:31,922 - epoch: 2, step: 70, loss: 0.2128, acc: 0.9375
2025-04-08 09:38:36,446 - train_loss:0.25358 train_acc:0.904
2025-04-08 09:38:41,691 - val_loss:0.39697 val_acc:0.833 

2025-04-08 09:38:42,776 - save model,acc:0.833
2025-04-08 09:38:42,776 - -----------Epoch:3-----------
2025-04-08 09:38:43,347 - epoch: 3, step: 0, loss: 0.2010, acc: 0.8968
2025-04-08 09:38:48,937 - epoch: 3, step: 10, loss: 0.0858, acc: 1.0000
2025-04-08 09:38:54,383 - epoch: 3, step: 20, loss: 0.4024, acc: 0.8320
2025-04-08 09:38:59,903 - epoch: 3, step: 30, loss: 0.2687, acc: 0.9062
2025-04-08 09:39:05,486 - epoch: 3, step: 40, loss: 0.0453, acc: 0.9667
2025-04-08 09:39:10,951 - epoch: 3, step: 50, loss: 0.1914, acc: 0.9375
2025-04-08 09:39:16,505 - epoch: 3, step: 60, loss: 0.2174, acc: 0.9722
2025-04-08 09:39:21,915 - epoch: 3, step: 70, loss: 0.1275, acc: 0.9722
2025-04-08 09:39:26,766 - train_loss:0.16890 train_acc:0.938
2025-04-08 09:39:32,063 - val_loss:0.62944 val_acc:0.766 

2025-04-08 09:39:32,063 - -----------Epoch:4-----------
2025-04-08 09:39:32,609 - epoch: 4, step: 0, loss: 0.1299, acc: 0.9412
2025-04-08 09:39:38,126 - epoch: 4, step: 10, loss: 0.1018, acc: 0.9375
2025-04-08 09:39:43,621 - epoch: 4, step: 20, loss: 0.0536, acc: 1.0000
2025-04-08 09:39:49,183 - epoch: 4, step: 30, loss: 0.1036, acc: 0.9722
2025-04-08 09:39:54,884 - epoch: 4, step: 40, loss: 0.0818, acc: 0.9706
2025-04-08 09:40:00,270 - epoch: 4, step: 50, loss: 0.1482, acc: 0.9643
2025-04-08 09:40:05,963 - epoch: 4, step: 60, loss: 0.1609, acc: 0.9412
2025-04-08 09:40:11,491 - epoch: 4, step: 70, loss: 0.0120, acc: 1.0000
2025-04-08 09:40:16,225 - train_loss:0.12532 train_acc:0.958
2025-04-08 09:40:21,338 - val_loss:0.53528 val_acc:0.786 

2025-04-08 09:40:21,339 - -----------Epoch:5-----------
2025-04-08 09:40:21,873 - epoch: 5, step: 0, loss: 0.1955, acc: 0.9000
2025-04-08 09:40:27,516 - epoch: 5, step: 10, loss: 0.0395, acc: 1.0000
2025-04-08 09:40:33,155 - epoch: 5, step: 20, loss: 0.0585, acc: 1.0000
2025-04-08 09:40:38,660 - epoch: 5, step: 30, loss: 0.0144, acc: 1.0000
2025-04-08 09:40:44,218 - epoch: 5, step: 40, loss: 0.0184, acc: 1.0000
2025-04-08 09:40:49,668 - epoch: 5, step: 50, loss: 0.0525, acc: 0.9643
2025-04-08 09:40:55,291 - epoch: 5, step: 60, loss: 0.0210, acc: 1.0000
2025-04-08 09:41:00,831 - epoch: 5, step: 70, loss: 0.0495, acc: 1.0000
2025-04-08 09:41:05,408 - train_loss:0.07091 train_acc:0.977
2025-04-08 09:41:10,564 - val_loss:0.47482 val_acc:0.821 

2025-04-08 09:41:16,158 - --------------------- test results-------------------------------
2025-04-08 09:41:16,159 - acc:0.8474403  prec:[0.8495575 0.8544304]  rec:[0.8067227 0.8881579]  f1:[0.82758623 0.87096775]
2025-04-08 09:41:16,159 - confusion: 
[[192  46]
 [ 34 270]]
2025-04-08 09:41:16,216 - the running time is: 304.5 s
