2025-04-08 09:17:39,045 - ============================== args ==============================
2025-04-08 09:17:39,046 - dataset: FakeSV
2025-04-08 09:17:39,046 - model: KDSGAT-FNVD
2025-04-08 09:17:39,046 - mode: both
2025-04-08 09:17:39,046 - ============================== End args ==============================
2025-04-08 09:17:39,046 - ============================== config ==============================
2025-04-08 09:17:39,046 - FakeSV_dataset_dir: ./data/FakeSV/
2025-04-08 09:17:39,046 - FakeTT_dataset_dir: ./data/FakeTT/
2025-04-08 09:17:39,046 - SGAT_edge_feats: 768
2025-04-08 09:17:39,046 - SGAT_n_layers: 2
2025-04-08 09:17:39,046 - SGAT_node_feats: 768
2025-04-08 09:17:39,046 - SGAT_num_heads: 2
2025-04-08 09:17:39,046 - SGAT_out_feats: 128
2025-04-08 09:17:39,046 - att_dropout: 0.1
2025-04-08 09:17:39,046 - att_num_heads: 2
2025-04-08 09:17:39,046 - audio_dim: 1024
2025-04-08 09:17:39,046 - audio_fea_path: audio_fea/
2025-04-08 09:17:39,046 - author_intro_max_length: 50
2025-04-08 09:17:39,046 - batch_size: 32
2025-04-08 09:17:39,046 - bert_dir: ./bert-base-multilingual-uncased/
2025-04-08 09:17:39,046 - classifier_hidden_dim: 512
2025-04-08 09:17:39,046 - data_json_path: data.json
2025-04-08 09:17:39,046 - decayRate: 0.96
2025-04-08 09:17:39,046 - device: cuda
2025-04-08 09:17:39,046 - epoch: 20
2025-04-08 09:17:39,046 - f_dropout: 0.1
2025-04-08 09:17:39,046 - fea_dim: 128
2025-04-08 09:17:39,046 - img_dim: 768
2025-04-08 09:17:39,046 - keyframes_fea_path: keyframes_fea/
2025-04-08 09:17:39,046 - keyframes_max_num: 10
2025-04-08 09:17:39,047 - lr: 5e-05
2025-04-08 09:17:39,047 - model_saved_path: ./best_model/
2025-04-08 09:17:39,047 - num_classes: 2
2025-04-08 09:17:39,047 - patience: 3
2025-04-08 09:17:39,047 - scene_graph_path: scene_graph/
2025-04-08 09:17:39,047 - seed: random
2025-04-08 09:17:39,047 - test_dataset: data_split/vid_time3_test.txt
2025-04-08 09:17:39,047 - text_dim: 768
2025-04-08 09:17:39,047 - text_fea_path: text_fea/
2025-04-08 09:17:39,047 - text_max_length: 200
2025-04-08 09:17:39,047 - train_dataset: data_split/vid_time3_train.txt
2025-04-08 09:17:39,047 - user_fea_path: user_fea/
2025-04-08 09:17:39,047 - val_dataset: data_split/vid_time3_val.txt
2025-04-08 09:17:39,047 - ============================== End config ==============================
2025-04-08 09:17:40,289 - total number of parameters:169476610
2025-04-08 09:17:40,292 - -----------Epoch:0-----------
2025-04-08 09:17:41,047 - epoch: 0, step: 0, loss: 0.7963, acc: 0.5000
2025-04-08 09:17:46,646 - epoch: 0, step: 10, loss: 0.8000, acc: 0.5000
2025-04-08 09:17:52,042 - epoch: 0, step: 20, loss: 0.5945, acc: 0.6905
2025-04-08 09:17:57,748 - epoch: 0, step: 30, loss: 0.6883, acc: 0.5373
2025-04-08 09:18:03,328 - epoch: 0, step: 40, loss: 0.5252, acc: 0.8095
2025-04-08 09:18:08,712 - epoch: 0, step: 50, loss: 0.6738, acc: 0.5833
2025-04-08 09:18:14,289 - epoch: 0, step: 60, loss: 0.4308, acc: 0.8490
2025-04-08 09:18:19,820 - epoch: 0, step: 70, loss: 0.4817, acc: 0.7569
2025-04-08 09:18:24,516 - train_loss:0.60591 train_acc:0.673
2025-04-08 09:18:29,788 - val_loss:0.52531 val_acc:0.734 

2025-04-08 09:18:30,952 - save model,acc:0.734
2025-04-08 09:18:30,952 - -----------Epoch:1-----------
2025-04-08 09:18:31,547 - epoch: 1, step: 0, loss: 0.5655, acc: 0.5870
2025-04-08 09:18:37,084 - epoch: 1, step: 10, loss: 0.4978, acc: 0.7167
2025-04-08 09:18:42,441 - epoch: 1, step: 20, loss: 0.5922, acc: 0.7000
2025-04-08 09:18:48,070 - epoch: 1, step: 30, loss: 0.3822, acc: 0.8300
2025-04-08 09:18:53,505 - epoch: 1, step: 40, loss: 0.4634, acc: 0.8696
2025-04-08 09:18:59,078 - epoch: 1, step: 50, loss: 0.4852, acc: 0.7937
2025-04-08 09:19:04,668 - epoch: 1, step: 60, loss: 0.3730, acc: 0.8745
2025-04-08 09:19:10,104 - epoch: 1, step: 70, loss: 0.3435, acc: 0.8438
2025-04-08 09:19:14,769 - train_loss:0.43313 train_acc:0.804
2025-04-08 09:19:19,955 - val_loss:0.45645 val_acc:0.800 

2025-04-08 09:19:21,120 - save model,acc:0.800
2025-04-08 09:19:21,120 - -----------Epoch:2-----------
2025-04-08 09:19:21,672 - epoch: 2, step: 0, loss: 0.3871, acc: 0.8968
2025-04-08 09:19:27,094 - epoch: 2, step: 10, loss: 0.2910, acc: 0.8889
2025-04-08 09:19:32,781 - epoch: 2, step: 20, loss: 0.2502, acc: 0.8745
2025-04-08 09:19:38,290 - epoch: 2, step: 30, loss: 0.4364, acc: 0.8095
2025-04-08 09:19:43,743 - epoch: 2, step: 40, loss: 0.5305, acc: 0.8684
2025-04-08 09:19:49,373 - epoch: 2, step: 50, loss: 0.4091, acc: 0.8373
2025-04-08 09:19:54,962 - epoch: 2, step: 60, loss: 0.4139, acc: 0.8125
2025-04-08 09:20:00,454 - epoch: 2, step: 70, loss: 0.4633, acc: 0.7490
2025-04-08 09:20:05,079 - train_loss:0.35572 train_acc:0.851
2025-04-08 09:20:10,325 - val_loss:0.41393 val_acc:0.817 

2025-04-08 09:20:11,428 - save model,acc:0.817
2025-04-08 09:20:11,428 - -----------Epoch:3-----------
2025-04-08 09:20:11,982 - epoch: 3, step: 0, loss: 0.3500, acc: 0.9250
2025-04-08 09:20:17,388 - epoch: 3, step: 10, loss: 0.3716, acc: 0.9039
2025-04-08 09:20:23,003 - epoch: 3, step: 20, loss: 0.3456, acc: 0.9069
2025-04-08 09:20:28,579 - epoch: 3, step: 30, loss: 0.2941, acc: 0.9333
2025-04-08 09:20:34,089 - epoch: 3, step: 40, loss: 0.3565, acc: 0.8750
2025-04-08 09:20:39,654 - epoch: 3, step: 50, loss: 0.2695, acc: 0.9365
2025-04-08 09:20:45,223 - epoch: 3, step: 60, loss: 0.3660, acc: 0.8373
2025-04-08 09:20:50,649 - epoch: 3, step: 70, loss: 0.0957, acc: 0.9706
2025-04-08 09:20:55,386 - train_loss:0.25988 train_acc:0.905
2025-04-08 09:21:00,572 - val_loss:0.73124 val_acc:0.753 

2025-04-08 09:21:00,572 - -----------Epoch:4-----------
2025-04-08 09:21:01,192 - epoch: 4, step: 0, loss: 0.2448, acc: 0.9375
2025-04-08 09:21:06,578 - epoch: 4, step: 10, loss: 0.2391, acc: 0.9286
2025-04-08 09:21:12,146 - epoch: 4, step: 20, loss: 0.1894, acc: 0.9444
2025-04-08 09:21:17,781 - epoch: 4, step: 30, loss: 0.0920, acc: 0.9783
2025-04-08 09:21:23,273 - epoch: 4, step: 40, loss: 0.1841, acc: 0.9722
2025-04-08 09:21:28,804 - epoch: 4, step: 50, loss: 0.2715, acc: 0.9211
2025-04-08 09:21:34,237 - epoch: 4, step: 60, loss: 0.0612, acc: 0.9643
2025-04-08 09:21:39,816 - epoch: 4, step: 70, loss: 0.2715, acc: 0.9039
2025-04-08 09:21:44,600 - train_loss:0.16928 train_acc:0.940
2025-04-08 09:21:49,587 - val_loss:0.67019 val_acc:0.738 

2025-04-08 09:21:49,587 - -----------Epoch:5-----------
2025-04-08 09:21:50,250 - epoch: 5, step: 0, loss: 0.1558, acc: 0.9333
2025-04-08 09:21:55,674 - epoch: 5, step: 10, loss: 0.0931, acc: 0.9667
2025-04-08 09:22:01,213 - epoch: 5, step: 20, loss: 0.0246, acc: 1.0000
2025-04-08 09:22:06,569 - epoch: 5, step: 30, loss: 0.2822, acc: 0.9118
2025-04-08 09:22:12,090 - epoch: 5, step: 40, loss: 0.1669, acc: 0.9474
2025-04-08 09:22:17,785 - epoch: 5, step: 50, loss: 0.0681, acc: 0.9722
2025-04-08 09:22:23,234 - epoch: 5, step: 60, loss: 0.0660, acc: 0.9706
2025-04-08 09:22:28,849 - epoch: 5, step: 70, loss: 0.0355, acc: 1.0000
2025-04-08 09:22:33,428 - train_loss:0.16004 train_acc:0.946
2025-04-08 09:22:38,586 - val_loss:0.73300 val_acc:0.766 

2025-04-08 09:22:44,267 - --------------------- test results-------------------------------
2025-04-08 09:22:44,267 - acc:0.8321816  prec:[0.8197425  0.84789646]  rec:[0.802521  0.8618421]  f1:[0.81104034 0.8548124 ]
2025-04-08 09:22:44,267 - confusion: 
[[191  47]
 [ 42 262]]
2025-04-08 09:22:44,322 - the running time is: 304.0 s
