2025-04-08 08:40:08,010 - ============================== args ==============================
2025-04-08 08:40:08,010 - dataset: FakeSV
2025-04-08 08:40:08,010 - model: KDSGAT-FNVD
2025-04-08 08:40:08,010 - mode: both
2025-04-08 08:40:08,011 - ============================== End args ==============================
2025-04-08 08:40:08,011 - ============================== config ==============================
2025-04-08 08:40:08,011 - FakeSV_dataset_dir: ./data/FakeSV/
2025-04-08 08:40:08,011 - FakeTT_dataset_dir: ./data/FakeTT/
2025-04-08 08:40:08,011 - SGAT_edge_feats: 768
2025-04-08 08:40:08,011 - SGAT_n_layers: 2
2025-04-08 08:40:08,011 - SGAT_node_feats: 768
2025-04-08 08:40:08,011 - SGAT_num_heads: 2
2025-04-08 08:40:08,011 - SGAT_out_feats: 128
2025-04-08 08:40:08,011 - att_dropout: 0.1
2025-04-08 08:40:08,011 - att_num_heads: 2
2025-04-08 08:40:08,011 - audio_dim: 1024
2025-04-08 08:40:08,011 - audio_fea_path: audio_fea/
2025-04-08 08:40:08,011 - author_intro_max_length: 50
2025-04-08 08:40:08,011 - batch_size: 32
2025-04-08 08:40:08,011 - bert_dir: ./bert-base-multilingual-uncased/
2025-04-08 08:40:08,011 - classifier_hidden_dim: 512
2025-04-08 08:40:08,011 - data_json_path: data.json
2025-04-08 08:40:08,011 - decayRate: 0.96
2025-04-08 08:40:08,011 - device: cuda
2025-04-08 08:40:08,011 - epoch: 20
2025-04-08 08:40:08,011 - f_dropout: 0.1
2025-04-08 08:40:08,011 - fea_dim: 128
2025-04-08 08:40:08,011 - img_dim: 768
2025-04-08 08:40:08,011 - keyframes_fea_path: keyframes_fea/
2025-04-08 08:40:08,011 - keyframes_max_num: 10
2025-04-08 08:40:08,011 - lr: 5e-05
2025-04-08 08:40:08,011 - model_saved_path: ./best_model/
2025-04-08 08:40:08,011 - num_classes: 2
2025-04-08 08:40:08,011 - patience: 3
2025-04-08 08:40:08,012 - scene_graph_path: scene_graph/
2025-04-08 08:40:08,012 - seed: random
2025-04-08 08:40:08,012 - test_dataset: data_split/vid_time3_test.txt
2025-04-08 08:40:08,012 - text_dim: 768
2025-04-08 08:40:08,012 - text_fea_path: text_fea/
2025-04-08 08:40:08,012 - text_max_length: 200
2025-04-08 08:40:08,012 - train_dataset: data_split/vid_time3_train.txt
2025-04-08 08:40:08,012 - user_fea_path: user_fea/
2025-04-08 08:40:08,012 - val_dataset: data_split/vid_time3_val.txt
2025-04-08 08:40:08,012 - ============================== End config ==============================
2025-04-08 08:40:09,259 - total number of parameters:169476610
2025-04-08 08:40:09,262 - -----------Epoch:0-----------
2025-04-08 08:40:09,996 - epoch: 0, step: 0, loss: 0.7195, acc: 0.4882
2025-04-08 08:40:15,627 - epoch: 0, step: 10, loss: 0.7104, acc: 0.4444
2025-04-08 08:40:21,029 - epoch: 0, step: 20, loss: 0.5581, acc: 0.7183
2025-04-08 08:40:26,576 - epoch: 0, step: 30, loss: 0.6594, acc: 0.7143
2025-04-08 08:40:32,316 - epoch: 0, step: 40, loss: 0.5903, acc: 0.7059
2025-04-08 08:40:37,692 - epoch: 0, step: 50, loss: 0.5774, acc: 0.6529
2025-04-08 08:40:43,211 - epoch: 0, step: 60, loss: 0.4805, acc: 0.8057
2025-04-08 08:40:48,743 - epoch: 0, step: 70, loss: 0.5789, acc: 0.6833
2025-04-08 08:40:53,407 - train_loss:0.57631 train_acc:0.689
2025-04-08 08:40:58,572 - val_loss:0.54620 val_acc:0.742 

2025-04-08 08:40:59,652 - save model,acc:0.742
2025-04-08 08:40:59,652 - -----------Epoch:1-----------
2025-04-08 08:41:00,201 - epoch: 1, step: 0, loss: 0.7196, acc: 0.7389
2025-04-08 08:41:05,828 - epoch: 1, step: 10, loss: 0.4770, acc: 0.8196
2025-04-08 08:41:11,331 - epoch: 1, step: 20, loss: 0.2105, acc: 0.9565
2025-04-08 08:41:16,921 - epoch: 1, step: 30, loss: 0.3815, acc: 0.9000
2025-04-08 08:41:22,352 - epoch: 1, step: 40, loss: 0.3125, acc: 0.9039
2025-04-08 08:41:27,912 - epoch: 1, step: 50, loss: 0.3911, acc: 0.8583
2025-04-08 08:41:33,594 - epoch: 1, step: 60, loss: 0.4155, acc: 0.8057
2025-04-08 08:41:39,081 - epoch: 1, step: 70, loss: 0.4049, acc: 0.8125
2025-04-08 08:41:43,941 - train_loss:0.41965 train_acc:0.823
2025-04-08 08:41:49,072 - val_loss:0.39461 val_acc:0.824 

2025-04-08 08:41:50,225 - save model,acc:0.824
2025-04-08 08:41:50,225 - -----------Epoch:2-----------
2025-04-08 08:41:50,782 - epoch: 2, step: 0, loss: 0.2999, acc: 0.8846
2025-04-08 08:41:56,248 - epoch: 2, step: 10, loss: 0.4092, acc: 0.8452
2025-04-08 08:42:01,985 - epoch: 2, step: 20, loss: 0.2640, acc: 0.9062
2025-04-08 08:42:07,560 - epoch: 2, step: 30, loss: 0.1861, acc: 0.9333
2025-04-08 08:42:12,976 - epoch: 2, step: 40, loss: 0.1099, acc: 0.9615
2025-04-08 08:42:18,550 - epoch: 2, step: 50, loss: 0.2873, acc: 0.8833
2025-04-08 08:42:24,320 - epoch: 2, step: 60, loss: 0.2365, acc: 0.9500
2025-04-08 08:42:29,748 - epoch: 2, step: 70, loss: 0.2880, acc: 0.9373
2025-04-08 08:42:34,473 - train_loss:0.32234 train_acc:0.881
2025-04-08 08:42:39,625 - val_loss:0.42083 val_acc:0.817 

2025-04-08 08:42:39,625 - -----------Epoch:3-----------
2025-04-08 08:42:40,166 - epoch: 3, step: 0, loss: 0.2596, acc: 0.8651
2025-04-08 08:42:45,688 - epoch: 3, step: 10, loss: 0.5375, acc: 0.7915
2025-04-08 08:42:51,224 - epoch: 3, step: 20, loss: 0.3562, acc: 0.8438
2025-04-08 08:42:56,655 - epoch: 3, step: 30, loss: 0.2463, acc: 0.9039
2025-04-08 08:43:02,350 - epoch: 3, step: 40, loss: 0.2210, acc: 0.9412
2025-04-08 08:43:07,917 - epoch: 3, step: 50, loss: 0.2670, acc: 0.8750
2025-04-08 08:43:13,300 - epoch: 3, step: 60, loss: 0.1511, acc: 0.9412
2025-04-08 08:43:18,833 - epoch: 3, step: 70, loss: 0.1033, acc: 0.9375
2025-04-08 08:43:23,440 - train_loss:0.23685 train_acc:0.909
2025-04-08 08:43:28,669 - val_loss:0.44775 val_acc:0.822 

2025-04-08 08:43:28,670 - -----------Epoch:4-----------
2025-04-08 08:43:29,217 - epoch: 4, step: 0, loss: 0.1855, acc: 0.8826
2025-04-08 08:43:34,774 - epoch: 4, step: 10, loss: 0.0662, acc: 1.0000
2025-04-08 08:43:40,392 - epoch: 4, step: 20, loss: 0.1392, acc: 0.9783
2025-04-08 08:43:45,854 - epoch: 4, step: 30, loss: 0.1240, acc: 0.9365
2025-04-08 08:43:51,460 - epoch: 4, step: 40, loss: 0.2383, acc: 0.9286
2025-04-08 08:43:56,993 - epoch: 4, step: 50, loss: 0.2389, acc: 0.8667
2025-04-08 08:44:02,523 - epoch: 4, step: 60, loss: 0.1601, acc: 0.9688
2025-04-08 08:44:08,124 - epoch: 4, step: 70, loss: 0.1119, acc: 0.9722
2025-04-08 08:44:12,699 - train_loss:0.15456 train_acc:0.946
2025-04-08 08:44:17,883 - val_loss:0.58968 val_acc:0.819 

2025-04-08 08:44:23,455 - --------------------- test results-------------------------------
2025-04-08 08:44:23,456 - acc:0.83730924  prec:[0.8939394 0.8226744]  rec:[0.74369746 0.9309211 ]  f1:[0.8119266 0.8734568]
2025-04-08 08:44:23,456 - confusion: 
[[177  61]
 [ 21 283]]
2025-04-08 08:44:23,514 - the running time is: 254.3 s
