2025-04-08 10:56:20,605 - ============================== args ==============================
2025-04-08 10:56:20,606 - dataset: FakeSV
2025-04-08 10:56:20,606 - model: KDSGAT-FNVD
2025-04-08 10:56:20,606 - mode: both
2025-04-08 10:56:20,606 - ============================== End args ==============================
2025-04-08 10:56:20,606 - ============================== config ==============================
2025-04-08 10:56:20,606 - FakeSV_dataset_dir: ./data/FakeSV/
2025-04-08 10:56:20,606 - FakeTT_dataset_dir: ./data/FakeTT/
2025-04-08 10:56:20,606 - SGAT_edge_feats: 768
2025-04-08 10:56:20,606 - SGAT_n_layers: 2
2025-04-08 10:56:20,606 - SGAT_node_feats: 768
2025-04-08 10:56:20,606 - SGAT_num_heads: 2
2025-04-08 10:56:20,606 - SGAT_out_feats: 128
2025-04-08 10:56:20,606 - att_dropout: 0.1
2025-04-08 10:56:20,606 - att_num_heads: 2
2025-04-08 10:56:20,606 - audio_dim: 1024
2025-04-08 10:56:20,607 - audio_fea_path: audio_fea/
2025-04-08 10:56:20,607 - author_intro_max_length: 50
2025-04-08 10:56:20,607 - batch_size: 32
2025-04-08 10:56:20,607 - bert_dir: ./bert-base-multilingual-uncased/
2025-04-08 10:56:20,607 - classifier_hidden_dim: 512
2025-04-08 10:56:20,607 - data_json_path: data.json
2025-04-08 10:56:20,607 - decayRate: 0.96
2025-04-08 10:56:20,607 - device: cuda
2025-04-08 10:56:20,607 - epoch: 20
2025-04-08 10:56:20,607 - f_dropout: 0.1
2025-04-08 10:56:20,607 - fea_dim: 128
2025-04-08 10:56:20,607 - img_dim: 768
2025-04-08 10:56:20,607 - keyframes_fea_path: keyframes_fea/
2025-04-08 10:56:20,607 - keyframes_max_num: 10
2025-04-08 10:56:20,607 - lr: 5e-05
2025-04-08 10:56:20,607 - model_saved_path: ./best_model/
2025-04-08 10:56:20,607 - num_classes: 2
2025-04-08 10:56:20,607 - patience: 3
2025-04-08 10:56:20,607 - scene_graph_path: scene_graph/
2025-04-08 10:56:20,607 - seed: random
2025-04-08 10:56:20,607 - test_dataset: data_split/vid_time3_test.txt
2025-04-08 10:56:20,607 - text_dim: 768
2025-04-08 10:56:20,607 - text_fea_path: text_fea/
2025-04-08 10:56:20,607 - text_max_length: 200
2025-04-08 10:56:20,607 - train_dataset: data_split/vid_time3_train.txt
2025-04-08 10:56:20,607 - user_fea_path: user_fea/
2025-04-08 10:56:20,607 - val_dataset: data_split/vid_time3_val.txt
2025-04-08 10:56:20,607 - ============================== End config ==============================
2025-04-08 10:56:21,857 - total number of parameters:169476610
2025-04-08 10:56:21,860 - -----------Epoch:0-----------
2025-04-08 10:56:22,625 - epoch: 0, step: 0, loss: 0.7089, acc: 0.5250
2025-04-08 10:56:28,308 - epoch: 0, step: 10, loss: 0.6619, acc: 0.5000
2025-04-08 10:56:33,793 - epoch: 0, step: 20, loss: 0.5122, acc: 0.7333
2025-04-08 10:56:39,358 - epoch: 0, step: 30, loss: 0.6318, acc: 0.6580
2025-04-08 10:56:44,906 - epoch: 0, step: 40, loss: 0.5102, acc: 0.7817
2025-04-08 10:56:50,450 - epoch: 0, step: 50, loss: 0.5900, acc: 0.7812
2025-04-08 10:56:55,998 - epoch: 0, step: 60, loss: 0.5614, acc: 0.7510
2025-04-08 10:57:01,397 - epoch: 0, step: 70, loss: 0.4518, acc: 0.7579
2025-04-08 10:57:06,121 - train_loss:0.54389 train_acc:0.724
2025-04-08 10:57:11,491 - val_loss:0.40433 val_acc:0.822 

2025-04-08 10:57:12,609 - save model,acc:0.822
2025-04-08 10:57:12,610 - -----------Epoch:1-----------
2025-04-08 10:57:13,165 - epoch: 1, step: 0, loss: 0.4517, acc: 0.8373
2025-04-08 10:57:18,691 - epoch: 1, step: 10, loss: 0.4469, acc: 0.7490
2025-04-08 10:57:24,071 - epoch: 1, step: 20, loss: 0.4919, acc: 0.7540
2025-04-08 10:57:29,705 - epoch: 1, step: 30, loss: 0.3292, acc: 0.8452
2025-04-08 10:57:35,168 - epoch: 1, step: 40, loss: 0.4022, acc: 0.8373
2025-04-08 10:57:40,791 - epoch: 1, step: 50, loss: 0.5580, acc: 0.7784
2025-04-08 10:57:46,316 - epoch: 1, step: 60, loss: 0.5075, acc: 0.7745
2025-04-08 10:57:51,873 - epoch: 1, step: 70, loss: 0.5571, acc: 0.6875
2025-04-08 10:57:56,586 - train_loss:0.38007 train_acc:0.838
2025-04-08 10:58:01,878 - val_loss:0.42070 val_acc:0.804 

2025-04-08 10:58:01,878 - -----------Epoch:2-----------
2025-04-08 10:58:02,409 - epoch: 2, step: 0, loss: 0.4346, acc: 0.7812
2025-04-08 10:58:07,812 - epoch: 2, step: 10, loss: 0.3169, acc: 0.8947
2025-04-08 10:58:13,381 - epoch: 2, step: 20, loss: 0.3342, acc: 0.8417
2025-04-08 10:58:18,981 - epoch: 2, step: 30, loss: 0.3652, acc: 0.8438
2025-04-08 10:58:24,367 - epoch: 2, step: 40, loss: 0.2410, acc: 0.9333
2025-04-08 10:58:30,002 - epoch: 2, step: 50, loss: 0.3528, acc: 0.8462
2025-04-08 10:58:35,559 - epoch: 2, step: 60, loss: 0.2884, acc: 0.9039
2025-04-08 10:58:41,016 - epoch: 2, step: 70, loss: 0.4222, acc: 0.9048
2025-04-08 10:58:45,668 - train_loss:0.29417 train_acc:0.886
2025-04-08 10:58:50,929 - val_loss:0.48540 val_acc:0.780 

2025-04-08 10:58:50,929 - -----------Epoch:3-----------
2025-04-08 10:58:51,467 - epoch: 3, step: 0, loss: 0.1291, acc: 0.9615
2025-04-08 10:58:56,881 - epoch: 3, step: 10, loss: 0.3121, acc: 0.8563
2025-04-08 10:59:02,518 - epoch: 3, step: 20, loss: 0.3070, acc: 0.8684
2025-04-08 10:59:08,035 - epoch: 3, step: 30, loss: 0.2996, acc: 0.8745
2025-04-08 10:59:13,550 - epoch: 3, step: 40, loss: 0.2018, acc: 0.9373
2025-04-08 10:59:19,153 - epoch: 3, step: 50, loss: 0.1337, acc: 0.9118
2025-04-08 10:59:24,682 - epoch: 3, step: 60, loss: 0.4853, acc: 0.8250
2025-04-08 10:59:30,246 - epoch: 3, step: 70, loss: 0.1335, acc: 0.9545
2025-04-08 10:59:34,808 - train_loss:0.21931 train_acc:0.917
2025-04-08 10:59:40,009 - val_loss:0.73252 val_acc:0.707 

2025-04-08 10:59:45,655 - --------------------- test results-------------------------------
2025-04-08 10:59:45,656 - acc:0.8494582  prec:[0.9009901 0.8352941]  rec:[0.7647059  0.93421054]  f1:[0.8272727 0.8819876]
2025-04-08 10:59:45,656 - confusion: 
[[182  56]
 [ 20 284]]
2025-04-08 10:59:45,712 - the running time is: 203.9 s
