2025-04-08 13:29:31,418 - ============================== args ==============================
2025-04-08 13:29:31,418 - dataset: FakeSV
2025-04-08 13:29:31,418 - model: KDSGAT-FNVD
2025-04-08 13:29:31,419 - mode: both
2025-04-08 13:29:31,419 - ============================== End args ==============================
2025-04-08 13:29:31,419 - ============================== config ==============================
2025-04-08 13:29:31,420 - FakeSV_dataset_dir: ./data/FakeSV/
2025-04-08 13:29:31,420 - FakeTT_dataset_dir: ./data/FakeTT/
2025-04-08 13:29:31,420 - SGAT_edge_feats: 768
2025-04-08 13:29:31,420 - SGAT_n_layers: 2
2025-04-08 13:29:31,420 - SGAT_node_feats: 768
2025-04-08 13:29:31,420 - SGAT_num_heads: 2
2025-04-08 13:29:31,420 - SGAT_out_feats: 128
2025-04-08 13:29:31,420 - att_dropout: 0.1
2025-04-08 13:29:31,420 - att_num_heads: 2
2025-04-08 13:29:31,420 - audio_dim: 1024
2025-04-08 13:29:31,420 - audio_fea_path: audio_fea/
2025-04-08 13:29:31,420 - author_intro_max_length: 50
2025-04-08 13:29:31,420 - batch_size: 32
2025-04-08 13:29:31,420 - bert_dir: ./bert-base-multilingual-uncased/
2025-04-08 13:29:31,420 - classifier_hidden_dim: 512
2025-04-08 13:29:31,420 - data_json_path: data.json
2025-04-08 13:29:31,420 - decayRate: 0.96
2025-04-08 13:29:31,420 - device: cuda
2025-04-08 13:29:31,420 - epoch: 20
2025-04-08 13:29:31,420 - f_dropout: 0.1
2025-04-08 13:29:31,420 - fea_dim: 128
2025-04-08 13:29:31,420 - img_dim: 768
2025-04-08 13:29:31,420 - keyframes_fea_path: keyframes_fea/
2025-04-08 13:29:31,420 - keyframes_max_num: 10
2025-04-08 13:29:31,420 - lr: 5e-05
2025-04-08 13:29:31,420 - model_saved_path: ./best_model/
2025-04-08 13:29:31,420 - num_classes: 2
2025-04-08 13:29:31,420 - patience: 3
2025-04-08 13:29:31,420 - scene_graph_path: scene_graph/
2025-04-08 13:29:31,420 - seed: random
2025-04-08 13:29:31,420 - test_dataset: data_split/vid_time3_test.txt
2025-04-08 13:29:31,420 - text_dim: 768
2025-04-08 13:29:31,421 - text_fea_path: text_fea/
2025-04-08 13:29:31,421 - text_max_length: 200
2025-04-08 13:29:31,421 - train_dataset: data_split/vid_time3_train.txt
2025-04-08 13:29:31,421 - user_fea_path: user_fea/
2025-04-08 13:29:31,421 - val_dataset: data_split/vid_time3_val.txt
2025-04-08 13:29:31,421 - ============================== End config ==============================
2025-04-08 13:29:32,667 - total number of parameters:169476610
2025-04-08 13:29:32,670 - -----------Epoch:0-----------
2025-04-08 13:29:33,386 - epoch: 0, step: 0, loss: 0.7056, acc: 0.5216
2025-04-08 13:29:38,980 - epoch: 0, step: 10, loss: 0.6633, acc: 0.6984
2025-04-08 13:29:44,328 - epoch: 0, step: 20, loss: 0.4763, acc: 0.8057
2025-04-08 13:29:49,962 - epoch: 0, step: 30, loss: 0.5645, acc: 0.7083
2025-04-08 13:29:55,552 - epoch: 0, step: 40, loss: 0.4680, acc: 0.7817
2025-04-08 13:30:01,014 - epoch: 0, step: 50, loss: 0.4421, acc: 0.8451
2025-04-08 13:30:06,603 - epoch: 0, step: 60, loss: 0.4612, acc: 0.7812
2025-04-08 13:30:12,146 - epoch: 0, step: 70, loss: 0.4191, acc: 0.8095
2025-04-08 13:30:16,774 - train_loss:0.53020 train_acc:0.725
2025-04-08 13:30:22,096 - val_loss:0.38531 val_acc:0.819 

2025-04-08 13:30:23,246 - save model,acc:0.819
2025-04-08 13:30:23,247 - -----------Epoch:1-----------
2025-04-08 13:30:23,813 - epoch: 1, step: 0, loss: 0.2627, acc: 0.9365
2025-04-08 13:30:29,329 - epoch: 1, step: 10, loss: 0.2467, acc: 0.8667
2025-04-08 13:30:34,740 - epoch: 1, step: 20, loss: 0.4812, acc: 0.7013
2025-04-08 13:30:40,403 - epoch: 1, step: 30, loss: 0.3177, acc: 0.9008
2025-04-08 13:30:45,789 - epoch: 1, step: 40, loss: 0.5345, acc: 0.7863
2025-04-08 13:30:51,450 - epoch: 1, step: 50, loss: 0.3248, acc: 0.8333
2025-04-08 13:30:57,031 - epoch: 1, step: 60, loss: 0.3384, acc: 0.8750
2025-04-08 13:31:02,454 - epoch: 1, step: 70, loss: 0.4856, acc: 0.7551
2025-04-08 13:31:07,147 - train_loss:0.39152 train_acc:0.837
2025-04-08 13:31:12,366 - val_loss:0.43119 val_acc:0.804 

2025-04-08 13:31:12,366 - -----------Epoch:2-----------
2025-04-08 13:31:12,906 - epoch: 2, step: 0, loss: 0.2941, acc: 0.8810
2025-04-08 13:31:18,308 - epoch: 2, step: 10, loss: 0.4168, acc: 0.8591
2025-04-08 13:31:23,883 - epoch: 2, step: 20, loss: 0.3811, acc: 0.8377
2025-04-08 13:31:29,601 - epoch: 2, step: 30, loss: 0.4771, acc: 0.7824
2025-04-08 13:31:35,019 - epoch: 2, step: 40, loss: 0.3143, acc: 0.9089
2025-04-08 13:31:40,703 - epoch: 2, step: 50, loss: 0.1252, acc: 0.9444
2025-04-08 13:31:46,096 - epoch: 2, step: 60, loss: 0.4307, acc: 0.8745
2025-04-08 13:31:51,695 - epoch: 2, step: 70, loss: 0.2412, acc: 0.9373
2025-04-08 13:31:56,362 - train_loss:0.26364 train_acc:0.896
2025-04-08 13:32:01,644 - val_loss:0.58927 val_acc:0.773 

2025-04-08 13:32:01,645 - -----------Epoch:3-----------
2025-04-08 13:32:02,188 - epoch: 3, step: 0, loss: 0.3005, acc: 0.8583
2025-04-08 13:32:07,582 - epoch: 3, step: 10, loss: 0.2422, acc: 0.9167
2025-04-08 13:32:13,153 - epoch: 3, step: 20, loss: 0.2156, acc: 0.9365
2025-04-08 13:32:18,608 - epoch: 3, step: 30, loss: 0.1265, acc: 0.9783
2025-04-08 13:32:24,256 - epoch: 3, step: 40, loss: 0.3570, acc: 0.9167
2025-04-08 13:32:29,821 - epoch: 3, step: 50, loss: 0.6092, acc: 0.7500
2025-04-08 13:32:35,292 - epoch: 3, step: 60, loss: 0.2581, acc: 0.9167
2025-04-08 13:32:40,912 - epoch: 3, step: 70, loss: 0.0710, acc: 1.0000
2025-04-08 13:32:45,458 - train_loss:0.20526 train_acc:0.924
2025-04-08 13:32:50,616 - val_loss:0.60520 val_acc:0.762 

2025-04-08 13:32:56,331 - --------------------- test results-------------------------------
2025-04-08 13:32:56,332 - acc:0.82734406  prec:[0.8363636  0.83229816]  rec:[0.77310926 0.8815789 ]  f1:[0.80349344 0.85623   ]
2025-04-08 13:32:56,332 - confusion: 
[[184  54]
 [ 36 268]]
2025-04-08 13:32:56,388 - the running time is: 203.7 s
