2025-04-08 09:44:18,739 - ============================== args ==============================
2025-04-08 09:44:18,740 - dataset: FakeSV
2025-04-08 09:44:18,740 - model: KDSGAT-FNVD
2025-04-08 09:44:18,740 - mode: both
2025-04-08 09:44:18,741 - ============================== End args ==============================
2025-04-08 09:44:18,741 - ============================== config ==============================
2025-04-08 09:44:18,741 - FakeSV_dataset_dir: ./data/FakeSV/
2025-04-08 09:44:18,741 - FakeTT_dataset_dir: ./data/FakeTT/
2025-04-08 09:44:18,742 - SGAT_edge_feats: 768
2025-04-08 09:44:18,742 - SGAT_n_layers: 2
2025-04-08 09:44:18,742 - SGAT_node_feats: 768
2025-04-08 09:44:18,742 - SGAT_num_heads: 2
2025-04-08 09:44:18,743 - SGAT_out_feats: 128
2025-04-08 09:44:18,743 - att_dropout: 0.1
2025-04-08 09:44:18,743 - att_num_heads: 2
2025-04-08 09:44:18,744 - audio_dim: 1024
2025-04-08 09:44:18,744 - audio_fea_path: audio_fea/
2025-04-08 09:44:18,744 - author_intro_max_length: 50
2025-04-08 09:44:18,744 - batch_size: 32
2025-04-08 09:44:18,745 - bert_dir: ./bert-base-multilingual-uncased/
2025-04-08 09:44:18,745 - classifier_hidden_dim: 512
2025-04-08 09:44:18,745 - data_json_path: data.json
2025-04-08 09:44:18,745 - decayRate: 0.96
2025-04-08 09:44:18,746 - device: cuda
2025-04-08 09:44:18,746 - epoch: 20
2025-04-08 09:44:18,746 - f_dropout: 0.1
2025-04-08 09:44:18,746 - fea_dim: 128
2025-04-08 09:44:18,747 - img_dim: 768
2025-04-08 09:44:18,747 - keyframes_fea_path: keyframes_fea/
2025-04-08 09:44:18,747 - keyframes_max_num: 10
2025-04-08 09:44:18,747 - lr: 5e-05
2025-04-08 09:44:18,748 - model_saved_path: ./best_model/
2025-04-08 09:44:18,748 - num_classes: 2
2025-04-08 09:44:18,748 - patience: 3
2025-04-08 09:44:18,748 - scene_graph_path: scene_graph/
2025-04-08 09:44:18,749 - seed: random
2025-04-08 09:44:18,749 - test_dataset: data_split/vid_time3_test.txt
2025-04-08 09:44:18,749 - text_dim: 768
2025-04-08 09:44:18,749 - text_fea_path: text_fea/
2025-04-08 09:44:18,750 - text_max_length: 200
2025-04-08 09:44:18,750 - train_dataset: data_split/vid_time3_train.txt
2025-04-08 09:44:18,750 - user_fea_path: user_fea/
2025-04-08 09:44:18,750 - val_dataset: data_split/vid_time3_val.txt
2025-04-08 09:44:18,751 - ============================== End config ==============================
2025-04-08 09:44:20,036 - total number of parameters:169476610
2025-04-08 09:44:20,039 - -----------Epoch:0-----------
2025-04-08 09:44:20,833 - epoch: 0, step: 0, loss: 0.7050, acc: 0.5000
2025-04-08 09:44:26,439 - epoch: 0, step: 10, loss: 0.6744, acc: 0.5870
2025-04-08 09:44:31,870 - epoch: 0, step: 20, loss: 0.6390, acc: 0.5952
2025-04-08 09:44:37,437 - epoch: 0, step: 30, loss: 0.6735, acc: 0.5804
2025-04-08 09:44:43,176 - epoch: 0, step: 40, loss: 0.6938, acc: 0.5083
2025-04-08 09:44:48,633 - epoch: 0, step: 50, loss: 0.5932, acc: 0.6320
2025-04-08 09:44:54,275 - epoch: 0, step: 60, loss: 0.7137, acc: 0.6157
2025-04-08 09:44:59,875 - epoch: 0, step: 70, loss: 0.7178, acc: 0.4413
2025-04-08 09:45:04,425 - train_loss:0.65414 train_acc:0.607
2025-04-08 09:45:09,611 - val_loss:0.46261 val_acc:0.791 

2025-04-08 09:45:10,757 - save model,acc:0.791
2025-04-08 09:45:10,758 - -----------Epoch:1-----------
2025-04-08 09:45:11,304 - epoch: 1, step: 0, loss: 0.5832, acc: 0.7421
2025-04-08 09:45:16,860 - epoch: 1, step: 10, loss: 0.5798, acc: 0.7833
2025-04-08 09:45:22,274 - epoch: 1, step: 20, loss: 0.3668, acc: 0.9083
2025-04-08 09:45:27,834 - epoch: 1, step: 30, loss: 0.6313, acc: 0.6500
2025-04-08 09:45:33,412 - epoch: 1, step: 40, loss: 0.4399, acc: 0.8095
2025-04-08 09:45:38,806 - epoch: 1, step: 50, loss: 0.3432, acc: 0.8864
2025-04-08 09:45:44,420 - epoch: 1, step: 60, loss: 0.3495, acc: 0.8889
2025-04-08 09:45:49,882 - epoch: 1, step: 70, loss: 0.6078, acc: 0.7500
2025-04-08 09:45:54,728 - train_loss:0.51315 train_acc:0.764
2025-04-08 09:45:59,870 - val_loss:0.48118 val_acc:0.782 

2025-04-08 09:45:59,871 - -----------Epoch:2-----------
2025-04-08 09:46:00,420 - epoch: 2, step: 0, loss: 0.4855, acc: 0.8320
2025-04-08 09:46:05,979 - epoch: 2, step: 10, loss: 0.5344, acc: 0.8373
2025-04-08 09:46:11,640 - epoch: 2, step: 20, loss: 0.2842, acc: 0.9348
2025-04-08 09:46:17,267 - epoch: 2, step: 30, loss: 0.6283, acc: 0.7857
2025-04-08 09:46:22,692 - epoch: 2, step: 40, loss: 0.2948, acc: 0.8500
2025-04-08 09:46:28,243 - epoch: 2, step: 50, loss: 0.5100, acc: 0.7812
2025-04-08 09:46:33,912 - epoch: 2, step: 60, loss: 0.2741, acc: 0.9062
2025-04-08 09:46:39,271 - epoch: 2, step: 70, loss: 0.3365, acc: 0.8438
2025-04-08 09:46:43,917 - train_loss:0.40051 train_acc:0.833
2025-04-08 09:46:48,933 - val_loss:0.39780 val_acc:0.815 

2025-04-08 09:46:50,047 - save model,acc:0.815
2025-04-08 09:46:50,047 - -----------Epoch:3-----------
2025-04-08 09:46:50,728 - epoch: 3, step: 0, loss: 0.2960, acc: 0.9352
2025-04-08 09:46:56,251 - epoch: 3, step: 10, loss: 0.4431, acc: 0.8300
2025-04-08 09:47:01,767 - epoch: 3, step: 20, loss: 0.1550, acc: 0.9667
2025-04-08 09:47:07,134 - epoch: 3, step: 30, loss: 0.1367, acc: 0.9750
2025-04-08 09:47:12,679 - epoch: 3, step: 40, loss: 0.2294, acc: 0.9089
2025-04-08 09:47:18,308 - epoch: 3, step: 50, loss: 0.1966, acc: 0.9008
2025-04-08 09:47:23,792 - epoch: 3, step: 60, loss: 0.3797, acc: 0.8532
2025-04-08 09:47:29,357 - epoch: 3, step: 70, loss: 0.1627, acc: 0.9583
2025-04-08 09:47:34,041 - train_loss:0.29524 train_acc:0.890
2025-04-08 09:47:39,226 - val_loss:0.43293 val_acc:0.824 

2025-04-08 09:47:40,330 - save model,acc:0.824
2025-04-08 09:47:40,330 - -----------Epoch:4-----------
2025-04-08 09:47:40,901 - epoch: 4, step: 0, loss: 0.2012, acc: 0.9667
2025-04-08 09:47:46,418 - epoch: 4, step: 10, loss: 0.1829, acc: 0.9524
2025-04-08 09:47:52,021 - epoch: 4, step: 20, loss: 0.1908, acc: 0.8831
2025-04-08 09:47:57,545 - epoch: 4, step: 30, loss: 0.2198, acc: 0.8824
2025-04-08 09:48:03,098 - epoch: 4, step: 40, loss: 0.1688, acc: 0.9750
2025-04-08 09:48:08,619 - epoch: 4, step: 50, loss: 0.2387, acc: 0.9365
2025-04-08 09:48:14,084 - epoch: 4, step: 60, loss: 0.4011, acc: 0.8175
2025-04-08 09:48:19,733 - epoch: 4, step: 70, loss: 0.2012, acc: 0.9118
2025-04-08 09:48:24,293 - train_loss:0.21263 train_acc:0.922
2025-04-08 09:48:29,443 - val_loss:0.48380 val_acc:0.808 

2025-04-08 09:48:29,443 - -----------Epoch:5-----------
2025-04-08 09:48:29,981 - epoch: 5, step: 0, loss: 0.0817, acc: 1.0000
2025-04-08 09:48:35,568 - epoch: 5, step: 10, loss: 0.1701, acc: 0.8889
2025-04-08 09:48:41,110 - epoch: 5, step: 20, loss: 0.2073, acc: 0.9352
2025-04-08 09:48:46,614 - epoch: 5, step: 30, loss: 0.0734, acc: 0.9365
2025-04-08 09:48:52,112 - epoch: 5, step: 40, loss: 0.1562, acc: 0.9087
2025-04-08 09:48:57,700 - epoch: 5, step: 50, loss: 0.3509, acc: 0.8810
2025-04-08 09:49:03,187 - epoch: 5, step: 60, loss: 0.1630, acc: 0.9352
2025-04-08 09:49:08,796 - epoch: 5, step: 70, loss: 0.1355, acc: 0.9737
2025-04-08 09:49:13,327 - train_loss:0.15424 train_acc:0.941
2025-04-08 09:49:18,588 - val_loss:0.53413 val_acc:0.819 

2025-04-08 09:49:18,588 - -----------Epoch:6-----------
2025-04-08 09:49:19,143 - epoch: 6, step: 0, loss: 0.0329, acc: 1.0000
2025-04-08 09:49:24,806 - epoch: 6, step: 10, loss: 0.1312, acc: 0.9583
2025-04-08 09:49:30,364 - epoch: 6, step: 20, loss: 0.0113, acc: 1.0000
2025-04-08 09:49:35,792 - epoch: 6, step: 30, loss: 0.0331, acc: 0.9706
2025-04-08 09:49:41,369 - epoch: 6, step: 40, loss: 0.1485, acc: 0.9773
2025-04-08 09:49:47,038 - epoch: 6, step: 50, loss: 0.0346, acc: 1.0000
2025-04-08 09:49:52,440 - epoch: 6, step: 60, loss: 0.0268, acc: 1.0000
2025-04-08 09:49:58,083 - epoch: 6, step: 70, loss: 0.2211, acc: 0.8545
2025-04-08 09:50:02,689 - train_loss:0.11358 train_acc:0.962
2025-04-08 09:50:08,052 - val_loss:0.67463 val_acc:0.788 

2025-04-08 09:50:13,580 - --------------------- test results-------------------------------
2025-04-08 09:50:13,580 - acc:0.8402256  prec:[0.8538813  0.84210527]  rec:[0.78571427 0.8947368 ]  f1:[0.8183808 0.8676236]
2025-04-08 09:50:13,581 - confusion: 
[[187  51]
 [ 32 272]]
2025-04-08 09:50:13,636 - the running time is: 353.6 s
