2025-04-08 12:20:45,441 - ============================== args ==============================
2025-04-08 12:20:45,441 - dataset: FakeSV
2025-04-08 12:20:45,441 - model: KDSGAT-FNVD
2025-04-08 12:20:45,441 - mode: both
2025-04-08 12:20:45,441 - ============================== End args ==============================
2025-04-08 12:20:45,441 - ============================== config ==============================
2025-04-08 12:20:45,441 - FakeSV_dataset_dir: ./data/FakeSV/
2025-04-08 12:20:45,441 - FakeTT_dataset_dir: ./data/FakeTT/
2025-04-08 12:20:45,441 - SGAT_edge_feats: 768
2025-04-08 12:20:45,441 - SGAT_n_layers: 2
2025-04-08 12:20:45,441 - SGAT_node_feats: 768
2025-04-08 12:20:45,441 - SGAT_num_heads: 2
2025-04-08 12:20:45,441 - SGAT_out_feats: 128
2025-04-08 12:20:45,441 - att_dropout: 0.1
2025-04-08 12:20:45,441 - att_num_heads: 2
2025-04-08 12:20:45,441 - audio_dim: 1024
2025-04-08 12:20:45,441 - audio_fea_path: audio_fea/
2025-04-08 12:20:45,441 - author_intro_max_length: 50
2025-04-08 12:20:45,441 - batch_size: 32
2025-04-08 12:20:45,441 - bert_dir: ./bert-base-multilingual-uncased/
2025-04-08 12:20:45,441 - classifier_hidden_dim: 512
2025-04-08 12:20:45,441 - data_json_path: data.json
2025-04-08 12:20:45,441 - decayRate: 0.96
2025-04-08 12:20:45,441 - device: cuda
2025-04-08 12:20:45,441 - epoch: 20
2025-04-08 12:20:45,441 - f_dropout: 0.1
2025-04-08 12:20:45,442 - fea_dim: 128
2025-04-08 12:20:45,442 - img_dim: 768
2025-04-08 12:20:45,442 - keyframes_fea_path: keyframes_fea/
2025-04-08 12:20:45,442 - keyframes_max_num: 10
2025-04-08 12:20:45,442 - lr: 5e-05
2025-04-08 12:20:45,442 - model_saved_path: ./best_model/
2025-04-08 12:20:45,442 - num_classes: 2
2025-04-08 12:20:45,442 - patience: 3
2025-04-08 12:20:45,442 - scene_graph_path: scene_graph/
2025-04-08 12:20:45,442 - seed: random
2025-04-08 12:20:45,442 - test_dataset: data_split/vid_time3_test.txt
2025-04-08 12:20:45,442 - text_dim: 768
2025-04-08 12:20:45,442 - text_fea_path: text_fea/
2025-04-08 12:20:45,442 - text_max_length: 200
2025-04-08 12:20:45,442 - train_dataset: data_split/vid_time3_train.txt
2025-04-08 12:20:45,442 - user_fea_path: user_fea/
2025-04-08 12:20:45,442 - val_dataset: data_split/vid_time3_val.txt
2025-04-08 12:20:45,442 - ============================== End config ==============================
2025-04-08 12:20:46,796 - total number of parameters:169476610
2025-04-08 12:20:46,799 - -----------Epoch:0-----------
2025-04-08 12:20:47,538 - epoch: 0, step: 0, loss: 0.7003, acc: 0.5000
2025-04-08 12:20:53,083 - epoch: 0, step: 10, loss: 0.5674, acc: 0.7540
2025-04-08 12:20:58,514 - epoch: 0, step: 20, loss: 0.6342, acc: 0.6235
2025-04-08 12:21:04,083 - epoch: 0, step: 30, loss: 0.5152, acc: 0.7895
2025-04-08 12:21:09,736 - epoch: 0, step: 40, loss: 0.5736, acc: 0.7188
2025-04-08 12:21:15,143 - epoch: 0, step: 50, loss: 0.3778, acc: 0.8300
2025-04-08 12:21:20,734 - epoch: 0, step: 60, loss: 0.6358, acc: 0.6667
2025-04-08 12:21:26,098 - epoch: 0, step: 70, loss: 0.5691, acc: 0.7188
2025-04-08 12:21:30,824 - train_loss:0.51486 train_acc:0.748
2025-04-08 12:21:36,008 - val_loss:0.48280 val_acc:0.760 

2025-04-08 12:21:37,135 - save model,acc:0.760
2025-04-08 12:21:37,135 - -----------Epoch:1-----------
2025-04-08 12:21:37,686 - epoch: 1, step: 0, loss: 0.4568, acc: 0.7373
2025-04-08 12:21:43,193 - epoch: 1, step: 10, loss: 0.3584, acc: 0.9039
2025-04-08 12:21:48,602 - epoch: 1, step: 20, loss: 0.3677, acc: 0.8451
2025-04-08 12:21:54,107 - epoch: 1, step: 30, loss: 0.4008, acc: 0.8730
2025-04-08 12:21:59,671 - epoch: 1, step: 40, loss: 0.3502, acc: 0.7591
2025-04-08 12:22:05,217 - epoch: 1, step: 50, loss: 0.3012, acc: 0.7944
2025-04-08 12:22:10,762 - epoch: 1, step: 60, loss: 0.3228, acc: 0.8412
2025-04-08 12:22:16,169 - epoch: 1, step: 70, loss: 0.4639, acc: 0.8178
2025-04-08 12:22:20,948 - train_loss:0.34136 train_acc:0.859
2025-04-08 12:22:26,095 - val_loss:0.54745 val_acc:0.777 

2025-04-08 12:22:27,215 - save model,acc:0.777
2025-04-08 12:22:27,215 - -----------Epoch:2-----------
2025-04-08 12:22:27,768 - epoch: 2, step: 0, loss: 0.3320, acc: 0.8529
2025-04-08 12:22:33,179 - epoch: 2, step: 10, loss: 0.3682, acc: 0.8196
2025-04-08 12:22:38,849 - epoch: 2, step: 20, loss: 0.1162, acc: 0.9667
2025-04-08 12:22:44,415 - epoch: 2, step: 30, loss: 0.1363, acc: 0.9373
2025-04-08 12:22:49,791 - epoch: 2, step: 40, loss: 0.3538, acc: 0.8438
2025-04-08 12:22:55,405 - epoch: 2, step: 50, loss: 0.3786, acc: 0.8826
2025-04-08 12:23:00,902 - epoch: 2, step: 60, loss: 0.1068, acc: 0.9545
2025-04-08 12:23:06,440 - epoch: 2, step: 70, loss: 0.3799, acc: 0.8824
2025-04-08 12:23:11,134 - train_loss:0.25817 train_acc:0.900
2025-04-08 12:23:16,281 - val_loss:0.56561 val_acc:0.775 

2025-04-08 12:23:16,281 - -----------Epoch:3-----------
2025-04-08 12:23:16,818 - epoch: 3, step: 0, loss: 0.1658, acc: 0.9750
2025-04-08 12:23:22,292 - epoch: 3, step: 10, loss: 0.2094, acc: 0.9474
2025-04-08 12:23:27,901 - epoch: 3, step: 20, loss: 0.0618, acc: 0.9667
2025-04-08 12:23:33,311 - epoch: 3, step: 30, loss: 0.0672, acc: 0.9643
2025-04-08 12:23:38,875 - epoch: 3, step: 40, loss: 0.1961, acc: 0.8784
2025-04-08 12:23:44,450 - epoch: 3, step: 50, loss: 0.1529, acc: 0.9474
2025-04-08 12:23:49,866 - epoch: 3, step: 60, loss: 0.1130, acc: 0.9333
2025-04-08 12:23:55,507 - epoch: 3, step: 70, loss: 0.0603, acc: 1.0000
2025-04-08 12:24:00,060 - train_loss:0.14626 train_acc:0.950
2025-04-08 12:24:05,332 - val_loss:0.50340 val_acc:0.793 

2025-04-08 12:24:06,461 - save model,acc:0.793
2025-04-08 12:24:06,461 - -----------Epoch:4-----------
2025-04-08 12:24:07,023 - epoch: 4, step: 0, loss: 0.0418, acc: 1.0000
2025-04-08 12:24:12,587 - epoch: 4, step: 10, loss: 0.0320, acc: 1.0000
2025-04-08 12:24:18,074 - epoch: 4, step: 20, loss: 0.0247, acc: 1.0000
2025-04-08 12:24:23,509 - epoch: 4, step: 30, loss: 0.1706, acc: 0.9250
2025-04-08 12:24:29,110 - epoch: 4, step: 40, loss: 0.0186, acc: 1.0000
2025-04-08 12:24:34,588 - epoch: 4, step: 50, loss: 0.0262, acc: 1.0000
2025-04-08 12:24:40,149 - epoch: 4, step: 60, loss: 0.1066, acc: 0.9373
2025-04-08 12:24:45,790 - epoch: 4, step: 70, loss: 0.1938, acc: 0.9737
2025-04-08 12:24:50,363 - train_loss:0.09552 train_acc:0.971
2025-04-08 12:24:55,563 - val_loss:0.60789 val_acc:0.780 

2025-04-08 12:24:55,564 - -----------Epoch:5-----------
2025-04-08 12:24:56,112 - epoch: 5, step: 0, loss: 0.0418, acc: 1.0000
2025-04-08 12:25:01,698 - epoch: 5, step: 10, loss: 0.0191, acc: 1.0000
2025-04-08 12:25:07,128 - epoch: 5, step: 20, loss: 0.0227, acc: 1.0000
2025-04-08 12:25:12,761 - epoch: 5, step: 30, loss: 0.0399, acc: 1.0000
2025-04-08 12:25:18,282 - epoch: 5, step: 40, loss: 0.0318, acc: 0.9583
2025-04-08 12:25:23,769 - epoch: 5, step: 50, loss: 0.1956, acc: 0.9087
2025-04-08 12:25:29,378 - epoch: 5, step: 60, loss: 0.0051, acc: 1.0000
2025-04-08 12:25:34,828 - epoch: 5, step: 70, loss: 0.0091, acc: 1.0000
2025-04-08 12:25:39,505 - train_loss:0.05125 train_acc:0.983
2025-04-08 12:25:44,787 - val_loss:0.71610 val_acc:0.784 

2025-04-08 12:25:44,787 - -----------Epoch:6-----------
2025-04-08 12:25:45,327 - epoch: 6, step: 0, loss: 0.0620, acc: 0.9737
2025-04-08 12:25:50,781 - epoch: 6, step: 10, loss: 0.0377, acc: 0.9706
2025-04-08 12:25:56,352 - epoch: 6, step: 20, loss: 0.0052, acc: 1.0000
2025-04-08 12:26:01,934 - epoch: 6, step: 30, loss: 0.0161, acc: 1.0000
2025-04-08 12:26:07,377 - epoch: 6, step: 40, loss: 0.0126, acc: 1.0000
2025-04-08 12:26:12,893 - epoch: 6, step: 50, loss: 0.1667, acc: 0.9474
2025-04-08 12:26:18,492 - epoch: 6, step: 60, loss: 0.0227, acc: 1.0000
2025-04-08 12:26:23,940 - epoch: 6, step: 70, loss: 0.0199, acc: 1.0000
2025-04-08 12:26:28,695 - train_loss:0.03326 train_acc:0.989
2025-04-08 12:26:34,036 - val_loss:0.87211 val_acc:0.784 

2025-04-08 12:26:39,614 - --------------------- test results-------------------------------
2025-04-08 12:26:39,615 - acc:0.8483525  prec:[0.84347826 0.85897434]  rec:[0.81512606 0.8815789 ]  f1:[0.82905984 0.8701299 ]
2025-04-08 12:26:39,615 - confusion: 
[[194  44]
 [ 36 268]]
2025-04-08 12:26:39,671 - the running time is: 352.9 s
