2025-04-08 09:00:46,674 - ============================== args ==============================
2025-04-08 09:00:46,674 - dataset: FakeSV
2025-04-08 09:00:46,674 - model: KDSGAT-FNVD
2025-04-08 09:00:46,674 - mode: both
2025-04-08 09:00:46,674 - ============================== End args ==============================
2025-04-08 09:00:46,674 - ============================== config ==============================
2025-04-08 09:00:46,674 - FakeSV_dataset_dir: ./data/FakeSV/
2025-04-08 09:00:46,674 - FakeTT_dataset_dir: ./data/FakeTT/
2025-04-08 09:00:46,674 - SGAT_edge_feats: 768
2025-04-08 09:00:46,674 - SGAT_n_layers: 2
2025-04-08 09:00:46,674 - SGAT_node_feats: 768
2025-04-08 09:00:46,674 - SGAT_num_heads: 2
2025-04-08 09:00:46,674 - SGAT_out_feats: 128
2025-04-08 09:00:46,674 - att_dropout: 0.1
2025-04-08 09:00:46,674 - att_num_heads: 2
2025-04-08 09:00:46,674 - audio_dim: 1024
2025-04-08 09:00:46,674 - audio_fea_path: audio_fea/
2025-04-08 09:00:46,674 - author_intro_max_length: 50
2025-04-08 09:00:46,674 - batch_size: 32
2025-04-08 09:00:46,674 - bert_dir: ./bert-base-multilingual-uncased/
2025-04-08 09:00:46,674 - classifier_hidden_dim: 512
2025-04-08 09:00:46,674 - data_json_path: data.json
2025-04-08 09:00:46,674 - decayRate: 0.96
2025-04-08 09:00:46,674 - device: cuda
2025-04-08 09:00:46,674 - epoch: 20
2025-04-08 09:00:46,675 - f_dropout: 0.1
2025-04-08 09:00:46,675 - fea_dim: 128
2025-04-08 09:00:46,675 - img_dim: 768
2025-04-08 09:00:46,675 - keyframes_fea_path: keyframes_fea/
2025-04-08 09:00:46,675 - keyframes_max_num: 10
2025-04-08 09:00:46,675 - lr: 5e-05
2025-04-08 09:00:46,675 - model_saved_path: ./best_model/
2025-04-08 09:00:46,675 - num_classes: 2
2025-04-08 09:00:46,675 - patience: 3
2025-04-08 09:00:46,675 - scene_graph_path: scene_graph/
2025-04-08 09:00:46,675 - seed: random
2025-04-08 09:00:46,675 - test_dataset: data_split/vid_time3_test.txt
2025-04-08 09:00:46,675 - text_dim: 768
2025-04-08 09:00:46,675 - text_fea_path: text_fea/
2025-04-08 09:00:46,675 - text_max_length: 200
2025-04-08 09:00:46,675 - train_dataset: data_split/vid_time3_train.txt
2025-04-08 09:00:46,675 - user_fea_path: user_fea/
2025-04-08 09:00:46,675 - val_dataset: data_split/vid_time3_val.txt
2025-04-08 09:00:46,675 - ============================== End config ==============================
2025-04-08 09:00:47,880 - total number of parameters:169476610
2025-04-08 09:00:47,883 - -----------Epoch:0-----------
2025-04-08 09:00:48,612 - epoch: 0, step: 0, loss: 0.7116, acc: 0.4722
2025-04-08 09:00:54,199 - epoch: 0, step: 10, loss: 0.6127, acc: 0.7157
2025-04-08 09:00:59,612 - epoch: 0, step: 20, loss: 0.3937, acc: 0.9089
2025-04-08 09:01:05,316 - epoch: 0, step: 30, loss: 0.5081, acc: 0.7287
2025-04-08 09:01:10,896 - epoch: 0, step: 40, loss: 0.5032, acc: 0.8078
2025-04-08 09:01:16,325 - epoch: 0, step: 50, loss: 0.4059, acc: 0.8125
2025-04-08 09:01:21,999 - epoch: 0, step: 60, loss: 0.4422, acc: 0.7302
2025-04-08 09:01:27,411 - epoch: 0, step: 70, loss: 0.3811, acc: 0.8125
2025-04-08 09:01:32,246 - train_loss:0.50400 train_acc:0.756
2025-04-08 09:01:37,492 - val_loss:0.40984 val_acc:0.832 

2025-04-08 09:01:38,593 - save model,acc:0.832
2025-04-08 09:01:38,593 - -----------Epoch:1-----------
2025-04-08 09:01:39,138 - epoch: 1, step: 0, loss: 0.2376, acc: 0.9524
2025-04-08 09:01:44,567 - epoch: 1, step: 10, loss: 0.4336, acc: 0.8490
2025-04-08 09:01:50,121 - epoch: 1, step: 20, loss: 0.5415, acc: 0.8000
2025-04-08 09:01:55,777 - epoch: 1, step: 30, loss: 0.2504, acc: 0.8667
2025-04-08 09:02:01,297 - epoch: 1, step: 40, loss: 0.3834, acc: 0.8438
2025-04-08 09:02:06,879 - epoch: 1, step: 50, loss: 0.3878, acc: 0.9008
2025-04-08 09:02:12,356 - epoch: 1, step: 60, loss: 0.4657, acc: 0.8125
2025-04-08 09:02:17,921 - epoch: 1, step: 70, loss: 0.2573, acc: 0.9062
2025-04-08 09:02:22,690 - train_loss:0.32662 train_acc:0.872
2025-04-08 09:02:27,758 - val_loss:0.47575 val_acc:0.800 

2025-04-08 09:02:27,758 - -----------Epoch:2-----------
2025-04-08 09:02:28,423 - epoch: 2, step: 0, loss: 0.2739, acc: 0.9500
2025-04-08 09:02:33,909 - epoch: 2, step: 10, loss: 0.3287, acc: 0.8929
2025-04-08 09:02:39,476 - epoch: 2, step: 20, loss: 0.4044, acc: 0.8235
2025-04-08 09:02:45,049 - epoch: 2, step: 30, loss: 0.2362, acc: 0.8968
2025-04-08 09:02:50,583 - epoch: 2, step: 40, loss: 0.0947, acc: 1.0000
2025-04-08 09:02:56,170 - epoch: 2, step: 50, loss: 0.3187, acc: 0.8583
2025-04-08 09:03:01,671 - epoch: 2, step: 60, loss: 0.3231, acc: 0.8532
2025-04-08 09:03:07,297 - epoch: 2, step: 70, loss: 0.2393, acc: 0.9062
2025-04-08 09:03:11,818 - train_loss:0.23823 train_acc:0.905
2025-04-08 09:03:17,011 - val_loss:0.66243 val_acc:0.720 

2025-04-08 09:03:17,011 - -----------Epoch:3-----------
2025-04-08 09:03:17,542 - epoch: 3, step: 0, loss: 0.2737, acc: 0.8889
2025-04-08 09:03:23,155 - epoch: 3, step: 10, loss: 0.0585, acc: 1.0000
2025-04-08 09:03:28,782 - epoch: 3, step: 20, loss: 0.0437, acc: 1.0000
2025-04-08 09:03:34,233 - epoch: 3, step: 30, loss: 0.1916, acc: 0.9000
2025-04-08 09:03:39,776 - epoch: 3, step: 40, loss: 0.0602, acc: 0.9667
2025-04-08 09:03:45,457 - epoch: 3, step: 50, loss: 0.0206, acc: 1.0000
2025-04-08 09:03:50,912 - epoch: 3, step: 60, loss: 0.1102, acc: 0.9615
2025-04-08 09:03:56,460 - epoch: 3, step: 70, loss: 0.1932, acc: 0.9706
2025-04-08 09:04:01,005 - train_loss:0.16212 train_acc:0.945
2025-04-08 09:04:06,219 - val_loss:0.57475 val_acc:0.793 

2025-04-08 09:04:11,732 - --------------------- test results-------------------------------
2025-04-08 09:04:11,733 - acc:0.8448004  prec:[0.9040404  0.82848835]  rec:[0.7521008 0.9375   ]  f1:[0.8211009 0.8796296]
2025-04-08 09:04:11,733 - confusion: 
[[179  59]
 [ 19 285]]
2025-04-08 09:04:11,788 - the running time is: 203.9 s
