2025-04-08 08:54:55,688 - ============================== args ==============================
2025-04-08 08:54:55,688 - dataset: FakeSV
2025-04-08 08:54:55,688 - model: KDSGAT-FNVD
2025-04-08 08:54:55,688 - mode: both
2025-04-08 08:54:55,689 - ============================== End args ==============================
2025-04-08 08:54:55,689 - ============================== config ==============================
2025-04-08 08:54:55,689 - FakeSV_dataset_dir: ./data/FakeSV/
2025-04-08 08:54:55,689 - FakeTT_dataset_dir: ./data/FakeTT/
2025-04-08 08:54:55,689 - SGAT_edge_feats: 768
2025-04-08 08:54:55,689 - SGAT_n_layers: 2
2025-04-08 08:54:55,689 - SGAT_node_feats: 768
2025-04-08 08:54:55,689 - SGAT_num_heads: 2
2025-04-08 08:54:55,689 - SGAT_out_feats: 128
2025-04-08 08:54:55,689 - att_dropout: 0.1
2025-04-08 08:54:55,689 - att_num_heads: 2
2025-04-08 08:54:55,689 - audio_dim: 1024
2025-04-08 08:54:55,689 - audio_fea_path: audio_fea/
2025-04-08 08:54:55,689 - author_intro_max_length: 50
2025-04-08 08:54:55,689 - batch_size: 32
2025-04-08 08:54:55,689 - bert_dir: ./bert-base-multilingual-uncased/
2025-04-08 08:54:55,689 - classifier_hidden_dim: 512
2025-04-08 08:54:55,689 - data_json_path: data.json
2025-04-08 08:54:55,689 - decayRate: 0.96
2025-04-08 08:54:55,689 - device: cuda
2025-04-08 08:54:55,689 - epoch: 20
2025-04-08 08:54:55,689 - f_dropout: 0.1
2025-04-08 08:54:55,689 - fea_dim: 128
2025-04-08 08:54:55,689 - img_dim: 768
2025-04-08 08:54:55,689 - keyframes_fea_path: keyframes_fea/
2025-04-08 08:54:55,689 - keyframes_max_num: 10
2025-04-08 08:54:55,689 - lr: 5e-05
2025-04-08 08:54:55,689 - model_saved_path: ./best_model/
2025-04-08 08:54:55,689 - num_classes: 2
2025-04-08 08:54:55,689 - patience: 3
2025-04-08 08:54:55,689 - scene_graph_path: scene_graph/
2025-04-08 08:54:55,690 - seed: random
2025-04-08 08:54:55,690 - test_dataset: data_split/vid_time3_test.txt
2025-04-08 08:54:55,690 - text_dim: 768
2025-04-08 08:54:55,690 - text_fea_path: text_fea/
2025-04-08 08:54:55,690 - text_max_length: 200
2025-04-08 08:54:55,690 - train_dataset: data_split/vid_time3_train.txt
2025-04-08 08:54:55,690 - user_fea_path: user_fea/
2025-04-08 08:54:55,690 - val_dataset: data_split/vid_time3_val.txt
2025-04-08 08:54:55,690 - ============================== End config ==============================
2025-04-08 08:54:56,933 - total number of parameters:169476610
2025-04-08 08:54:56,936 - -----------Epoch:0-----------
2025-04-08 08:54:57,674 - epoch: 0, step: 0, loss: 0.7000, acc: 0.5294
2025-04-08 08:55:03,312 - epoch: 0, step: 10, loss: 0.7042, acc: 0.5397
2025-04-08 08:55:08,769 - epoch: 0, step: 20, loss: 0.5282, acc: 0.7659
2025-04-08 08:55:14,378 - epoch: 0, step: 30, loss: 0.6821, acc: 0.6314
2025-04-08 08:55:19,927 - epoch: 0, step: 40, loss: 0.5185, acc: 0.6154
2025-04-08 08:55:25,407 - epoch: 0, step: 50, loss: 0.5344, acc: 0.7157
2025-04-08 08:55:30,998 - epoch: 0, step: 60, loss: 0.6629, acc: 0.6980
2025-04-08 08:55:36,457 - epoch: 0, step: 70, loss: 0.4411, acc: 0.7902
2025-04-08 08:55:41,140 - train_loss:0.61403 train_acc:0.653
2025-04-08 08:55:46,428 - val_loss:0.55497 val_acc:0.753 

2025-04-08 08:55:47,516 - save model,acc:0.753
2025-04-08 08:55:47,516 - -----------Epoch:1-----------
2025-04-08 08:55:48,060 - epoch: 1, step: 0, loss: 0.6545, acc: 0.6875
2025-04-08 08:55:53,555 - epoch: 1, step: 10, loss: 0.7006, acc: 0.7143
2025-04-08 08:55:59,119 - epoch: 1, step: 20, loss: 0.5304, acc: 0.7412
2025-04-08 08:56:04,773 - epoch: 1, step: 30, loss: 0.4195, acc: 0.8333
2025-04-08 08:56:10,195 - epoch: 1, step: 40, loss: 0.5646, acc: 0.7510
2025-04-08 08:56:15,808 - epoch: 1, step: 50, loss: 0.4403, acc: 0.8095
2025-04-08 08:56:21,246 - epoch: 1, step: 60, loss: 0.3700, acc: 0.8083
2025-04-08 08:56:26,897 - epoch: 1, step: 70, loss: 0.3566, acc: 0.8750
2025-04-08 08:56:31,543 - train_loss:0.48949 train_acc:0.776
2025-04-08 08:56:36,818 - val_loss:0.45096 val_acc:0.795 

2025-04-08 08:56:37,916 - save model,acc:0.795
2025-04-08 08:56:37,916 - -----------Epoch:2-----------
2025-04-08 08:56:38,451 - epoch: 2, step: 0, loss: 0.3136, acc: 0.9118
2025-04-08 08:56:43,896 - epoch: 2, step: 10, loss: 0.3873, acc: 0.7784
2025-04-08 08:56:49,521 - epoch: 2, step: 20, loss: 0.4449, acc: 0.8451
2025-04-08 08:56:55,071 - epoch: 2, step: 30, loss: 0.4757, acc: 0.8175
2025-04-08 08:57:00,616 - epoch: 2, step: 40, loss: 0.2411, acc: 0.9039
2025-04-08 08:57:06,407 - epoch: 2, step: 50, loss: 0.2225, acc: 0.9365
2025-04-08 08:57:11,854 - epoch: 2, step: 60, loss: 0.2459, acc: 0.9078
2025-04-08 08:57:17,457 - epoch: 2, step: 70, loss: 0.3070, acc: 0.9039
2025-04-08 08:57:22,028 - train_loss:0.37444 train_acc:0.843
2025-04-08 08:57:27,371 - val_loss:0.39548 val_acc:0.839 

2025-04-08 08:57:28,460 - save model,acc:0.839
2025-04-08 08:57:28,460 - -----------Epoch:3-----------
2025-04-08 08:57:29,008 - epoch: 3, step: 0, loss: 0.2851, acc: 0.9000
2025-04-08 08:57:34,505 - epoch: 3, step: 10, loss: 0.5057, acc: 0.8441
2025-04-08 08:57:39,972 - epoch: 3, step: 20, loss: 0.2538, acc: 0.8810
2025-04-08 08:57:45,782 - epoch: 3, step: 30, loss: 0.3161, acc: 0.9062
2025-04-08 08:57:51,369 - epoch: 3, step: 40, loss: 0.2201, acc: 0.8968
2025-04-08 08:57:56,824 - epoch: 3, step: 50, loss: 0.3833, acc: 0.7530
2025-04-08 08:58:02,392 - epoch: 3, step: 60, loss: 0.1277, acc: 0.9667
2025-04-08 08:58:08,056 - epoch: 3, step: 70, loss: 0.5471, acc: 0.7500
2025-04-08 08:58:12,642 - train_loss:0.28020 train_acc:0.891
2025-04-08 08:58:17,901 - val_loss:0.53839 val_acc:0.773 

2025-04-08 08:58:17,901 - -----------Epoch:4-----------
2025-04-08 08:58:18,440 - epoch: 4, step: 0, loss: 0.1797, acc: 0.8750
2025-04-08 08:58:23,958 - epoch: 4, step: 10, loss: 0.2837, acc: 0.8750
2025-04-08 08:58:29,403 - epoch: 4, step: 20, loss: 0.0650, acc: 1.0000
2025-04-08 08:58:34,985 - epoch: 4, step: 30, loss: 0.1244, acc: 0.9762
2025-04-08 08:58:40,547 - epoch: 4, step: 40, loss: 0.3242, acc: 0.8826
2025-04-08 08:58:46,059 - epoch: 4, step: 50, loss: 0.0953, acc: 0.9524
2025-04-08 08:58:51,717 - epoch: 4, step: 60, loss: 0.1284, acc: 1.0000
2025-04-08 08:58:57,191 - epoch: 4, step: 70, loss: 0.1598, acc: 0.9373
2025-04-08 08:59:01,906 - train_loss:0.21279 train_acc:0.920
2025-04-08 08:59:07,111 - val_loss:0.53153 val_acc:0.780 

2025-04-08 08:59:07,111 - -----------Epoch:5-----------
2025-04-08 08:59:07,826 - epoch: 5, step: 0, loss: 0.1679, acc: 0.9643
2025-04-08 08:59:13,460 - epoch: 5, step: 10, loss: 0.1622, acc: 0.9706
2025-04-08 08:59:18,914 - epoch: 5, step: 20, loss: 0.2102, acc: 0.9062
2025-04-08 08:59:24,552 - epoch: 5, step: 30, loss: 0.0976, acc: 0.9688
2025-04-08 08:59:29,995 - epoch: 5, step: 40, loss: 0.1048, acc: 0.9365
2025-04-08 08:59:35,469 - epoch: 5, step: 50, loss: 0.1220, acc: 0.9722
2025-04-08 08:59:41,028 - epoch: 5, step: 60, loss: 0.1433, acc: 0.9762
2025-04-08 08:59:46,422 - epoch: 5, step: 70, loss: 0.2619, acc: 0.9373
2025-04-08 08:59:51,213 - train_loss:0.14842 train_acc:0.950
2025-04-08 08:59:56,390 - val_loss:0.51143 val_acc:0.808 

2025-04-08 09:00:01,927 - --------------------- test results-------------------------------
2025-04-08 09:00:01,927 - acc:0.8423264  prec:[0.8545455 0.8447205]  rec:[0.789916  0.8947368]  f1:[0.8209607 0.8690096]
2025-04-08 09:00:01,927 - confusion: 
[[188  50]
 [ 32 272]]
2025-04-08 09:00:01,984 - the running time is: 305.0 s
