2024-11-28 08:37:49,875 - ============================== args ==============================
2024-11-28 08:37:49,876 - dataset: FakeSV
2024-11-28 08:37:49,876 - model: FakingRecipe
2024-11-28 08:37:49,876 - mode: both
2024-11-28 08:37:49,876 - ============================== End args ==============================
2024-11-28 08:37:49,877 - ============================== config ==============================
2024-11-28 08:37:49,877 - FakeSV_dataset_dir: ./data/FakeSV/
2024-11-28 08:37:49,877 - FakeSV_metainfo_path: ./data/baseline/fea//fakesv/metainfo.json
2024-11-28 08:37:49,877 - FakeSV_ocr_pattern_fea_path: ./data/baseline/fea//fakesv/preprocess_ocr/sam
2024-11-28 08:37:49,877 - FakeTT_dataset_dir: ./data/FakeTT/
2024-11-28 08:37:49,877 - FakeTT_metainfo_path: ./data/baseline/fea//fakett/metainfo.json
2024-11-28 08:37:49,877 - FakeTT_ocr_pattern_fea_path: ./data/baseline/fea//fakett/preprocess_ocr/sam
2024-11-28 08:37:49,877 - batch_size: 128
2024-11-28 08:37:49,877 - data_json_path: data.json
2024-11-28 08:37:49,877 - dataset_dir: ./data/baseline/fea/
2024-11-28 08:37:49,877 - decayRate: 0.96
2024-11-28 08:37:49,877 - device: cuda
2024-11-28 08:37:49,877 - epoch: 20
2024-11-28 08:37:49,877 - lr: 5e-05
2024-11-28 08:37:49,877 - model_saved_path: ./best_model/
2024-11-28 08:37:49,877 - num_classes: 2
2024-11-28 08:37:49,877 - patience: 3
2024-11-28 08:37:49,877 - seed: 2023
2024-11-28 08:37:49,877 - test_dataset: data_split/vid_time3_test.txt
2024-11-28 08:37:49,877 - train_dataset: data_split/vid_time3_train.txt
2024-11-28 08:37:49,877 - val_dataset: data_split/vid_time3_val.txt
2024-11-28 08:37:49,878 - ============================== End config ==============================
2024-11-28 08:39:09,250 - total number of parameters:13040724
2024-11-28 08:39:09,254 - -----------Epoch:0-----------
2024-11-28 08:39:34,062 - epoch: 0, step: 0, loss: 0.6917, acc: 0.4692
2024-11-28 08:42:55,966 - epoch: 0, step: 10, loss: 0.6397, acc: 0.5673
2024-11-28 08:45:55,829 - train_loss:0.66855 train_acc:0.533
2024-11-28 08:47:37,480 - val_loss:0.61800 val_acc:0.623 

2024-11-28 08:47:37,598 - save model,acc:0.623
2024-11-28 08:47:37,599 - -----------Epoch:1-----------
2024-11-28 08:47:57,226 - epoch: 1, step: 0, loss: 0.6468, acc: 0.6652
2024-11-28 08:51:07,480 - epoch: 1, step: 10, loss: 0.5707, acc: 0.7188
2024-11-28 08:53:51,576 - train_loss:0.58264 train_acc:0.719
2024-11-28 08:55:20,277 - val_loss:0.47761 val_acc:0.802 

2024-11-28 08:55:20,374 - save model,acc:0.802
2024-11-28 08:55:20,374 - -----------Epoch:2-----------
2024-11-28 08:55:38,321 - epoch: 2, step: 0, loss: 0.4948, acc: 0.8126
2024-11-28 08:58:48,983 - epoch: 2, step: 10, loss: 0.4003, acc: 0.8368
2024-11-28 09:01:27,964 - train_loss:0.46666 train_acc:0.801
2024-11-28 09:02:56,632 - val_loss:0.41899 val_acc:0.837 

2024-11-28 09:02:56,728 - save model,acc:0.837
2024-11-28 09:02:56,728 - -----------Epoch:3-----------
2024-11-28 09:03:14,474 - epoch: 3, step: 0, loss: 0.4637, acc: 0.7679
2024-11-28 09:06:23,895 - epoch: 3, step: 10, loss: 0.4390, acc: 0.8099
2024-11-28 09:09:02,127 - train_loss:0.40455 train_acc:0.824
2024-11-28 09:10:29,515 - val_loss:0.41113 val_acc:0.824 

2024-11-28 09:10:29,517 - -----------Epoch:4-----------
2024-11-28 09:10:47,042 - epoch: 4, step: 0, loss: 0.3383, acc: 0.8900
2024-11-28 09:13:49,542 - epoch: 4, step: 10, loss: 0.3857, acc: 0.8515
2024-11-28 09:16:33,485 - train_loss:0.36908 train_acc:0.854
2024-11-28 09:18:00,994 - val_loss:0.40777 val_acc:0.848 

2024-11-28 09:18:01,096 - save model,acc:0.848
2024-11-28 09:18:01,096 - -----------Epoch:5-----------
2024-11-28 09:18:21,777 - epoch: 5, step: 0, loss: 0.4178, acc: 0.7921
2024-11-28 09:21:26,575 - epoch: 5, step: 10, loss: 0.3683, acc: 0.8179
2024-11-28 09:24:04,835 - train_loss:0.34100 train_acc:0.853
2024-11-28 09:25:32,348 - val_loss:0.40397 val_acc:0.848 

2024-11-28 09:25:32,349 - -----------Epoch:6-----------
2024-11-28 09:25:51,759 - epoch: 6, step: 0, loss: 0.2966, acc: 0.8800
2024-11-28 09:28:56,279 - epoch: 6, step: 10, loss: 0.2681, acc: 0.8953
2024-11-28 09:31:37,452 - train_loss:0.30533 train_acc:0.877
2024-11-28 09:33:05,441 - val_loss:0.41620 val_acc:0.837 

2024-11-28 09:33:05,442 - -----------Epoch:7-----------
2024-11-28 09:33:23,023 - epoch: 7, step: 0, loss: 0.3427, acc: 0.8836
2024-11-28 09:36:26,641 - epoch: 7, step: 10, loss: 0.2786, acc: 0.8961
2024-11-28 09:39:09,648 - train_loss:0.28334 train_acc:0.894
2024-11-28 09:40:37,466 - val_loss:0.41879 val_acc:0.842 

2024-11-28 09:42:29,737 - --------------------- test results-------------------------------
2024-11-28 09:42:29,738 - acc:0.82872623  prec:[0.91351354 0.8067227 ]  rec:[0.710084   0.94736844]  f1:[0.7990544 0.871407 ]
2024-11-28 09:42:29,739 - confusion: 
[[169  69]
 [ 16 288]]
2024-11-28 09:42:29,805 - the running time is: 3800.6 s
