2024-12-01 06:56:27,650 - ============================== args ==============================
2024-12-01 06:56:27,650 - dataset: FakeSV
2024-12-01 06:56:27,650 - model: KDSGAT-FNVD
2024-12-01 06:56:27,650 - mode: both
2024-12-01 06:56:27,650 - ============================== End args ==============================
2024-12-01 06:56:27,651 - ============================== config ==============================
2024-12-01 06:56:27,651 - FakeSV_dataset_dir: ./data/FakeSV/
2024-12-01 06:56:27,651 - FakeTT_dataset_dir: ./data/FakeTT/
2024-12-01 06:56:27,651 - SGAT_edge_feats: 768
2024-12-01 06:56:27,651 - SGAT_n_layers: 2
2024-12-01 06:56:27,651 - SGAT_node_feats: 768
2024-12-01 06:56:27,651 - SGAT_num_heads: 2
2024-12-01 06:56:27,651 - SGAT_out_feats: 128
2024-12-01 06:56:27,651 - att_dropout: 0.1
2024-12-01 06:56:27,651 - att_num_heads: 2
2024-12-01 06:56:27,651 - audio_dim: 1024
2024-12-01 06:56:27,651 - audio_fea_path: audio_fea/
2024-12-01 06:56:27,651 - author_intro_max_length: 50
2024-12-01 06:56:27,651 - batch_size: 32
2024-12-01 06:56:27,651 - bert_dir: ./bert-base-multilingual-uncased/
2024-12-01 06:56:27,652 - classifier_hidden_dim: 512
2024-12-01 06:56:27,652 - data_json_path: data.json
2024-12-01 06:56:27,652 - decayRate: 0.96
2024-12-01 06:56:27,652 - device: cuda
2024-12-01 06:56:27,652 - epoch: 20
2024-12-01 06:56:27,652 - f_dropout: 0.1
2024-12-01 06:56:27,652 - fea_dim: 128
2024-12-01 06:56:27,652 - img_dim: 768
2024-12-01 06:56:27,652 - keyframes_fea_path: keyframes_fea/
2024-12-01 06:56:27,652 - keyframes_max_num: 10
2024-12-01 06:56:27,652 - lr: 5e-05
2024-12-01 06:56:27,652 - model_saved_path: ./best_model/
2024-12-01 06:56:27,652 - num_classes: 2
2024-12-01 06:56:27,652 - patience: 3
2024-12-01 06:56:27,652 - scene_graph_path: scene_graph/
2024-12-01 06:56:27,652 - seed: 2024
2024-12-01 06:56:27,652 - test_dataset: data_split/vid_time3_test.txt
2024-12-01 06:56:27,652 - text_dim: 768
2024-12-01 06:56:27,652 - text_max_length: 200
2024-12-01 06:56:27,652 - train_dataset: data_split/vid_time3_train.txt
2024-12-01 06:56:27,652 - val_dataset: data_split/vid_time3_val.txt
2024-12-01 06:56:27,652 - ============================== End config ==============================
2024-12-01 06:56:29,313 - total number of parameters:169476610
2024-12-01 06:56:29,316 - -----------Epoch:0-----------
2024-12-01 06:56:30,167 - epoch: 0, step: 0, loss: 0.7435, acc: 0.4688
2024-12-01 06:56:35,122 - epoch: 0, step: 10, loss: 0.5850, acc: 0.7024
2024-12-01 06:56:39,703 - epoch: 0, step: 20, loss: 0.6102, acc: 0.7812
2024-12-01 06:56:44,661 - epoch: 0, step: 30, loss: 0.5969, acc: 0.7235
2024-12-01 06:56:49,545 - epoch: 0, step: 40, loss: 0.3468, acc: 0.8810
2024-12-01 06:56:54,302 - epoch: 0, step: 50, loss: 0.4881, acc: 0.7794
2024-12-01 06:56:59,067 - epoch: 0, step: 60, loss: 0.4398, acc: 0.8421
2024-12-01 06:57:03,641 - epoch: 0, step: 70, loss: 0.4727, acc: 0.8421
2024-12-01 06:57:07,827 - train_loss:0.53812 train_acc:0.740
2024-12-01 06:57:13,175 - val_loss:0.49457 val_acc:0.780 

2024-12-01 06:57:14,084 - save model,acc:0.780
2024-12-01 06:57:14,084 - -----------Epoch:1-----------
2024-12-01 06:57:14,566 - epoch: 1, step: 0, loss: 0.5906, acc: 0.7222
2024-12-01 06:57:18,918 - epoch: 1, step: 10, loss: 0.3100, acc: 0.9167
2024-12-01 06:57:23,016 - epoch: 1, step: 20, loss: 0.5905, acc: 0.7287
2024-12-01 06:57:27,374 - epoch: 1, step: 30, loss: 0.4277, acc: 0.8254
2024-12-01 06:57:31,598 - epoch: 1, step: 40, loss: 0.2973, acc: 0.8438
2024-12-01 06:57:36,102 - epoch: 1, step: 50, loss: 0.4354, acc: 0.8157
2024-12-01 06:57:40,508 - epoch: 1, step: 60, loss: 0.3966, acc: 0.8412
2024-12-01 06:57:44,711 - epoch: 1, step: 70, loss: 0.2926, acc: 0.8583
2024-12-01 06:57:48,515 - train_loss:0.36465 train_acc:0.848
2024-12-01 06:57:52,857 - val_loss:0.41444 val_acc:0.811 

2024-12-01 06:57:54,114 - save model,acc:0.811
2024-12-01 06:57:54,114 - -----------Epoch:2-----------
2024-12-01 06:57:54,538 - epoch: 2, step: 0, loss: 0.2602, acc: 0.8810
2024-12-01 06:57:58,942 - epoch: 2, step: 10, loss: 0.2617, acc: 0.9375
2024-12-01 06:58:03,347 - epoch: 2, step: 20, loss: 0.2044, acc: 0.9286
2024-12-01 06:58:07,479 - epoch: 2, step: 30, loss: 0.2492, acc: 0.8615
2024-12-01 06:58:11,734 - epoch: 2, step: 40, loss: 0.1980, acc: 0.9375
2024-12-01 06:58:16,068 - epoch: 2, step: 50, loss: 0.4362, acc: 0.8125
2024-12-01 06:58:20,227 - epoch: 2, step: 60, loss: 0.1270, acc: 0.9375
2024-12-01 06:58:24,525 - epoch: 2, step: 70, loss: 0.2983, acc: 0.8398
2024-12-01 06:58:28,283 - train_loss:0.21197 train_acc:0.920
2024-12-01 06:58:32,469 - val_loss:0.61267 val_acc:0.756 

2024-12-01 06:58:32,470 - -----------Epoch:3-----------
2024-12-01 06:58:33,003 - epoch: 3, step: 0, loss: 0.1753, acc: 0.9333
2024-12-01 06:58:37,340 - epoch: 3, step: 10, loss: 0.1559, acc: 0.9688
2024-12-01 06:58:41,782 - epoch: 3, step: 20, loss: 0.1181, acc: 0.9750
2024-12-01 06:58:45,983 - epoch: 3, step: 30, loss: 0.1206, acc: 0.9375
2024-12-01 06:58:50,221 - epoch: 3, step: 40, loss: 0.2704, acc: 0.8273
2024-12-01 06:58:54,460 - epoch: 3, step: 50, loss: 0.1528, acc: 0.9211
2024-12-01 06:58:58,677 - epoch: 3, step: 60, loss: 0.1492, acc: 0.9773
2024-12-01 06:59:02,989 - epoch: 3, step: 70, loss: 0.0809, acc: 0.9688
2024-12-01 06:59:06,689 - train_loss:0.15342 train_acc:0.940
2024-12-01 06:59:11,001 - val_loss:0.58748 val_acc:0.791 

2024-12-01 06:59:11,001 - -----------Epoch:4-----------
2024-12-01 06:59:11,562 - epoch: 4, step: 0, loss: 0.2684, acc: 0.9286
2024-12-01 06:59:15,723 - epoch: 4, step: 10, loss: 0.0799, acc: 1.0000
2024-12-01 06:59:20,085 - epoch: 4, step: 20, loss: 0.0141, acc: 1.0000
2024-12-01 06:59:24,319 - epoch: 4, step: 30, loss: 0.0240, acc: 1.0000
2024-12-01 06:59:28,799 - epoch: 4, step: 40, loss: 0.0695, acc: 0.9615
2024-12-01 06:59:33,120 - epoch: 4, step: 50, loss: 0.0785, acc: 0.9737
2024-12-01 06:59:37,221 - epoch: 4, step: 60, loss: 0.0657, acc: 0.9688
2024-12-01 06:59:41,580 - epoch: 4, step: 70, loss: 0.1535, acc: 0.9091
2024-12-01 06:59:45,185 - train_loss:0.09838 train_acc:0.968
2024-12-01 06:59:49,764 - val_loss:0.63680 val_acc:0.789 

2024-12-01 06:59:54,699 - --------------------- test results-------------------------------
2024-12-01 06:59:54,700 - acc:0.84734356  prec:[0.822314 0.87    ]  rec:[0.83613443 0.85855263]  f1:[0.82916665 0.8642384 ]
2024-12-01 06:59:54,700 - confusion: 
[[199  39]
 [ 43 261]]
2024-12-01 06:59:54,757 - the running time is: 205.4 s
