2024-12-01 06:54:29,738 - ============================== args ==============================
2024-12-01 06:54:29,738 - dataset: FakeTT
2024-12-01 06:54:29,738 - model: KDSGAT-FNVD
2024-12-01 06:54:29,738 - mode: both
2024-12-01 06:54:29,738 - ============================== End args ==============================
2024-12-01 06:54:29,739 - ============================== config ==============================
2024-12-01 06:54:29,739 - FakeSV_dataset_dir: ./data/FakeSV/
2024-12-01 06:54:29,739 - FakeTT_dataset_dir: ./data/FakeTT/
2024-12-01 06:54:29,739 - SGAT_edge_feats: 768
2024-12-01 06:54:29,739 - SGAT_n_layers: 2
2024-12-01 06:54:29,739 - SGAT_node_feats: 768
2024-12-01 06:54:29,739 - SGAT_num_heads: 2
2024-12-01 06:54:29,739 - SGAT_out_feats: 128
2024-12-01 06:54:29,739 - att_dropout: 0.1
2024-12-01 06:54:29,739 - att_num_heads: 2
2024-12-01 06:54:29,739 - audio_dim: 1024
2024-12-01 06:54:29,739 - audio_fea_path: audio_fea/
2024-12-01 06:54:29,739 - author_intro_max_length: 50
2024-12-01 06:54:29,739 - batch_size: 32
2024-12-01 06:54:29,739 - bert_dir: ./bert-base-multilingual-uncased/
2024-12-01 06:54:29,739 - classifier_hidden_dim: 512
2024-12-01 06:54:29,739 - data_json_path: data.json
2024-12-01 06:54:29,739 - decayRate: 0.96
2024-12-01 06:54:29,739 - device: cuda
2024-12-01 06:54:29,739 - epoch: 20
2024-12-01 06:54:29,739 - f_dropout: 0.1
2024-12-01 06:54:29,739 - fea_dim: 128
2024-12-01 06:54:29,739 - img_dim: 768
2024-12-01 06:54:29,739 - keyframes_fea_path: keyframes_fea/
2024-12-01 06:54:29,739 - keyframes_max_num: 10
2024-12-01 06:54:29,739 - lr: 5e-05
2024-12-01 06:54:29,739 - model_saved_path: ./best_model/
2024-12-01 06:54:29,740 - num_classes: 2
2024-12-01 06:54:29,740 - patience: 3
2024-12-01 06:54:29,740 - scene_graph_path: scene_graph/
2024-12-01 06:54:29,740 - seed: 2024
2024-12-01 06:54:29,740 - test_dataset: data_split/vid_time3_test.txt
2024-12-01 06:54:29,740 - text_dim: 768
2024-12-01 06:54:29,740 - text_max_length: 200
2024-12-01 06:54:29,740 - train_dataset: data_split/vid_time3_train.txt
2024-12-01 06:54:29,740 - val_dataset: data_split/vid_time3_val.txt
2024-12-01 06:54:29,740 - ============================== End config ==============================
2024-12-01 06:54:31,329 - total number of parameters:169476610
2024-12-01 06:54:31,333 - -----------Epoch:0-----------
2024-12-01 06:54:32,045 - epoch: 0, step: 0, loss: 0.6719, acc: 0.5121
2024-12-01 06:54:35,505 - epoch: 0, step: 10, loss: 0.5737, acc: 0.6000
2024-12-01 06:54:38,794 - epoch: 0, step: 20, loss: 0.4279, acc: 0.7756
2024-12-01 06:54:42,359 - epoch: 0, step: 30, loss: 0.3433, acc: 0.7899
2024-12-01 06:54:45,755 - epoch: 0, step: 40, loss: 0.4207, acc: 0.8160
2024-12-01 06:54:46,612 - train_loss:0.52222 train_acc:0.678
2024-12-01 06:54:48,487 - val_loss:0.46024 val_acc:0.787 

2024-12-01 06:54:49,409 - save model,acc:0.787
2024-12-01 06:54:49,409 - -----------Epoch:1-----------
2024-12-01 06:54:49,746 - epoch: 1, step: 0, loss: 0.2666, acc: 0.8651
2024-12-01 06:54:53,212 - epoch: 1, step: 10, loss: 0.3566, acc: 0.8831
2024-12-01 06:54:56,573 - epoch: 1, step: 20, loss: 0.1176, acc: 0.9783
2024-12-01 06:55:00,017 - epoch: 1, step: 30, loss: 0.3670, acc: 0.8542
2024-12-01 06:55:03,467 - epoch: 1, step: 40, loss: 0.1650, acc: 0.9352
2024-12-01 06:55:04,338 - train_loss:0.29176 train_acc:0.862
2024-12-01 06:55:06,213 - val_loss:0.46486 val_acc:0.814 

2024-12-01 06:55:07,485 - save model,acc:0.814
2024-12-01 06:55:07,486 - -----------Epoch:2-----------
2024-12-01 06:55:07,914 - epoch: 2, step: 0, loss: 0.1653, acc: 0.9667
2024-12-01 06:55:11,296 - epoch: 2, step: 10, loss: 0.2250, acc: 0.9307
2024-12-01 06:55:14,643 - epoch: 2, step: 20, loss: 0.1257, acc: 0.9737
2024-12-01 06:55:17,941 - epoch: 2, step: 30, loss: 0.1527, acc: 0.9375
2024-12-01 06:55:21,484 - epoch: 2, step: 40, loss: 0.1814, acc: 0.9307
2024-12-01 06:55:22,379 - train_loss:0.19672 train_acc:0.926
2024-12-01 06:55:24,341 - val_loss:0.51454 val_acc:0.800 

2024-12-01 06:55:24,341 - -----------Epoch:3-----------
2024-12-01 06:55:24,802 - epoch: 3, step: 0, loss: 0.1030, acc: 0.9737
2024-12-01 06:55:27,997 - epoch: 3, step: 10, loss: 0.1142, acc: 0.9722
2024-12-01 06:55:31,347 - epoch: 3, step: 20, loss: 0.0749, acc: 0.9615
2024-12-01 06:55:34,624 - epoch: 3, step: 30, loss: 0.1172, acc: 0.9773
2024-12-01 06:55:38,028 - epoch: 3, step: 40, loss: 0.3245, acc: 0.8958
2024-12-01 06:55:38,932 - train_loss:0.13044 train_acc:0.951
2024-12-01 06:55:41,021 - val_loss:0.69073 val_acc:0.781 

2024-12-01 06:55:41,022 - -----------Epoch:4-----------
2024-12-01 06:55:41,359 - epoch: 4, step: 0, loss: 0.1038, acc: 0.9583
2024-12-01 06:55:44,815 - epoch: 4, step: 10, loss: 0.1225, acc: 0.9524
2024-12-01 06:55:48,234 - epoch: 4, step: 20, loss: 0.0296, acc: 1.0000
2024-12-01 06:55:51,440 - epoch: 4, step: 30, loss: 0.0551, acc: 1.0000
2024-12-01 06:55:54,873 - epoch: 4, step: 40, loss: 0.1127, acc: 0.9565
2024-12-01 06:55:55,742 - train_loss:0.09289 train_acc:0.969
2024-12-01 06:55:57,758 - val_loss:0.64589 val_acc:0.811 

2024-12-01 06:56:00,175 - --------------------- test results-------------------------------
2024-12-01 06:56:00,175 - acc:0.81939393  prec:[0.9268293  0.64444447]  rec:[0.76      0.8787879]  f1:[0.83516484 0.74358976]
2024-12-01 06:56:00,175 - confusion: 
[[152  48]
 [ 12  87]]
2024-12-01 06:56:00,235 - the running time is: 88.9 s
