2025-02-23 11:43:40,225 - ============================== args ==============================
2025-02-23 11:43:40,227 - dataset: FakeSV
2025-02-23 11:43:40,227 - model: KF_wo_SG
2025-02-23 11:43:40,228 - mode: both
2025-02-23 11:43:40,228 - ============================== End args ==============================
2025-02-23 11:43:40,229 - ============================== config ==============================
2025-02-23 11:43:40,229 - FakeSV_dataset_dir: ./data/FakeSV/
2025-02-23 11:43:40,230 - FakeSV_metainfo_path: ./data/baseline/fea//fakesv/metainfo.json
2025-02-23 11:43:40,230 - FakeSV_ocr_pattern_fea_path: ./data/baseline/fea//fakesv/preprocess_ocr/sam
2025-02-23 11:43:40,230 - FakeTT_dataset_dir: ./data/FakeTT/
2025-02-23 11:43:40,230 - FakeTT_metainfo_path: ./data/baseline/fea//fakett/metainfo.json
2025-02-23 11:43:40,231 - FakeTT_ocr_pattern_fea_path: ./data/baseline/fea//fakett/preprocess_ocr/sam
2025-02-23 11:43:40,231 - batch_size: 128
2025-02-23 11:43:40,231 - data_json_path: data.json
2025-02-23 11:43:40,231 - dataset_dir: ./data/baseline/fea/
2025-02-23 11:43:40,232 - decayRate: 0.96
2025-02-23 11:43:40,232 - device: cuda
2025-02-23 11:43:40,232 - epoch: 20
2025-02-23 11:43:40,233 - lr: 5e-05
2025-02-23 11:43:40,233 - model_saved_path: ./best_model/
2025-02-23 11:43:40,233 - num_classes: 2
2025-02-23 11:43:40,233 - patience: 3
2025-02-23 11:43:40,234 - seed: 2023
2025-02-23 11:43:40,234 - test_dataset: data_split/vid_time3_test.txt
2025-02-23 11:43:40,234 - train_dataset: data_split/vid_time3_train.txt
2025-02-23 11:43:40,234 - val_dataset: data_split/vid_time3_val.txt
2025-02-23 11:43:40,235 - ============================== End config ==============================
2025-02-23 11:43:42,924 - total number of parameters:168358402
2025-02-23 11:43:42,928 - -----------Epoch:0-----------
2025-02-23 11:43:43,554 - epoch: 0, step: 0, loss: 0.6733, acc: 0.5000
2025-02-23 11:43:47,842 - epoch: 0, step: 10, loss: 0.5897, acc: 0.7126
2025-02-23 11:43:52,250 - epoch: 0, step: 20, loss: 0.4804, acc: 0.6833
2025-02-23 11:43:56,740 - epoch: 0, step: 30, loss: 0.4013, acc: 0.8583
2025-02-23 11:44:01,193 - epoch: 0, step: 40, loss: 0.4486, acc: 0.7409
2025-02-23 11:44:05,605 - epoch: 0, step: 50, loss: 0.6183, acc: 0.7510
2025-02-23 11:44:10,007 - epoch: 0, step: 60, loss: 0.5121, acc: 0.7468
2025-02-23 11:44:14,485 - epoch: 0, step: 70, loss: 0.3473, acc: 0.8421
2025-02-23 11:44:18,182 - train_loss:0.51538 train_acc:0.745
2025-02-23 11:44:22,016 - val_loss:0.38594 val_acc:0.837 

2025-02-23 11:44:22,894 - save model,acc:0.837
2025-02-23 11:44:22,895 - -----------Epoch:1-----------
2025-02-23 11:44:23,303 - epoch: 1, step: 0, loss: 0.5908, acc: 0.7529
2025-02-23 11:44:27,379 - epoch: 1, step: 10, loss: 0.2257, acc: 1.0000
2025-02-23 11:44:31,394 - epoch: 1, step: 20, loss: 0.3797, acc: 0.8373
2025-02-23 11:44:35,460 - epoch: 1, step: 30, loss: 0.2832, acc: 0.8968
2025-02-23 11:44:39,495 - epoch: 1, step: 40, loss: 0.5071, acc: 0.8095
2025-02-23 11:44:43,703 - epoch: 1, step: 50, loss: 0.4629, acc: 0.8409
2025-02-23 11:44:47,724 - epoch: 1, step: 60, loss: 0.3249, acc: 0.8750
2025-02-23 11:44:51,693 - epoch: 1, step: 70, loss: 0.3542, acc: 0.8333
2025-02-23 11:44:55,050 - train_loss:0.36658 train_acc:0.844
2025-02-23 11:44:58,137 - val_loss:0.40591 val_acc:0.804 

2025-02-23 11:44:58,137 - -----------Epoch:2-----------
2025-02-23 11:44:58,537 - epoch: 2, step: 0, loss: 0.1836, acc: 1.0000
2025-02-23 11:45:02,629 - epoch: 2, step: 10, loss: 0.3138, acc: 0.8490
2025-02-23 11:45:06,653 - epoch: 2, step: 20, loss: 0.2570, acc: 0.8563
2025-02-23 11:45:10,652 - epoch: 2, step: 30, loss: 0.3222, acc: 0.8917
2025-02-23 11:45:14,746 - epoch: 2, step: 40, loss: 0.2792, acc: 0.8810
2025-02-23 11:45:18,765 - epoch: 2, step: 50, loss: 0.2830, acc: 0.9078
2025-02-23 11:45:22,771 - epoch: 2, step: 60, loss: 0.2737, acc: 0.8667
2025-02-23 11:45:26,838 - epoch: 2, step: 70, loss: 0.1912, acc: 0.9643
2025-02-23 11:45:30,240 - train_loss:0.25129 train_acc:0.908
2025-02-23 11:45:33,416 - val_loss:0.43547 val_acc:0.808 

2025-02-23 11:45:33,416 - -----------Epoch:3-----------
2025-02-23 11:45:33,822 - epoch: 3, step: 0, loss: 0.1119, acc: 1.0000
2025-02-23 11:45:37,809 - epoch: 3, step: 10, loss: 0.0964, acc: 0.9643
2025-02-23 11:45:41,797 - epoch: 3, step: 20, loss: 0.2693, acc: 0.9118
2025-02-23 11:45:45,995 - epoch: 3, step: 30, loss: 0.0585, acc: 1.0000
2025-02-23 11:45:50,082 - epoch: 3, step: 40, loss: 0.0849, acc: 0.9688
2025-02-23 11:45:54,229 - epoch: 3, step: 50, loss: 0.0958, acc: 0.9706
2025-02-23 11:45:58,258 - epoch: 3, step: 60, loss: 0.1402, acc: 0.9583
2025-02-23 11:46:02,259 - epoch: 3, step: 70, loss: 0.1137, acc: 0.9375
2025-02-23 11:46:05,723 - train_loss:0.14474 train_acc:0.953
2025-02-23 11:46:08,831 - val_loss:0.63751 val_acc:0.778 

2025-02-23 11:46:13,058 - --------------------- test results-------------------------------
2025-02-23 11:46:13,058 - acc:0.8158448  prec:[0.8924731 0.7977528]  rec:[0.697479   0.93421054]  f1:[0.7830189 0.8606061]
2025-02-23 11:46:13,058 - confusion: 
[[166  72]
 [ 20 284]]
2025-02-23 11:46:13,117 - the running time is: 150.2 s
