2025-02-23 11:50:38,599 - ============================== args ==============================
2025-02-23 11:50:38,600 - dataset: FakeTT
2025-02-23 11:50:38,600 - model: KF_wo_SG
2025-02-23 11:50:38,600 - mode: both
2025-02-23 11:50:38,600 - ============================== End args ==============================
2025-02-23 11:50:38,600 - ============================== config ==============================
2025-02-23 11:50:38,600 - FakeSV_dataset_dir: ./data/FakeSV/
2025-02-23 11:50:38,601 - FakeSV_metainfo_path: ./data/baseline/fea//fakesv/metainfo.json
2025-02-23 11:50:38,601 - FakeSV_ocr_pattern_fea_path: ./data/baseline/fea//fakesv/preprocess_ocr/sam
2025-02-23 11:50:38,601 - FakeTT_dataset_dir: ./data/FakeTT/
2025-02-23 11:50:38,601 - FakeTT_metainfo_path: ./data/baseline/fea//fakett/metainfo.json
2025-02-23 11:50:38,601 - FakeTT_ocr_pattern_fea_path: ./data/baseline/fea//fakett/preprocess_ocr/sam
2025-02-23 11:50:38,601 - batch_size: 128
2025-02-23 11:50:38,601 - data_json_path: data.json
2025-02-23 11:50:38,601 - dataset_dir: ./data/baseline/fea/
2025-02-23 11:50:38,601 - decayRate: 0.96
2025-02-23 11:50:38,601 - device: cuda
2025-02-23 11:50:38,601 - epoch: 20
2025-02-23 11:50:38,601 - lr: 5e-05
2025-02-23 11:50:38,601 - model_saved_path: ./best_model/
2025-02-23 11:50:38,601 - num_classes: 2
2025-02-23 11:50:38,601 - patience: 3
2025-02-23 11:50:38,601 - seed: 2023
2025-02-23 11:50:38,601 - test_dataset: data_split/vid_time3_test.txt
2025-02-23 11:50:38,601 - train_dataset: data_split/vid_time3_train.txt
2025-02-23 11:50:38,601 - val_dataset: data_split/vid_time3_val.txt
2025-02-23 11:50:38,601 - ============================== End config ==============================
2025-02-23 11:50:40,252 - total number of parameters:168358402
2025-02-23 11:50:40,255 - -----------Epoch:0-----------
2025-02-23 11:50:40,767 - epoch: 0, step: 0, loss: 0.7206, acc: 0.5000
2025-02-23 11:50:43,922 - epoch: 0, step: 10, loss: 0.5013, acc: 0.5625
2025-02-23 11:50:46,960 - epoch: 0, step: 20, loss: 0.5438, acc: 0.7812
2025-02-23 11:50:49,931 - epoch: 0, step: 30, loss: 0.4589, acc: 0.5000
2025-02-23 11:50:52,923 - epoch: 0, step: 40, loss: 0.3156, acc: 0.6474
2025-02-23 11:50:53,695 - train_loss:0.51626 train_acc:0.675
2025-02-23 11:50:55,128 - val_loss:0.48552 val_acc:0.771 

2025-02-23 11:50:56,030 - save model,acc:0.771
2025-02-23 11:50:56,030 - -----------Epoch:1-----------
2025-02-23 11:50:56,298 - epoch: 1, step: 0, loss: 0.5123, acc: 0.7667
2025-02-23 11:50:59,039 - epoch: 1, step: 10, loss: 0.1856, acc: 0.8398
2025-02-23 11:51:01,713 - epoch: 1, step: 20, loss: 0.4078, acc: 0.7818
2025-02-23 11:51:04,579 - epoch: 1, step: 30, loss: 0.2260, acc: 0.8454
2025-02-23 11:51:07,363 - epoch: 1, step: 40, loss: 0.3790, acc: 0.8686
2025-02-23 11:51:08,079 - train_loss:0.29058 train_acc:0.858
2025-02-23 11:51:09,213 - val_loss:0.45932 val_acc:0.833 

2025-02-23 11:51:10,497 - save model,acc:0.833
2025-02-23 11:51:10,498 - -----------Epoch:2-----------
2025-02-23 11:51:10,764 - epoch: 2, step: 0, loss: 0.0901, acc: 1.0000
2025-02-23 11:51:13,417 - epoch: 2, step: 10, loss: 0.2841, acc: 0.8824
2025-02-23 11:51:16,052 - epoch: 2, step: 20, loss: 0.0551, acc: 0.9800
2025-02-23 11:51:18,690 - epoch: 2, step: 30, loss: 0.2078, acc: 0.8320
2025-02-23 11:51:21,337 - epoch: 2, step: 40, loss: 0.3661, acc: 0.9000
2025-02-23 11:51:22,020 - train_loss:0.21326 train_acc:0.907
2025-02-23 11:51:23,278 - val_loss:0.53990 val_acc:0.787 

2025-02-23 11:51:23,278 - -----------Epoch:3-----------
2025-02-23 11:51:23,552 - epoch: 3, step: 0, loss: 0.0798, acc: 0.9706
2025-02-23 11:51:26,212 - epoch: 3, step: 10, loss: 0.0916, acc: 0.9615
2025-02-23 11:51:28,920 - epoch: 3, step: 20, loss: 0.1665, acc: 0.9630
2025-02-23 11:51:31,563 - epoch: 3, step: 30, loss: 0.1242, acc: 0.9500
2025-02-23 11:51:34,307 - epoch: 3, step: 40, loss: 0.0724, acc: 1.0000
2025-02-23 11:51:34,987 - train_loss:0.14843 train_acc:0.939
2025-02-23 11:51:36,115 - val_loss:0.57273 val_acc:0.808 

2025-02-23 11:51:36,115 - -----------Epoch:4-----------
2025-02-23 11:51:36,382 - epoch: 4, step: 0, loss: 0.0493, acc: 1.0000
2025-02-23 11:51:39,029 - epoch: 4, step: 10, loss: 0.0909, acc: 0.9722
2025-02-23 11:51:41,663 - epoch: 4, step: 20, loss: 0.1569, acc: 0.9091
2025-02-23 11:51:44,400 - epoch: 4, step: 30, loss: 0.2042, acc: 0.9167
2025-02-23 11:51:47,072 - epoch: 4, step: 40, loss: 0.1979, acc: 0.9400
2025-02-23 11:51:47,768 - train_loss:0.11929 train_acc:0.954
2025-02-23 11:51:48,906 - val_loss:0.49264 val_acc:0.838 

2025-02-23 11:51:50,207 - save model,acc:0.838
2025-02-23 11:51:50,207 - -----------Epoch:5-----------
2025-02-23 11:51:50,480 - epoch: 5, step: 0, loss: 0.0796, acc: 0.9750
2025-02-23 11:51:53,112 - epoch: 5, step: 10, loss: 0.0478, acc: 1.0000
2025-02-23 11:51:55,829 - epoch: 5, step: 20, loss: 0.0091, acc: 1.0000
2025-02-23 11:51:58,464 - epoch: 5, step: 30, loss: 0.0402, acc: 1.0000
2025-02-23 11:52:01,124 - epoch: 5, step: 40, loss: 0.1569, acc: 0.9227
2025-02-23 11:52:01,810 - train_loss:0.08194 train_acc:0.974
2025-02-23 11:52:02,943 - val_loss:0.54847 val_acc:0.811 

2025-02-23 11:52:02,943 - -----------Epoch:6-----------
2025-02-23 11:52:03,212 - epoch: 6, step: 0, loss: 0.1569, acc: 0.9750
2025-02-23 11:52:05,985 - epoch: 6, step: 10, loss: 0.1032, acc: 0.9600
2025-02-23 11:52:08,657 - epoch: 6, step: 20, loss: 0.0736, acc: 0.9815
2025-02-23 11:52:11,322 - epoch: 6, step: 30, loss: 0.0128, acc: 1.0000
2025-02-23 11:52:14,058 - epoch: 6, step: 40, loss: 0.1274, acc: 0.9583
2025-02-23 11:52:14,748 - train_loss:0.05205 train_acc:0.983
2025-02-23 11:52:15,875 - val_loss:0.80831 val_acc:0.826 

2025-02-23 11:52:15,875 - -----------Epoch:7-----------
2025-02-23 11:52:16,136 - epoch: 7, step: 0, loss: 0.1372, acc: 0.9762
2025-02-23 11:52:18,776 - epoch: 7, step: 10, loss: 0.0994, acc: 0.9545
2025-02-23 11:52:21,411 - epoch: 7, step: 20, loss: 0.0251, acc: 1.0000
2025-02-23 11:52:24,024 - epoch: 7, step: 30, loss: 0.0706, acc: 0.9545
2025-02-23 11:52:26,869 - epoch: 7, step: 40, loss: 0.0045, acc: 1.0000
2025-02-23 11:52:27,582 - train_loss:0.04399 train_acc:0.984
2025-02-23 11:52:28,739 - val_loss:0.62214 val_acc:0.825 

2025-02-23 11:52:30,685 - --------------------- test results-------------------------------
2025-02-23 11:52:30,686 - acc:0.7816414  prec:[0.89634144 0.6074074 ]  rec:[0.735      0.82828283]  f1:[0.8076923 0.7008547]
2025-02-23 11:52:30,686 - confusion: 
[[147  53]
 [ 17  82]]
2025-02-23 11:52:30,747 - the running time is: 110.5 s
